                       
         2             
         2     2       
   2     2             
Score = 0

[INFO] Chosen move: L

                       
   2                 2 
   4                   
   4                   
Score = 8

[INFO] Chosen move: L

                     2 
   4                   
   4                   
   4                   
Score = 12

[INFO] Chosen move: U

   8                 2 
   4                   
                       
                     2 
Score = 20

[INFO] Chosen move: U

   8                 4 
   4                   
                       
   2                   
Score = 24

[INFO] Chosen move: U

   8                 4 
   4                   
   2           2       
                       
Score = 24

[INFO] Chosen move: L

   8     4             
   4                   
   4                 2 
                       
Score = 28

[INFO] Chosen move: U

   8     4           2 
   8                 2 
                       
                       
Score = 36

[INFO] Chosen move: U

  16     4           4 
         2             
                       
                       
Score = 56

[INFO] Chosen move: L

  16     8             
   2                   
               2       
                       
Score = 64

[INFO] Chosen move: L

  16     8     2       
   2                   
   2                   
                       
Score = 64

[INFO] Chosen move: U

  16     8     2       
   4                   
               2       
                       
Score = 68

[INFO] Chosen move: U

  16     8     4       
   4                   
                       
                     2 
Score = 72

[INFO] Chosen move: L

  16     8     4       
   4                   
                     4 
   2                   
Score = 72

[INFO] Chosen move: U

  16     8     4     4 
   4                   
   2                 2 
                       
Score = 72

[INFO] Chosen move: L

  16     8     8       
   4     2             
   4                   
                       
Score = 84

[INFO] Chosen move: L

  16    16             
   4     2             
   4                   
               2       
Score = 100

[INFO] Chosen move: L

  32                   
   4     2           2 
   4                   
   2                   
Score = 132

[INFO] Chosen move: L

  32                   
   4     4             
   4     2             
   2                   
Score = 136

[INFO] Chosen move: L

  32                   
   8                   
   4     2             
   2     2             
Score = 144

[INFO] Chosen move: L

  32     2             
   8                   
   4     2             
   4                   
Score = 148

[INFO] Chosen move: U

  32     4     2       
   8                   
   8                   
                       
Score = 160

[INFO] Chosen move: U

  32     4     2       
  16     2             
                       
                       
Score = 176

[INFO] Chosen move: D

                       
                       
  32     4           2 
  16     2     2       
Score = 176

[INFO] Chosen move: U

  32     4     2     2 
  16     2             
               4       
                       
Score = 176

[INFO] Chosen move: L

  32     4     4       
  16     2             
   4                   
               2       
Score = 180

[INFO] Chosen move: U

  32     4     4       
  16     2     2       
   4     2             
                       
Score = 180

[INFO] Chosen move: U

  32     4     4       
  16     4     2     4 
   4                   
                       
Score = 184

[INFO] Chosen move: U

  32     8     4     4 
  16           2       
   4                   
   2                   
Score = 192

[INFO] Chosen move: L

  32     8     8       
  16     2             
   4                   
   2           2       
Score = 200

[INFO] Chosen move: L

  32    16             
  16     2           2 
   4                   
   4                   
Score = 220

[INFO] Chosen move: L

  32    16             
  16     4           2 
   4                   
   4                   
Score = 224

[INFO] Chosen move: L

  32    16             
  16     4     2       
   4                   
   4     2             
Score = 224

[INFO] Chosen move: U

  32    16     2       
  16     4             
   8     2             
   2                   
Score = 232

[INFO] Chosen move: D

  32                   
  16    16             
   8     4             
   2     2     2     2 
Score = 232

[INFO] Chosen move: L

  32                   
  32                   
   8     4             
   4     4     2       
Score = 272

[INFO] Chosen move: L

  32           2       
  32                   
   8     4             
   8     2             
Score = 280

[INFO] Chosen move: U

  64     4     2       
  16     2             
               2       
                       
Score = 360

[INFO] Chosen move: U

  64     4     4       
  16     2             
                       
                     2 
Score = 364

[INFO] Chosen move: L

  64     8             
  16     2             
   2                   
   2                   
Score = 372

[INFO] Chosen move: U

  64     8             
  16     2             
   4                   
                     2 
Score = 376

[INFO] Chosen move: L

  64     8             
  16     2           2 
   4                   
   2                   
Score = 376

[INFO] Chosen move: L

  64     8           2 
  16     4             
   4                   
   2                   
Score = 380

[INFO] Chosen move: L

  64     8     2       
  16     4             
   4                 2 
   2                   
Score = 380

[INFO] Chosen move: U

  64     8     2     2 
  16     4           2 
   4                   
   2                   
Score = 380

[INFO] Chosen move: L

  64     8     4       
  16     4     2       
   4           2       
   2                   
Score = 384

[INFO] Chosen move: U

  64     8     4       
  16     4     4       
   4                 2 
   2                   
Score = 388

[INFO] Chosen move: U

  64     8     8     2 
  16     4             
   4                   
   2                 2 
Score = 396

[INFO] Chosen move: L

  64    16     2       
  16     4             
   4                   
   4     2             
Score = 416

[INFO] Chosen move: U

  64    16     2       
  16     4             
   8     2     2       
                       
Score = 424

[INFO] Chosen move: L

  64    16     2     2 
  16     4             
   8     4             
                       
Score = 428

[INFO] Chosen move: U

  64    16     2     2 
  16     8             
   8                   
                     2 
Score = 436

[INFO] Chosen move: L

  64    16     4       
  16     8             
   8                 2 
   2                   
Score = 440

[INFO] Chosen move: L

  64    16     4       
  16     8     2       
   8     2             
   2                   
Score = 440

[INFO] Chosen move: D

  64                   
  16    16             
   8     8     4     4 
   2     2     2       
Score = 440

[INFO] Chosen move: L

  64                   
  32     2             
  16     8             
   4     2             
Score = 500

[INFO] Chosen move: U

  64     2             
  32     8             
  16     2     4       
   4                   
Score = 500

[INFO] Chosen move: U

  64     2     4       
  32     8           2 
  16     2             
   4                   
Score = 500

[INFO] Chosen move: U

  64     2     4     2 
  32     8             
  16     2     2       
   4                   
Score = 500

[INFO] Chosen move: R

  64     2     4     2 
              32     8 
              16     4 
   2                 4 
Score = 504

[INFO] Chosen move: L

  64     2     4     2 
  32     8             
  16     4             
   2     4     2       
Score = 504

[INFO] Chosen move: D

  64                   
  32     2             
  16     8     4     2 
   2     8     2     2 
Score = 512

[INFO] Chosen move: U

  64     2     4     4 
  32    16     2       
  16           2       
   2                   
Score = 532

[INFO] Chosen move: D

  64                   
  32                 2 
  16     2     4       
   2    16     4     4 
Score = 536

[INFO] Chosen move: U

  64     2     8     2 
  32    16           4 
  16     2             
   2                   
Score = 544

[INFO] Chosen move: D

  64                   
  32     2           2 
  16    16           2 
   2     2     8     4 
Score = 544

[INFO] Chosen move: D

  64                   
  32     2     4       
  16    16           4 
   2     2     8     4 
Score = 548

[INFO] Chosen move: D

  64                   
  32     2             
  16    16     4     4 
   2     2     8     8 
Score = 556

[INFO] Chosen move: L

  64     2             
  32     2             
  32     8             
   4    16             
Score = 616

[INFO] Chosen move: U

  64     4             
  64     8           2 
   4    16             
                       
Score = 684

[INFO] Chosen move: U

 128     4           2 
   4     8             
        16     2       
                       
Score = 812

[INFO] Chosen move: U

 128     4     2     2 
   4     8             
        16             
   4                   
Score = 812

[INFO] Chosen move: U

 128     4     2     2 
   8     8             
        16             
                     4 
Score = 820

[INFO] Chosen move: L

 128     4     4       
  16                   
  16     2             
   4                   
Score = 840

[INFO] Chosen move: U

 128     4     4     2 
  32     2             
   4                   
                       
Score = 872

[INFO] Chosen move: L

 128     8     2       
  32     2             
   4                   
         4             
Score = 880

[INFO] Chosen move: L

 128     8     2     2 
  32     2             
   4                   
   4                   
Score = 880

[INFO] Chosen move: L

 128     8     4       
  32     2             
   4           4       
   4                   
Score = 884

[INFO] Chosen move: U

 128     8     8       
  32     2             
   8                   
         2             
Score = 900

[INFO] Chosen move: U

 128     8     8       
  32     4             
   8                   
               4       
Score = 904

[INFO] Chosen move: U

 128     8     8       
  32     4     4       
   8                   
               2       
Score = 904

[INFO] Chosen move: L

 128    16     2       
  32     8             
   8                   
   2                   
Score = 928

[INFO] Chosen move: D

 128                   
  32                   
   8    16     2       
   2     8     2       
Score = 928

[INFO] Chosen move: U

 128    16     4       
  32     8             
   8     4             
   2                   
Score = 932

[INFO] Chosen move: D

 128                   
  32    16             
   8     8             
   2     4     4     2 
Score = 932

[INFO] Chosen move: L

 128                   
  32    16             
  16                   
   2     8     2     2 
Score = 956

[INFO] Chosen move: D

 128                   
  32                   
  16    16     4       
   2     8     2     2 
Score = 956

[INFO] Chosen move: L

 128           2       
  32                   
  32     4             
   2     8     4       
Score = 992

[INFO] Chosen move: U

 128     4     2       
  64     8     4       
   2                   
         2             
Score = 1056

[INFO] Chosen move: U

 128     4     2       
  64     8     4       
   2     2             
         4             
Score = 1056

[INFO] Chosen move: L

 128     4     2       
  64     8     4       
   4                   
   4     2             
Score = 1060

[INFO] Chosen move: U

 128     4     2       
  64     8     4       
   8     2             
   4                   
Score = 1068

[INFO] Chosen move: D

 128                   
  64     4     2       
   8     8     2       
   4     2     4       
Score = 1068

[INFO] Chosen move: L

 128                   
  64     4     2     2 
  16     2             
   4     2     4       
Score = 1084

[INFO] Chosen move: L

 128                   
  64     4     4       
  16     2             
   4     2     4     2 
Score = 1088

[INFO] Chosen move: D

 128     2             
  64                   
  16     4             
   4     4     8     2 
Score = 1100

[INFO] Chosen move: L

 128     2             
  64                 2 
  16     4             
   8     8     2       
Score = 1108

[INFO] Chosen move: D

 128                   
  64     2           2 
  16     4             
   8     8     2     2 
Score = 1108

[INFO] Chosen move: L

 128                 2 
  64     4             
  16     4             
  16     4             
Score = 1132

[INFO] Chosen move: U

 128     8           2 
  64     4             
  32           2       
                       
Score = 1172

[INFO] Chosen move: U

 128     8     2     2 
  64     4             
  32           2       
                       
Score = 1172

[INFO] Chosen move: D

   4                   
 128                   
  64     8             
  32     4     4     2 
Score = 1176

[INFO] Chosen move: L

   4                   
 128                   
  64     8           2 
  32     8     2       
Score = 1184

[INFO] Chosen move: L

   4                   
 128                   
  64     8     2     2 
  32     8     2       
Score = 1184

[INFO] Chosen move: D

   4                   
 128                   
  64           2       
  32    16     4     2 
Score = 1204

[INFO] Chosen move: L

   4                   
 128           4       
  64     2             
  32    16     4     2 
Score = 1204

[INFO] Chosen move: D

   4                   
 128     2             
  64     2             
  32    16     8     2 
Score = 1212

[INFO] Chosen move: U

   4     4     8     2 
 128    16             
  64                   
  32     4             
Score = 1216

[INFO] Chosen move: L

   8     8     2       
 128    16     2       
  64                   
  32     4             
Score = 1224

[INFO] Chosen move: D

   8                   
 128     8             
  64    16             
  32     4     4     2 
Score = 1228

[INFO] Chosen move: R

         2           8 
             128     8 
              64    16 
        32     8     2 
Score = 1236

[INFO] Chosen move: L

   2     8             
 128     8             
  64    16     2       
  32     8     2       
Score = 1236

[INFO] Chosen move: D

   2     4             
 128    16             
  64    16             
  32     8     4       
Score = 1256

[INFO] Chosen move: U

   2     4     4     2 
 128    32             
  64     8             
  32                   
Score = 1288

[INFO] Chosen move: L

   2     8     2       
 128    32             
  64     8     2       
  32                   
Score = 1296

[INFO] Chosen move: U

   2     8     4       
 128    32             
  64     8             
  32     2             
Score = 1300

[INFO] Chosen move: D

   2     8             
 128    32           2 
  64     8             
  32     2     4       
Score = 1300

[INFO] Chosen move: D

   2     8     4       
 128    32             
  64     8             
  32     2     4     2 
Score = 1300

[INFO] Chosen move: U

   2     8     8     2 
 128    32             
  64     8           4 
  32     2             
Score = 1308

[INFO] Chosen move: L

   2    16     2     4 
 128    32             
  64     8     4       
  32     2             
Score = 1324

[INFO] Chosen move: D

   2    16             
 128    32             
  64     8     2     4 
  32     2     4     4 
Score = 1324

[INFO] Chosen move: D

   2    16             
 128    32             
  64     8     2     2 
  32     2     4     8 
Score = 1332

[INFO] Chosen move: U

   2    16     2     2 
 128    32     4     8 
  64     8     2       
  32     2             
Score = 1332

[INFO] Chosen move: R

         2    16     4 
 128    32     4     8 
   2    64     8     2 
              32     2 
Score = 1336

[INFO] Chosen move: D

   4          16       
         2     4     4 
 128    32     8     8 
   2    64    32     4 
Score = 1340

[INFO] Chosen move: R

               4    16 
   2           2     8 
       128    32    16 
   2    64    32     4 
Score = 1364

[INFO] Chosen move: R

               4    16 
               4     8 
   2   128    32    16 
   2    64    32     4 
Score = 1368

[INFO] Chosen move: U

   4   128     8    16 
        64    64     8 
                    16 
               2     4 
Score = 1444

[INFO] Chosen move: L

   4   128     8    16 
 128     8             
  16                   
   2     4     2       
Score = 1572

[INFO] Chosen move: U

   4   128     8    16 
 128     8     2     2 
  16     4             
   2                   
Score = 1572

[INFO] Chosen move: R

   4   128     8    16 
   4   128     8     4 
              16     4 
                     2 
Score = 1576

[INFO] Chosen move: U

   8   256    16    16 
              16     8 
         2           2 
                       
Score = 1864

[INFO] Chosen move: R

         8   256    32 
              16     8 
                     4 
         2             
Score = 1900

[INFO] Chosen move: R

   4     8   256    32 
              16     8 
                     4 
                     2 
Score = 1900

[INFO] Chosen move: L

   4     8   256    32 
  16     8             
   4                   
   2     4             
Score = 1900

[INFO] Chosen move: U

   4    16   256    32 
  16     4             
   4                   
   2     2             
Score = 1916

[INFO] Chosen move: R

   4    16   256    32 
              16     4 
   4                 4 
                     4 
Score = 1920

[INFO] Chosen move: U

   8    16   256    32 
              16     8 
   4                 4 
                       
Score = 1936

[INFO] Chosen move: R

   8    16   256    32 
              16     8 
         2           8 
                       
Score = 1944

[INFO] Chosen move: U

   8    16   256    32 
         2    16    16 
               2       
                       
Score = 1960

[INFO] Chosen move: R

   8    16   256    32 
         4     2    32 
                     2 
                       
Score = 1992

[INFO] Chosen move: U

   8    16   256    64 
         4     2     2 
                       
   2                   
Score = 2056

[INFO] Chosen move: L

   8    16   256    64 
   4     4             
   4                   
   2                   
Score = 2060

[INFO] Chosen move: L

   8    16   256    64 
   8                   
   4                   
   2                 2 
Score = 2068

[INFO] Chosen move: U

  16    16   256    64 
   4                 2 
   2                   
                     2 
Score = 2084

[INFO] Chosen move: U

  16    16   256    64 
   4                 4 
   2                   
                     4 
Score = 2088

[INFO] Chosen move: U

  16    16   256    64 
   4                 8 
   2           2       
                       
Score = 2096

[INFO] Chosen move: L

  32   256    64       
   4     8             
   4                   
         2             
Score = 2132

[INFO] Chosen move: U

  32   256    64       
   8     8             
         2             
   2                   
Score = 2140

[INFO] Chosen move: R

        32   256    64 
         2          16 
                     2 
                     2 
Score = 2156

[INFO] Chosen move: U

        32   256    64 
         2          16 
                     4 
                     2 
Score = 2160

[INFO] Chosen move: R

        32   256    64 
               2    16 
         2           4 
                     2 
Score = 2160

[INFO] Chosen move: U

        32   256    64 
         2     2    16 
         2           4 
                     2 
Score = 2160

[INFO] Chosen move: L

  32   256    64       
   4    16             
   2     4             
   2     2             
Score = 2164

[INFO] Chosen move: D

       256             
  32    16             
   4     4     2       
   4     2    64       
Score = 2168

[INFO] Chosen move: L

 256                   
  32    16             
   8     2           4 
   4     2    64       
Score = 2176

[INFO] Chosen move: D

 256                   
  32                   
   8    16           2 
   4     4    64     4 
Score = 2180

[INFO] Chosen move: L

 256                   
  32                 2 
   8    16     2       
   8    64     4       
Score = 2188

[INFO] Chosen move: U

 256    16     2     2 
  32    64     4       
  16                   
   2                   
Score = 2204

[INFO] Chosen move: L

 256    16     4       
  32    64     4       
  16     2             
   2                   
Score = 2208

[INFO] Chosen move: D

 256                   
  32    16     2       
  16    64             
   2     2     8       
Score = 2216

[INFO] Chosen move: L

 256     4             
  32    16     2       
  16    64             
   4     8             
Score = 2220

[INFO] Chosen move: D

 256     4             
  32    16     2       
  16    64             
   4     8     2       
Score = 2220

[INFO] Chosen move: U

 256     4     4       
  32    16             
  16    64     2       
   4     8             
Score = 2224

[INFO] Chosen move: L

 256     8             
  32    16             
  16    64     2     4 
   4     8             
Score = 2232

[INFO] Chosen move: U

 256     8     2     4 
  32    16             
  16    64     2       
   4     8             
Score = 2232

[INFO] Chosen move: U

 256     8     4     4 
  32    16             
  16    64             
   4     8           2 
Score = 2236

[INFO] Chosen move: L

 256     8     8       
  32    16     4       
  16    64             
   4     8     2       
Score = 2244

[INFO] Chosen move: L

 256    16     4       
  32    16     4       
  16    64             
   4     8     2       
Score = 2260

[INFO] Chosen move: D

 256                   
  32    32             
  16    64     8       
   4     8     2     4 
Score = 2300

[INFO] Chosen move: L

 256                   
  64                 2 
  16    64     8       
   4     8     2     4 
Score = 2364

[INFO] Chosen move: D

 256                 2 
  64                   
  16    64     8     2 
   4     8     2     4 
Score = 2364

[INFO] Chosen move: U

 256    64     8     4 
  64     8     2     4 
  16                   
   4     2             
Score = 2368

[INFO] Chosen move: D

 256     4             
  64    64             
  16     8     8       
   4     2     2     8 
Score = 2376

[INFO] Chosen move: L

 256     4             
 128                   
  16    16           2 
   4     4     8       
Score = 2524

[INFO] Chosen move: L

 256     4             
 128                   
  32     2           2 
   8     8             
Score = 2564

[INFO] Chosen move: L

 256     4             
 128                   
  32     4             
  16                 2 
Score = 2584

[INFO] Chosen move: U

 256     8           2 
 128                   
  32                   
  16                 2 
Score = 2592

[INFO] Chosen move: U

 256     8           4 
 128                   
  32                 2 
  16                   
Score = 2596

[INFO] Chosen move: L

 256     8     4       
 128                   
  32     2             
  16           2       
Score = 2596

[INFO] Chosen move: L

 256     8     4       
 128                 4 
  32     2             
  16     2             
Score = 2596

[INFO] Chosen move: D

 256     2             
 128                   
  32     8             
  16     4     4     4 
Score = 2600

[INFO] Chosen move: L

 256     2             
 128                 2 
  32     8             
  16     8     4       
Score = 2608

[INFO] Chosen move: D

 256                   
 128                 2 
  32     2             
  16    16     4     2 
Score = 2624

[INFO] Chosen move: D

 256           2       
 128                   
  32     2             
  16    16     4     4 
Score = 2628

[INFO] Chosen move: D

 256                   
 128                 2 
  32     2     2       
  16    16     4     4 
Score = 2628

[INFO] Chosen move: L

 256                   
 128     2     2       
  32     4             
  32     8             
Score = 2672

[INFO] Chosen move: L

 256                   
 128     4             
  32     4             
  32     8     4       
Score = 2676

[INFO] Chosen move: U

 256     8     4       
 128     8             
  64                 2 
                       
Score = 2748

[INFO] Chosen move: L

 256     8     4       
 128     8     2       
  64     2             
                       
Score = 2748

[INFO] Chosen move: U

 256    16     4       
 128     2     2       
  64                   
                     2 
Score = 2764

[INFO] Chosen move: L

 256    16     4       
 128     4     4       
  64                   
   2                   
Score = 2768

[INFO] Chosen move: L

 256    16     4       
 128     8             
  64                 2 
   2                   
Score = 2776

[INFO] Chosen move: L

 256    16     4       
 128     8             
  64     2             
   2                 4 
Score = 2776

[INFO] Chosen move: D

 256     2             
 128    16             
  64     8             
   2     2     4     4 
Score = 2776

[INFO] Chosen move: L

 256     2             
 128    16             
  64     8             
   4     8     2       
Score = 2788

[INFO] Chosen move: U

 256     2     2       
 128    16             
  64    16     2       
   4                   
Score = 2804

[INFO] Chosen move: L

 256     4             
 128    16           4 
  64    16     2       
   4                   
Score = 2808

[INFO] Chosen move: D

 256                   
 128                   
  64     4           2 
   4    32     2     4 
Score = 2840

[INFO] Chosen move: L

 256                   
 128                 2 
  64     4     2       
   4    32     2     4 
Score = 2840

[INFO] Chosen move: D

 256     2             
 128                   
  64     4           2 
   4    32     4     4 
Score = 2844

[INFO] Chosen move: D

 256                 4 
 128     2             
  64     4           2 
   4    32     4     4 
Score = 2844

[INFO] Chosen move: L

 256     4             
 128     2             
  64     4     2       
   4    32     8     2 
Score = 2852

[INFO] Chosen move: U

 256     4     2     2 
 128     2     8       
  64     4           2 
   4    32             
Score = 2852

[INFO] Chosen move: D

 256     4     2       
 128     2             
  64     4     2       
   4    32     8     4 
Score = 2856

[INFO] Chosen move: D

 256     4             
 128     2     2       
  64     4     4       
   4    32     8     4 
Score = 2860

[INFO] Chosen move: L

 256     4             
 128     4           2 
  64     8             
   4    32     8     4 
Score = 2872

[INFO] Chosen move: U

 256     8     8     2 
 128     8     2     4 
  64    32             
   4                   
Score = 2880

[INFO] Chosen move: U

 256    16     8     2 
 128    32     2     4 
  64                 2 
   4                   
Score = 2896

[INFO] Chosen move: L

 256    16     8     2 
 128    32     2     4 
  64     2             
   4           2       
Score = 2896

[INFO] Chosen move: U

 256    16     8     2 
 128    32     4     4 
  64     2           2 
   4                   
Score = 2900

[INFO] Chosen move: L

 256    16     8     2 
 128    32     8     2 
  64     4             
   4                   
Score = 2912

[INFO] Chosen move: U

 256    16    16     4 
 128    32           2 
  64     4             
   4                   
Score = 2932

[INFO] Chosen move: L

 256    32     4       
 128    32     2       
  64     4           2 
   4                   
Score = 2964

[INFO] Chosen move: D

 256                   
 128                 2 
  64    64     4       
   4     4     2     2 
Score = 3028

[INFO] Chosen move: L

 256                   
 128     2             
 128     4             
   8     4           2 
Score = 3168

[INFO] Chosen move: U

 256     2           2 
 256     8     2       
   8                   
                       
Score = 3432

[INFO] Chosen move: U

 512     2     2     2 
   8     8           4 
                       
                       
Score = 3944

[INFO] Chosen move: L

 512     4     2       
  16     4             
                     2 
                       
Score = 3964

[INFO] Chosen move: U

 512     8     2     2 
  16                   
               2       
                       
Score = 3972

[INFO] Chosen move: U

 512     8     4     2 
  16                   
                       
         4             
Score = 3976

[INFO] Chosen move: L

 512     8     4     2 
  16                   
                       
   4                 2 
Score = 3976

[INFO] Chosen move: U

 512     8     4     4 
  16                   
   4                 2 
                       
Score = 3980

[INFO] Chosen move: L

 512     8     8       
  16                   
   4     2             
   4                   
Score = 3988

[INFO] Chosen move: U

 512     8     8       
  16     2             
   8                 2 
                       
Score = 3996

[INFO] Chosen move: L

 512    16             
  16     2             
   8     2     4       
                       
Score = 4012

[INFO] Chosen move: D

         2             
 512                   
  16    16             
   8     4     4       
Score = 4016

[INFO] Chosen move: U

 512     2     4       
  16    16             
   8     4             
               2       
Score = 4016

[INFO] Chosen move: L

 512     2     4       
  32     4             
   8     4             
   2                   
Score = 4048

[INFO] Chosen move: D

 512     2             
  32                   
   8     2             
   2     8     4       
Score = 4056

[INFO] Chosen move: U

 512     4     4       
  32     8             
   8           2       
   2                   
Score = 4060

[INFO] Chosen move: L

 512     8     2       
  32     8             
   8     2             
   2                   
Score = 4068

[INFO] Chosen move: U

 512    16     2       
  32     2     4       
   8                   
   2                   
Score = 4084

[INFO] Chosen move: D

 512                   
  32           2       
   8    16     2       
   2     2     4       
Score = 4084

[INFO] Chosen move: U

 512    16     4       
  32     2     4       
   8     2             
   2                   
Score = 4088

[INFO] Chosen move: U

 512    16     8       
  32     4             
   8                 2 
   2                   
Score = 4100

[INFO] Chosen move: L

 512    16     8       
  32     4     2       
   8     2             
   2                   
Score = 4100

[INFO] Chosen move: D

 512                   
  32    16             
   8     4     8     2 
   2     2     2       
Score = 4100

[INFO] Chosen move: L

 512                   
  32    16           2 
   8     4     8     2 
   4     2             
Score = 4104

[INFO] Chosen move: U

 512    16     8     4 
  32     4     2       
   8     2             
   4                   
Score = 4108

[INFO] Chosen move: D

 512                 2 
  32    16             
   8     4     8       
   4     2     2     4 
Score = 4108

[INFO] Chosen move: L

 512     2     4       
  32    16             
   8     4     8       
   4     4     4       
Score = 4112

[INFO] Chosen move: L

 512     2     4       
  32    16             
   8     4     8     2 
   8     4             
Score = 4120

[INFO] Chosen move: U

 512     2     4     2 
  32    16     8       
  16     8           2 
                       
Score = 4144

[INFO] Chosen move: U

 512     2     4     4 
  32    16     8       
  16     8             
                     2 
Score = 4148

[INFO] Chosen move: L

 512     2     8       
  32    16     8       
  16     8           2 
   2                   
Score = 4156

[INFO] Chosen move: D

 512                   
  32     2             
  16    16           2 
   2     8    16     2 
Score = 4172

[INFO] Chosen move: L

 512                   
  32     2           2 
  32     2             
   2     8    16     2 
Score = 4204

[INFO] Chosen move: U

 512     4    16     4 
  64     8             
   2                   
                     2 
Score = 4276

[INFO] Chosen move: L

 512     4    16     4 
  64     8     2       
   2                   
   2                   
Score = 4276

[INFO] Chosen move: R

 512     4    16     4 
        64     8     2 
                     2 
               2     2 
Score = 4276

[INFO] Chosen move: U

 512     4    16     4 
        64     8     4 
   2           2     2 
                       
Score = 4280

[INFO] Chosen move: R

 512     4    16     4 
        64     8     4 
   4           2     4 
                       
Score = 4284

[INFO] Chosen move: U

 512     4    16     8 
   4    64     8     4 
               2       
         2             
Score = 4292

[INFO] Chosen move: L

 512     4    16     8 
   4    64     8     4 
   2                   
   2           2       
Score = 4292

[INFO] Chosen move: L

 512     4    16     8 
   4    64     8     4 
   2                 2 
   4                   
Score = 4296

[INFO] Chosen move: R

 512     4    16     8 
   4    64     8     4 
                     4 
   2                 4 
Score = 4300

[INFO] Chosen move: U

 512     4    16     8 
   4    64     8     8 
   2           2     4 
                       
Score = 4308

[INFO] Chosen move: L

 512     4    16     8 
   4    64    16       
   4     4           2 
                       
Score = 4328

[INFO] Chosen move: R

 512     4    16     8 
         4    64    16 
               8     2 
         2             
Score = 4336

[INFO] Chosen move: R

 512     4    16     8 
   2     4    64    16 
               8     2 
                     2 
Score = 4336

[INFO] Chosen move: U

 512     8    16     8 
   2          64    16 
               8     4 
         2             
Score = 4348

[INFO] Chosen move: U

 512     8    16     8 
   2     2    64    16 
               8     4 
         2             
Score = 4348

[INFO] Chosen move: L

 512     8    16     8 
   4    64    16       
   8     4             
   2     2             
Score = 4352

[INFO] Chosen move: U

 512     8    32     8 
   4    64           2 
   8     4             
   2     2             
Score = 4384

[INFO] Chosen move: R

 512     8    32     8 
         4    64     2 
   4           8     4 
                     4 
Score = 4388

[INFO] Chosen move: U

 512     8    32     8 
   4     4    64     2 
               8     8 
         4             
Score = 4396

[INFO] Chosen move: R

 512     8    32     8 
         8    64     2 
                    16 
   4                 4 
Score = 4420

[INFO] Chosen move: R

 512     8    32     8 
         8    64     2 
                    16 
   2                 8 
Score = 4428

[INFO] Chosen move: U

 512    16    32     8 
   2          64     2 
                    16 
               2     8 
Score = 4444

[INFO] Chosen move: U

 512    16    32     8 
   2     2    64     2 
               2    16 
                     8 
Score = 4444

[INFO] Chosen move: R

 512    16    32     8 
         4    64     2 
               2    16 
               2     8 
Score = 4448

[INFO] Chosen move: U

 512    16    32     8 
         4    64     2 
   2           4    16 
                     8 
Score = 4452

[INFO] Chosen move: U

 512    16    32     8 
   2     4    64     2 
               4    16 
         2           8 
Score = 4452

[INFO] Chosen move: R

 512    16    32     8 
   2     4    64     2 
         4     4    16 
               2     8 
Score = 4452

[INFO] Chosen move: R

 512    16    32     8 
   2     4    64     2 
         4     8    16 
               2     8 
Score = 4460

[INFO] Chosen move: U

 512    16    32     8 
   2     8    64     2 
               8    16 
         2     2     8 
Score = 4468

[INFO] Chosen move: U

 512    16    32     8 
   2     8    64     2 
   2     2     8    16 
               2     8 
Score = 4468

[INFO] Chosen move: L

 512    16    32     8 
   2     8    64     2 
   4     8    16       
   2     8           2 
Score = 4472

[INFO] Chosen move: U

 512    16    32     8 
   2    16    64     4 
   4     8    16       
   2           2       
Score = 4492

[INFO] Chosen move: R

 512    16    32     8 
   2    16    64     4 
         4     8    16 
         2           4 
Score = 4496

[INFO] Chosen move: R

 512    16    32     8 
   2    16    64     4 
   2     4     8    16 
               2     4 
Score = 4496

[INFO] Chosen move: U

 512    32    32     8 
   4     4    64     4 
         2     8    16 
               2     4 
Score = 4532

[INFO] Chosen move: L

 512    64     8       
   8    64     4       
   2     8    16     2 
   2     4             
Score = 4604

[INFO] Chosen move: U

 512   128     8     2 
   8     8     4       
   4     4    16       
                     2 
Score = 4736

[INFO] Chosen move: L

 512   128     8     2 
  16     4             
   8    16           2 
   2                   
Score = 4760

[INFO] Chosen move: U

 512   128     8     4 
  16     4           2 
   8    16             
   2                   
Score = 4764

[INFO] Chosen move: L

 512   128     8     4 
  16     4     2       
   8    16     4       
   2                   
Score = 4764

[INFO] Chosen move: R

 512   128     8     4 
        16     4     2 
         8    16     4 
               2     2 
Score = 4764

[INFO] Chosen move: L

 512   128     8     4 
  16     4     2       
   8    16     4     4 
   4                   
Score = 4768

[INFO] Chosen move: U

 512   128     8     8 
  16     4     2       
   8    16     4       
   4           2       
Score = 4776

[INFO] Chosen move: L

 512   128    16       
  16     4     2       
   8    16     4     2 
   4     2             
Score = 4792

[INFO] Chosen move: U

 512   128    16     2 
  16     4     2     2 
   8    16     4       
   4     2             
Score = 4792

[INFO] Chosen move: L

 512   128    16     2 
  16     4     4       
   8    16     4       
   4     2           2 
Score = 4796

[INFO] Chosen move: R

 512   128    16     2 
              16     8 
         8    16     4 
   2           4     4 
Score = 4808

[INFO] Chosen move: U

 512   128    32     2 
   2     8    16     8 
   2           4     8 
                       
Score = 4848

[INFO] Chosen move: U

 512   128    32     2 
   4     8    16    16 
   2           4       
                       
Score = 4868

[INFO] Chosen move: L

 512   128    32     2 
   4     8    32     4 
   2     4             
                       
Score = 4900

[INFO] Chosen move: R

 512   128    32     2 
   4     8    32     4 
         4     2     4 
                       
Score = 4900

[INFO] Chosen move: U

 512   128    64     2 
   4     8     2     8 
   2     4             
                       
Score = 4972

[INFO] Chosen move: R

 512   128    64     2 
   4     8     2     8 
               2     4 
         2             
Score = 4972

[INFO] Chosen move: R

 512   128    64     2 
   4     8     2     8 
               2     4 
         4           2 
Score = 4972

[INFO] Chosen move: U

 512   128    64     2 
   4     8     4     8 
         4           4 
   2                 2 
Score = 4976

[INFO] Chosen move: R

 512   128    64     2 
   4     8     4     8 
                     8 
               2     4 
Score = 4988

[INFO] Chosen move: U

 512   128    64     2 
   4     8     4    16 
               2     4 
                     2 
Score = 5004

[INFO] Chosen move: L

 512   128    64     2 
   4     8     4    16 
   2     4             
   2           2       
Score = 5004

[INFO] Chosen move: U

 512   128    64     2 
   4     8     4    16 
   4     4     2       
               4       
Score = 5008

[INFO] Chosen move: U

 512   128    64     2 
   8     8     4    16 
         4     2       
   2           4       
Score = 5016

[INFO] Chosen move: R

 512   128    64     2 
        16     4    16 
   2           4     2 
               2     4 
Score = 5032

[INFO] Chosen move: L

 512   128    64     2 
  16     4    16       
   2     4     2       
   2     4     2       
Score = 5032

[INFO] Chosen move: U

 512   128    64     2 
  16     8    16       
   4     4     4       
               2       
Score = 5048

[INFO] Chosen move: R

 512   128    64     2 
        16     8    16 
         2     4     8 
                     2 
Score = 5056

[INFO] Chosen move: L

 512   128    64     2 
  16     8    16     2 
   2     4     8       
   2                   
Score = 5056

[INFO] Chosen move: U

 512   128    64     4 
  16     8    16       
   4     4     8       
   4                   
Score = 5064

[INFO] Chosen move: L

 512   128    64     4 
  16     8    16       
   8     8             
   4     2             
Score = 5072

[INFO] Chosen move: U

 512   128    64     4 
  16    16    16     2 
   8     2             
   4                   
Score = 5088

[INFO] Chosen move: R

 512   128    64     4 
   4    16    32     2 
               8     2 
                     4 
Score = 5120

[INFO] Chosen move: U

 512   128    64     4 
   4    16    32     4 
               8     4 
                     2 
Score = 5124

[INFO] Chosen move: U

 512   128    64     8 
   4    16    32     4 
   2           8     2 
                       
Score = 5132

[INFO] Chosen move: L

 512   128    64     8 
   4    16    32     4 
   2     8     2       
         4             
Score = 5132

[INFO] Chosen move: L

 512   128    64     8 
   4    16    32     4 
   2     8     2       
   4                 4 
Score = 5132

[INFO] Chosen move: R

 512   128    64     8 
   4    16    32     4 
         2     8     2 
   2                 8 
Score = 5140

[INFO] Chosen move: L

 512   128    64     8 
   4    16    32     4 
   2     8     2       
   2     8           4 
Score = 5140

[INFO] Chosen move: U

 512   128    64     8 
   4    16    32     8 
   4    16     2       
                     2 
Score = 5168

[INFO] Chosen move: U

 512   128    64    16 
   8    32    32     2 
         2     2       
                       
Score = 5224

[INFO] Chosen move: L

 512   128    64    16 
   8    64     2       
   4                   
         2             
Score = 5292

[INFO] Chosen move: L

 512   128    64    16 
   8    64     2       
   4                   
   2     2             
Score = 5292

[INFO] Chosen move: L

 512   128    64    16 
   8    64     2       
   4                   
   4                 4 
Score = 5296

[INFO] Chosen move: U

 512   128    64    16 
   8    64     2     4 
   8                 2 
                       
Score = 5304

[INFO] Chosen move: U

 512   128    64    16 
  16    64     2     4 
                     2 
               2       
Score = 5320

[INFO] Chosen move: U

 512   128    64    16 
  16    64     4     4 
                     2 
         2             
Score = 5324

[INFO] Chosen move: R

 512   128    64    16 
        16    64     8 
                     2 
   4                 2 
Score = 5332

[INFO] Chosen move: U

 512   128   128    16 
   4    16           8 
         4           4 
                       
Score = 5464

[INFO] Chosen move: R

       512   256    16 
         4    16     8 
                     8 
                     2 
Score = 5728

[INFO] Chosen move: U

       512   256    16 
         4    16    16 
         4           2 
                       
Score = 5744

[INFO] Chosen move: U

       512   256    32 
         8    16     2 
               4       
                       
Score = 5784

[INFO] Chosen move: L

 512   256    32       
   8    16     2       
   4                   
               4       
Score = 5784

[INFO] Chosen move: L

 512   256    32       
   8    16     2       
   4                 2 
   4                   
Score = 5784

[INFO] Chosen move: U

 512   256    32     2 
   8    16     2       
   8           4       
                       
Score = 5792

[INFO] Chosen move: U

 512   256    32     2 
  16    16     2       
               4       
               4       
Score = 5808

[INFO] Chosen move: L

 512   256    32     2 
  32     2             
   4                 2 
   4                   
Score = 5840

[INFO] Chosen move: U

 512   256    32     4 
  32     2             
   8                   
                     4 
Score = 5852

[INFO] Chosen move: U

 512   256    32     8 
  32     2             
   8     2             
                       
Score = 5860

[INFO] Chosen move: R

 512   256    32     8 
              32     2 
         4     8     2 
                       
Score = 5860

[INFO] Chosen move: U

 512   256    64     8 
   2     4     8     4 
                       
                       
Score = 5928

[INFO] Chosen move: D

                       
         2             
 512   256    64     8 
   2     4     8     4 
Score = 5928

[INFO] Chosen move: U

 512     2    64     8 
   2   256     8     4 
         4           2 
                       
Score = 5928

[INFO] Chosen move: L

 512     2    64     8 
   2   256     8     4 
   4     2             
               2       
Score = 5928

[INFO] Chosen move: R

 512     2    64     8 
   2   256     8     4 
               4     2 
               2     2 
Score = 5928

[INFO] Chosen move: U

 512     2    64     8 
   2   256     8     4 
               4     4 
   4           2       
Score = 5932

[INFO] Chosen move: U

 512     2    64     8 
   2   256     8     8 
   4           4       
         2     2       
Score = 5940

[INFO] Chosen move: R

 512     2    64     8 
   2     2   256    16 
                     8 
                     4 
Score = 5968

[INFO] Chosen move: U

 512     4    64     8 
   2         256    16 
                     8 
         2           4 
Score = 5972

[INFO] Chosen move: U

 512     4    64     8 
   2     2   256    16 
               2     8 
                     4 
Score = 5972

[INFO] Chosen move: R

 512     4    64     8 
         4   256    16 
               2     8 
         2           4 
Score = 5976

[INFO] Chosen move: R

 512     4    64     8 
         4   256    16 
         4     2     8 
               2     4 
Score = 5976

[INFO] Chosen move: U

 512     8    64     8 
         4   256    16 
               4     8 
               2     4 
Score = 5988

[INFO] Chosen move: L

 512     8    64     8 
   4   256    16       
   4     8             
   2     4           2 
Score = 5988

[INFO] Chosen move: U

 512     8    64     8 
   8   256    16     2 
   2     8             
         4     2       
Score = 5996

[INFO] Chosen move: R

 512     8    64     8 
   8   256    16     2 
         2     2     8 
               4     2 
Score = 5996

[INFO] Chosen move: L

 512     8    64     8 
   8   256    16     2 
   4     8           2 
   4     2             
Score = 6000

[INFO] Chosen move: U

 512     8    64     8 
   8   256    16     4 
   8     8             
   4     2             
Score = 6012

[INFO] Chosen move: L

 512     8    64     8 
   8   256    16     4 
  16           2       
   4     2             
Score = 6028

[INFO] Chosen move: R

 512     8    64     8 
   8   256    16     4 
         2    16     2 
               4     2 
Score = 6028

[INFO] Chosen move: U

 512     8    64     8 
   8   256    32     4 
   2     2     4     4 
                       
Score = 6064

[INFO] Chosen move: L

 512     8    64     8 
   8   256    32     4 
   4     8     2       
                       
Score = 6076

[INFO] Chosen move: R

 512     8    64     8 
   8   256    32     4 
         4     8     2 
         2             
Score = 6076

[INFO] Chosen move: L

 512     8    64     8 
   8   256    32     4 
   4     8     2     2 
   2                   
Score = 6076

[INFO] Chosen move: R

 512     8    64     8 
   8   256    32     4 
         4     8     4 
               2     2 
Score = 6080

[INFO] Chosen move: L

 512     8    64     8 
   8   256    32     4 
   4     8     4       
   4           4       
Score = 6084

[INFO] Chosen move: U

 512     8    64     8 
   8   256    32     4 
   8     8     8       
         2             
Score = 6100

[INFO] Chosen move: R

 512     8    64     8 
   8   256    32     4 
               8    16 
   2                 2 
Score = 6116

[INFO] Chosen move: L

 512     8    64     8 
   8   256    32     4 
   8    16             
   4     2             
Score = 6120

[INFO] Chosen move: U

 512     8    64     8 
  16   256    32     4 
   4    16             
         2     2       
Score = 6136

[INFO] Chosen move: L

 512     8    64     8 
  16   256    32     4 
   4    16             
   4           2       
Score = 6140

[INFO] Chosen move: L

 512     8    64     8 
  16   256    32     4 
   4    16             
   4     2           4 
Score = 6140

[INFO] Chosen move: U

 512     8    64     8 
  16   256    32     8 
   8    16             
         2           2 
Score = 6156

[INFO] Chosen move: L

 512     8    64     8 
  16   256    32     8 
   8    16     2       
   4                   
Score = 6160

[INFO] Chosen move: U

 512     8    64    16 
  16   256    32       
   8    16     2       
   4           4       
Score = 6176

[INFO] Chosen move: L

 512     8    64    16 
  16   256    32       
   8    16     2       
   8           2       
Score = 6184

[INFO] Chosen move: U

 512     8    64    16 
  16   256    32       
  16    16     4       
                     2 
Score = 6204

[INFO] Chosen move: L

 512     8    64    16 
  16   256    32     2 
  32     4             
   2                   
Score = 6236

[INFO] Chosen move: R

 512     8    64    16 
  16   256    32     2 
              32     4 
   2                 2 
Score = 6236

[INFO] Chosen move: R

 512     8    64    16 
  16   256    32     2 
              32     4 
         2           4 
Score = 6240

[INFO] Chosen move: U

 512     8    64    16 
  16   256    64     2 
   2     2           8 
                       
Score = 6312

[INFO] Chosen move: L

 512     8    64    16 
  16   256    64     2 
   4     8             
                     4 
Score = 6316

[INFO] Chosen move: L

 512     8    64    16 
  16   256    64     2 
   4     8             
   4                 2 
Score = 6316

[INFO] Chosen move: U

 512     8   128    16 
  16   256           4 
   8     8             
         2             
Score = 6456

[INFO] Chosen move: L

 512     8   128    16 
  16   256     4       
  16                 2 
   2                   
Score = 6472

[INFO] Chosen move: R

 512     8   128    16 
        16   256     4 
              16     2 
         4           2 
Score = 6472

[INFO] Chosen move: L

 512     8   128    16 
  16   256     4       
  16     2     2       
   4     2             
Score = 6472

[INFO] Chosen move: U

 512     8   128    16 
  32   256     4       
   4     4     2       
         4             
Score = 6508

[INFO] Chosen move: L

 512     8   128    16 
  32   256     4     2 
   8     2             
   4                   
Score = 6516

[INFO] Chosen move: R

 512     8   128    16 
  32   256     4     2 
               8     2 
               2     4 
Score = 6516

[INFO] Chosen move: U

 512     8   128    16 
  32   256     4     4 
               8     4 
         2     2       
Score = 6520

[INFO] Chosen move: R

 512     8   128    16 
        32   256     8 
               8     4 
   2                 4 
Score = 6532

[INFO] Chosen move: U

 512     8   128    16 
   2    32   256     8 
               8     8 
         4             
Score = 6540

[INFO] Chosen move: L

 512     8   128    16 
   2    32   256     8 
  16                   
   4                 2 
Score = 6556

[INFO] Chosen move: U

 512     8   128    16 
   2    32   256     8 
  16           2     2 
   4                   
Score = 6556

[INFO] Chosen move: R

 512     8   128    16 
   2    32   256     8 
              16     4 
         2           4 
Score = 6560

[INFO] Chosen move: U

 512     8   128    16 
   2    32   256     8 
         2    16     8 
                     2 
Score = 6568

[INFO] Chosen move: U

 512     8   128    16 
   2    32   256    16 
         2    16     2 
               2       
Score = 6584

[INFO] Chosen move: L

 512     8   128    16 
   2    32   256    16 
   2    16     2       
   2     2             
Score = 6584

[INFO] Chosen move: L

 512     8   128    16 
   2    32   256    16 
   2    16     2       
   4                 2 
Score = 6588

[INFO] Chosen move: U

 512     8   128    32 
   4    32   256     2 
   4    16     2       
   4                   
Score = 6624

[INFO] Chosen move: U

 512     8   128    32 
   8    32   256     2 
   4    16     2       
                     2 
Score = 6632

[INFO] Chosen move: R

 512     8   128    32 
   8    32   256     2 
         4    16     2 
               2     2 
Score = 6632

[INFO] Chosen move: L

 512     8   128    32 
   8    32   256     2 
   4    16     2       
   4     4             
Score = 6636

[INFO] Chosen move: U

 512     8   128    32 
   8    32   256     2 
   8    16     2       
         4           2 
Score = 6644

[INFO] Chosen move: U

 512     8   128    32 
  16    32   256     4 
   2    16     2       
         4             
Score = 6664

[INFO] Chosen move: L

 512     8   128    32 
  16    32   256     4 
   2    16     2       
   4           4       
Score = 6664

[INFO] Chosen move: L

 512     8   128    32 
  16    32   256     4 
   2    16     2       
   8           4       
Score = 6672

[INFO] Chosen move: D

 512         128       
  16     8   256     2 
   2    32     2    32 
   8    16     4     4 
Score = 6672

[INFO] Chosen move: U

 512     8   128     2 
  16    32   256    32 
   2    16     2     4 
   8     2     4       
Score = 6672

[INFO] Chosen move: R

 512     8   128     2 
  16    32   256    32 
   2    16     2     4 
   2     8     2     4 
Score = 6672

[INFO] Chosen move: U

 512     8   128     2 
  16    32   256    32 
   4    16     4     8 
         8           4 
Score = 6688

[INFO] Chosen move: R

 512     8   128     2 
  16    32   256    32 
   4    16     4     8 
         4     8     4 
Score = 6688

[INFO] Chosen move: L

 512     8   128     2 
  16    32   256    32 
   4    16     4     8 
   4     8     4     4 
Score = 6688

[INFO] Chosen move: U

 512     8   128     2 
  16    32   256    32 
   8    16     8     8 
   2     8           4 
Score = 6704

[INFO] Chosen move: L

 512     8   128     2 
  16    32   256    32 
   8    16    16     2 
   2     8     4       
Score = 6720

[INFO] Chosen move: D

 512     8   128     2 
  16    32   256     2 
   8    16    16    32 
   2     8     4     2 
Score = 6720

[INFO] Chosen move: L

 512     8   128     2 
  16    32   256     2 
   8    32    32     4 
   2     8     4     2 
Score = 6752

[INFO] Chosen move: U

 512     8   128     4 
  16    64   256     4 
   8     8    32     2 
   2     4     4       
Score = 6820

[INFO] Chosen move: U

 512     8   128     8 
  16    64   256     2 
   8     8    32     2 
   2     4     4       
Score = 6828

[INFO] Chosen move: D

 512     8   128     2 
  16    64   256       
   8     8    32     8 
   2     4     4     4 
Score = 6832

[INFO] Chosen move: D

 512     8   128     2 
  16    64   256     2 
   8     8    32     8 
   2     4     4     4 
Score = 6832

[INFO] Chosen move: L

 512     8   128     2 
  16    64   256     2 
  16    32     8       
   2     8     4     4 
Score = 6856

[INFO] Chosen move: L

 512     8   128     2 
  16    64   256     2 
  16    32     8       
   2     8     8     2 
Score = 6864

[INFO] Chosen move: L

 512     8   128     2 
  16    64   256     2 
  16    32     8       
   2    16     2     2 
Score = 6880

[INFO] Chosen move: L

 512     8   128     2 
  16    64   256     2 
  16    32     8     2 
   2    16     4       
Score = 6884

[INFO] Chosen move: R

 512     8   128     2 
  16    64   256     2 
  16    32     8     2 
   2     2    16     4 
Score = 6884

[INFO] Chosen move: L

 512     8   128     2 
  16    64   256     2 
  16    32     8     2 
   4    16     4     2 
Score = 6888

[INFO] Chosen move: U

 512     8   128     4 
  32    64   256     4 
   4    32     8     2 
        16     4       
Score = 6928

[INFO] Chosen move: L

 512     8   128     4 
  32    64   256     4 
   4    32     8     2 
  16     4     2       
Score = 6928

[INFO] Chosen move: R

 512     8   128     4 
  32    64   256     4 
   4    32     8     2 
   2    16     4     2 
Score = 6928

[INFO] Chosen move: D

 512     8   128     2 
  32    64   256       
   4    32     8     8 
   2    16     4     4 
Score = 6940

[INFO] Chosen move: L

 512     8   128     2 
  32    64   256       
   4    32    16     2 
   2    16     8       
Score = 6964

[INFO] Chosen move: U

 512     8   128     4 
  32    64   256     2 
   4    32    16       
   2    16     8       
Score = 6968

[INFO] Chosen move: R

 512     8   128     4 
  32    64   256     2 
   2     4    32    16 
         2    16     8 
Score = 6968

[INFO] Chosen move: L

 512     8   128     4 
  32    64   256     2 
   2     4    32    16 
   2    16     8     2 
Score = 6968

[INFO] Chosen move: U

 512     8   128     4 
  32    64   256     2 
   4     4    32    16 
   2    16     8     2 
Score = 6972

[INFO] Chosen move: L

 512     8   128     4 
  32    64   256     2 
   8    32    16     2 
   2    16     8     2 
Score = 6980

[INFO] Chosen move: U

 512     8   128     4 
  32    64   256     4 
   8    32    16     2 
   2    16     8     4 
Score = 6984

[INFO] Chosen move: U

 512     8   128     8 
  32    64   256     2 
   8    32    16     4 
   2    16     8     2 
Score = 6992
