   2     8             
         2           2 
                       
               4       
Score = 0

[INFO] Chosen move: R

               2     8 
                     4 
                       
               2     4 
Score = 4

[INFO] Chosen move: U

               4     8 
                     8 
                       
         2             
Score = 16

[INFO] Chosen move: U

         2     4    16 
                       
                     4 
                       
Score = 32

[INFO] Chosen move: D

         2             
                       
                    16 
         2     4     4 
Score = 32

[INFO] Chosen move: U

         4     4    16 
               2     4 
                       
                       
Score = 36

[INFO] Chosen move: L

   8    16             
   2     4     4       
                       
                       
Score = 44

[INFO] Chosen move: L

   8    16             
   2     8             
                     2 
                       
Score = 52

[INFO] Chosen move: L

   8    16     2       
   2     8             
   2                   
                       
Score = 52

[INFO] Chosen move: U

   8    16     2       
   4     8             
                       
                     2 
Score = 56

[INFO] Chosen move: U

   8    16     2     2 
   4     8             
                       
         2             
Score = 56

[INFO] Chosen move: D

                       
        16             
   8     8           4 
   4     2     2     2 
Score = 56

[INFO] Chosen move: L

                       
  16                 4 
  16     4             
   4     4     2       
Score = 76

[INFO] Chosen move: U

  32     8     2     4 
   4                   
                       
   2                   
Score = 116

[INFO] Chosen move: U

  32     8     2     4 
   4                   
   2                   
               2       
Score = 116

[INFO] Chosen move: U

  32     8     4     4 
   4                   
   2                   
   2                   
Score = 120

[INFO] Chosen move: L

  32     8     8       
   4     2             
   2                   
   2                   
Score = 128

[INFO] Chosen move: U

  32     8     8       
   4     2             
   4                   
   2                   
Score = 132

[INFO] Chosen move: U

  32     8     8       
   8     2           4 
   2                   
                       
Score = 140

[INFO] Chosen move: U

  32     8     8     4 
   8     2             
   2                   
         2             
Score = 140

[INFO] Chosen move: U

  32     8     8     4 
   8     4             
   2                   
   2                   
Score = 144

[INFO] Chosen move: U

  32     8     8     4 
   8     4             
   4                   
                     4 
Score = 148

[INFO] Chosen move: L

  32    16     4       
   8     4             
   4                   
   4                 4 
Score = 164

[INFO] Chosen move: U

  32    16     4     4 
   8     4             
   8     2             
                       
Score = 172

[INFO] Chosen move: U

  32    16     4     4 
  16     4           4 
         2             
                       
Score = 188

[INFO] Chosen move: R

        32    16     8 
              16     8 
                     2 
                     2 
Score = 204

[INFO] Chosen move: U

        32    32    16 
                     4 
                       
         4             
Score = 256

[INFO] Chosen move: L

  64    16           2 
   4                   
                       
   4                   
Score = 320

[INFO] Chosen move: L

  64    16     2       
   4                   
                       
   4           2       
Score = 320

[INFO] Chosen move: L

  64    16     2       
   4                   
                       
   4     2           2 
Score = 320

[INFO] Chosen move: L

  64    16     2       
   4                 2 
                       
   4     4             
Score = 324

[INFO] Chosen move: U

  64    16     2     2 
   8     4             
         4             
                       
Score = 332

[INFO] Chosen move: U

  64    16     2     2 
   8     8             
                     4 
                       
Score = 340

[INFO] Chosen move: U

  64    16     2     2 
   8     8           4 
                       
               2       
Score = 340

[INFO] Chosen move: L

  64    16     4       
  16     4             
                       
   2     2             
Score = 360

[INFO] Chosen move: U

  64    16     4       
  16     4             
   2     2             
                     4 
Score = 360

[INFO] Chosen move: L

  64    16     4       
  16     4             
   4     4             
   4                   
Score = 364

[INFO] Chosen move: D

                       
  64                   
  16    16     2       
   8     8     4       
Score = 380

[INFO] Chosen move: L

                       
  64                   
  32     2             
  16     4           2 
Score = 428

[INFO] Chosen move: U

  64     2           2 
  32     4             
  16           4       
                       
Score = 428

[INFO] Chosen move: L

  64     4             
  32     4     2       
  16     4             
                       
Score = 432

[INFO] Chosen move: U

  64     8     2       
  32     4             
  16                 4 
                       
Score = 440

[INFO] Chosen move: L

  64     8     2       
  32     4             
  16     4             
   2                   
Score = 440

[INFO] Chosen move: U

  64     8     2       
  32     8             
  16           4       
   2                   
Score = 448

[INFO] Chosen move: L

  64     8     2       
  32     8           2 
  16     4             
   2                   
Score = 448

[INFO] Chosen move: D

  64                   
  32     2             
  16    16             
   2     4     2     2 
Score = 464

[INFO] Chosen move: L

  64                   
  32     2           2 
  32                   
   2     4     4       
Score = 500

[INFO] Chosen move: U

  64     2     4     2 
  64     4             
   2           4       
                       
Score = 564

[INFO] Chosen move: U

 128     2     8     2 
   2     4             
                     2 
                       
Score = 700

[INFO] Chosen move: U

 128     2     8     4 
   2     4             
                       
         4             
Score = 704

[INFO] Chosen move: R

 128     2     8     4 
               2     4 
                       
               2     4 
Score = 704

[INFO] Chosen move: U

 128     2     8     8 
               4     4 
                       
         4             
Score = 716

[INFO] Chosen move: L

 128     2    16       
   8                   
   2                   
   4                   
Score = 740

[INFO] Chosen move: D

 128                 2 
   8                   
   2                   
   4     2    16       
Score = 740

[INFO] Chosen move: L

 128     2           2 
   8                   
   2                   
   4     2    16       
Score = 740

[INFO] Chosen move: D

 128                 2 
   8                   
   2                   
   4     4    16     2 
Score = 744

[INFO] Chosen move: D

 128                   
   8                   
   2     2             
   4     4    16     4 
Score = 748

[INFO] Chosen move: L

 128                   
   8                 4 
   4                   
   8    16     4       
Score = 760

[INFO] Chosen move: U

 128    16     4     4 
   8                   
   4                   
   8           2       
Score = 760

[INFO] Chosen move: L

 128    16     8       
   8                   
   4                 2 
   8     2             
Score = 768

[INFO] Chosen move: L

 128    16     8       
   8                   
   4     2     2       
   8     2             
Score = 768

[INFO] Chosen move: L

 128    16     8     2 
   8                   
   4     4             
   8     2             
Score = 772

[INFO] Chosen move: L

 128    16     8     2 
   8     2             
   8                   
   8     2             
Score = 780

[INFO] Chosen move: U

 128    16     8     2 
  16     4             
   8                   
                     2 
Score = 800

[INFO] Chosen move: L

 128    16     8     2 
  16     4             
   8           2       
   2                   
Score = 800

[INFO] Chosen move: D

 128           4       
  16                   
   8    16     8       
   2     4     2     2 
Score = 800

[INFO] Chosen move: L

 128     4             
  16                   
   8    16     8       
   2     4     4     2 
Score = 804

[INFO] Chosen move: L

 128     4             
  16           4       
   8    16     8       
   2     8     2       
Score = 812

[INFO] Chosen move: U

 128     4     4       
  16    16     8       
   8     8     2       
   2                 4 
Score = 812

[INFO] Chosen move: U

 128     4     4     4 
  16    16     8       
   8     8     2       
   2                 2 
Score = 812

[INFO] Chosen move: L

 128     8     4       
  32     8             
  16     2             
   4           2       
Score = 872

[INFO] Chosen move: D

 128           4       
  32                   
  16    16     4       
   4     2     2       
Score = 888

[INFO] Chosen move: L

 128     4             
  32     2             
  32     4             
   4     4             
Score = 924

[INFO] Chosen move: L

 128     4             
  32     2           2 
  32     4             
   8                   
Score = 932

[INFO] Chosen move: L

 128     4             
  32     4             
  32     4             
   8           2       
Score = 936

[INFO] Chosen move: L

 128     4             
  32     4             
  32     4             
   8     2     2       
Score = 936

[INFO] Chosen move: L

 128     4             
  32     4           2 
  32     4             
   8     4             
Score = 940

[INFO] Chosen move: U

 128     8           2 
  64     8             
   8                   
   2                   
Score = 1020

[INFO] Chosen move: U

 128    16           2 
  64                 2 
   8                   
   2                   
Score = 1036

[INFO] Chosen move: U

 128    16           4 
  64           2       
   8                   
   2                   
Score = 1040

[INFO] Chosen move: L

 128    16     4       
  64     2             
   8                 4 
   2                   
Score = 1040

[INFO] Chosen move: U

 128    16     4     4 
  64     2             
   8                   
   2           2       
Score = 1040

[INFO] Chosen move: L

 128    16     8       
  64     2             
   8                 2 
   4                   
Score = 1052

[INFO] Chosen move: L

 128    16     8     2 
  64     2             
   8     2             
   4                   
Score = 1052

[INFO] Chosen move: D

 128                 2 
  64                   
   8    16             
   4     4     8     2 
Score = 1056

[INFO] Chosen move: D

 128                 2 
  64                   
   8    16             
   4     4     8     4 
Score = 1060

[INFO] Chosen move: D

 128                   
  64           2       
   8    16           2 
   4     4     8     4 
Score = 1060

[INFO] Chosen move: D

 128           2       
  64                   
   8    16     2     2 
   4     4     8     4 
Score = 1060

[INFO] Chosen move: D

 128                   
  64                 2 
   8    16     4     2 
   4     4     8     4 
Score = 1064

[INFO] Chosen move: D

 128           2       
  64                   
   8    16     4     4 
   4     4     8     4 
Score = 1068

[INFO] Chosen move: D

 128                   
  64           2       
   8    16     4     2 
   4     4     8     8 
Score = 1076

[INFO] Chosen move: L

 128           4       
  64     2             
   8    16     4     2 
   8    16             
Score = 1100

[INFO] Chosen move: L

 128     4     4       
  64     2             
   8    16     4     2 
   8    16             
Score = 1100

[INFO] Chosen move: L

 128     8           2 
  64     2             
   8    16     4     2 
   8    16             
Score = 1108

[INFO] Chosen move: U

 128     8     4     4 
  64     2             
  16    32             
         2             
Score = 1160

[INFO] Chosen move: L

 128     8     8       
  64     2     2       
  16    32             
   2                   
Score = 1168

[INFO] Chosen move: L

 128    16             
  64     4             
  16    32     4       
   2                   
Score = 1188

[INFO] Chosen move: U

 128    16     4       
  64     4             
  16    32             
   2           2       
Score = 1188

[INFO] Chosen move: D

 128                   
  64    16             
  16     4     4       
   2    32     2     4 
Score = 1188

[INFO] Chosen move: L

 128                   
  64    16             
  16     8           2 
   2    32     2     4 
Score = 1196

[INFO] Chosen move: U

 128    16     2     2 
  64     8           4 
  16    32           2 
   2                   
Score = 1196

[INFO] Chosen move: L

 128    16     4       
  64     8     4       
  16    32     2       
   2     2             
Score = 1200

[INFO] Chosen move: D

 128    16     2       
  64     8             
  16    32     8       
   2     2     2       
Score = 1208

[INFO] Chosen move: U

 128    16     2       
  64     8     8       
  16    32     2       
   2     2           4 
Score = 1208

[INFO] Chosen move: L

 128    16     2     4 
  64    16             
  16    32     2       
   4     4             
Score = 1228

[INFO] Chosen move: D

 128     4             
  64    32             
  16    32             
   4     4     4     4 
Score = 1264

[INFO] Chosen move: L

 128     4     4       
  64    32             
  16    32             
   8     8             
Score = 1280

[INFO] Chosen move: U

 128     4     4       
  64    64             
  16     8           2 
   8                   
Score = 1344

[INFO] Chosen move: L

 128     8             
 128     2             
  16     8     2       
   8                   
Score = 1480

[INFO] Chosen move: U

 256     8     2       
  16     2             
   8     8             
         2             
Score = 1736

[INFO] Chosen move: L

 256     8     2       
  16     2             
  16     4             
   2                   
Score = 1752

[INFO] Chosen move: U

 256     8     2       
  32     2             
   2     4           2 
                       
Score = 1784

[INFO] Chosen move: U

 256     8     2     2 
  32     2             
   2     4     2       
                       
Score = 1784

[INFO] Chosen move: U

 256     8     4     2 
  32     2     2       
   2     4             
                       
Score = 1788

[INFO] Chosen move: L

 256     8     4     2 
  32     4             
   2     4             
               2       
Score = 1792

[INFO] Chosen move: L

 256     8     4     2 
  32     4           2 
   2     4             
   2                   
Score = 1792

[INFO] Chosen move: U

 256     8     4     4 
  32     8             
   4                   
   2                   
Score = 1808

[INFO] Chosen move: L

 256     8     8       
  32     8             
   4                 2 
   2                   
Score = 1816

[INFO] Chosen move: L

 256    16             
  32     8             
   4     2             
   2                 2 
Score = 1832

[INFO] Chosen move: L

 256    16     2       
  32     8             
   4     2             
   4                   
Score = 1836

[INFO] Chosen move: U

 256    16     2       
  32     8             
   8     2     2       
                       
Score = 1844

[INFO] Chosen move: L

 256    16     2       
  32     8             
   8     4           2 
                       
Score = 1848

[INFO] Chosen move: U

 256    16     2     2 
  32     8             
   8     4             
         2             
Score = 1848

[INFO] Chosen move: L

 256    16     4       
  32     8             
   8     4             
   2     2             
Score = 1852

[INFO] Chosen move: D

 256    16             
  32     8             
   8     4             
   2     2     4     4 
Score = 1852

[INFO] Chosen move: L

 256    16             
  32     8             
   8     4             
   4     8     2       
Score = 1864

[INFO] Chosen move: U

 256    16     2       
  32     8             
   8     4             
   4     8           4 
Score = 1864

[INFO] Chosen move: U

 256    16     2     4 
  32     8           2 
   8     4             
   4     8             
Score = 1864

[INFO] Chosen move: D

 256    16           2 
  32     8             
   8     4           4 
   4     8     2     2 
Score = 1864

[INFO] Chosen move: L

 256    16     2       
  32     8           4 
   8     8             
   4     8     4       
Score = 1876

[INFO] Chosen move: U

 256    16     2     4 
  32    16     4       
   8     8             
   4                 4 
Score = 1892

[INFO] Chosen move: L

 256    16     2     4 
  32    16     4     2 
  16                   
   8                   
Score = 1916

[INFO] Chosen move: U

 256    32     2     4 
  32           4     2 
  16     4             
   8                   
Score = 1948

[INFO] Chosen move: U

 256    32     2     4 
  32     4     4     2 
  16           2       
   8                   
Score = 1948

[INFO] Chosen move: R

 256    32     2     4 
        32     8     2 
   2          16     2 
                     8 
Score = 1956

[INFO] Chosen move: U

 256    64     2     4 
   2           8     4 
   2          16     8 
                       
Score = 2024

[INFO] Chosen move: U

 256    64     2     8 
   4           8     8 
              16       
         4             
Score = 2036

[INFO] Chosen move: U

 256    64     2    16 
   4     4     8       
              16       
                     4 
Score = 2052

[INFO] Chosen move: R

 256    64     2    16 
               8     8 
                    16 
   2                 4 
Score = 2060

[INFO] Chosen move: U

 256    64     2    16 
   2     2     8     8 
                    16 
                     4 
Score = 2060

[INFO] Chosen move: R

 256    64     2    16 
         2     4    16 
                    16 
                     4 
Score = 2080

[INFO] Chosen move: U

 256    64     2    32 
         2     4    16 
                     4 
                     2 
Score = 2112

[INFO] Chosen move: L

 256    64     2    32 
   2     4    16       
   4     4             
   2                   
Score = 2112

[INFO] Chosen move: U

 256    64     2    32 
   2     8    16       
   4           2       
   2                   
Score = 2120

[INFO] Chosen move: R

 256    64     2    32 
   4     2     8    16 
               4     2 
                     2 
Score = 2120

[INFO] Chosen move: U

 256    64     2    32 
   4     2     8    16 
               4     4 
         4             
Score = 2124

[INFO] Chosen move: R

 256    64     2    32 
   4     2     8    16 
   2                 8 
                     4 
Score = 2132

[INFO] Chosen move: R

 256    64     2    32 
   4     2     8    16 
   2           2     8 
                     4 
Score = 2132

[INFO] Chosen move: L

 256    64     2    32 
   4     2     8    16 
   4     8             
   4                 4 
Score = 2136

[INFO] Chosen move: L

 256    64     2    32 
   4     2     8    16 
   4     8             
   8     4             
Score = 2144

[INFO] Chosen move: U

 256    64     2    32 
   8     2     8    16 
   8     8     2       
         4             
Score = 2152

[INFO] Chosen move: L

 256    64     2    32 
   8     2     8    16 
  16     2             
   4                 2 
Score = 2168

[INFO] Chosen move: D

 256     2             
   8                32 
  16    64     2    16 
   4     4     8     2 
Score = 2172

[INFO] Chosen move: L

 256     2     2       
   8    32             
  16    64     2    16 
   8     8     2       
Score = 2180

[INFO] Chosen move: D

 256     2             
   8    32     2       
  16    64     2       
   8     8     4    16 
Score = 2184

[INFO] Chosen move: U

 256     2     4    16 
   8    32     4       
  16    64             
   8     8     2       
Score = 2188

[INFO] Chosen move: L

 256     2     4    16 
   8    32     4     2 
  16    64             
  16     2             
Score = 2204

[INFO] Chosen move: R

 256     2     4    16 
   8    32     4     2 
   2          16    64 
              16     2 
Score = 2204

[INFO] Chosen move: U

 256     2     8    16 
   8    32    32     2 
   2                64 
   4                 2 
Score = 2244

[INFO] Chosen move: L

 256     2     8    16 
   8    64     2     4 
   2    64             
   4     2             
Score = 2308

[INFO] Chosen move: U

 256     2     8    16 
   8   128     2     4 
   2     2             
   4     4             
Score = 2436

[INFO] Chosen move: R

 256     2     8    16 
   8   128     2     4 
   4                 4 
                     8 
Score = 2448

[INFO] Chosen move: U

 256     2     8    16 
   8   128     2     8 
   4           2     8 
                       
Score = 2456

[INFO] Chosen move: U

 256     2     8    16 
   8   128     4    16 
   4                 2 
                       
Score = 2476

[INFO] Chosen move: U

 256     2     8    32 
   8   128     4     2 
   4                   
   4                   
Score = 2508

[INFO] Chosen move: U

 256     2     8    32 
   8   128     4     2 
   8                   
               2       
Score = 2516

[INFO] Chosen move: L

 256     2     8    32 
   8   128     4     2 
   8                 4 
   2                   
Score = 2516

[INFO] Chosen move: U

 256     2     8    32 
  16   128     4     2 
   2                 4 
               2       
Score = 2532

[INFO] Chosen move: L

 256     2     8    32 
  16   128     4     2 
   2     4             
   2     4             
Score = 2532

[INFO] Chosen move: U

 256     2     8    32 
  16   128     4     2 
   4     8     4       
                       
Score = 2544

[INFO] Chosen move: U

 256     2     8    32 
  16   128     8     2 
   4     8     2       
                       
Score = 2552

[INFO] Chosen move: R

 256     2     8    32 
  16   128     8     2 
   2     4     8     2 
                       
Score = 2552

[INFO] Chosen move: U

 256     2    16    32 
  16   128     8     4 
   2     4             
   4                   
Score = 2572

[INFO] Chosen move: R

 256     2    16    32 
  16   128     8     4 
         4     2     4 
                     4 
Score = 2572

[INFO] Chosen move: U

 256     2    16    32 
  16   128     8     8 
         4     2     4 
                     4 
Score = 2580

[INFO] Chosen move: U

 256     2    16    32 
  16   128     8     8 
   2     4     2     8 
                       
Score = 2588

[INFO] Chosen move: U

 256     2    16    32 
  16   128     8    16 
   2     4     2       
                     2 
Score = 2604

[INFO] Chosen move: U

 256     2    16    32 
  16   128     8    16 
   2     4     2     2 
                     2 
Score = 2604

[INFO] Chosen move: L

 256     2    16    32 
  16   128     8    16 
   2     4     4       
   2           2       
Score = 2608

[INFO] Chosen move: R

 256     2    16    32 
  16   128     8    16 
               2     8 
         2           4 
Score = 2620

[INFO] Chosen move: R

 256     2    16    32 
  16   128     8    16 
         2     2     8 
               2     4 
Score = 2620

[INFO] Chosen move: R

 256     2    16    32 
  16   128     8    16 
               4     8 
   2           2     4 
Score = 2624

[INFO] Chosen move: R

 256     2    16    32 
  16   128     8    16 
               4     8 
   2           4     4 
Score = 2628

[INFO] Chosen move: U

 256     2    16    32 
  16   128     8    16 
   2           8     8 
         2           4 
Score = 2636

[INFO] Chosen move: U

 256     2    16    32 
  16   128    16    16 
   2     2     4     8 
                     4 
Score = 2652

[INFO] Chosen move: L

 256     2    16    32 
  16   128    32       
   4     4     8       
   4     2             
Score = 2688

[INFO] Chosen move: R

 256     2    16    32 
        16   128    32 
         2     8     8 
               4     2 
Score = 2696

[INFO] Chosen move: R

 256     2    16    32 
   2    16   128    32 
               2    16 
               4     2 
Score = 2712

[INFO] Chosen move: L

 256     2    16    32 
   2    16   128    32 
   2    16             
   4     2           2 
Score = 2712

[INFO] Chosen move: L

 256     2    16    32 
   2    16   128    32 
   2    16     2       
   4     4             
Score = 2716

[INFO] Chosen move: U

 256     2    16    64 
   4    32   128       
   4     4     2       
                     2 
Score = 2816

[INFO] Chosen move: R

 256     2    16    64 
         4    32   128 
               8     2 
   4                 2 
Score = 2824

[INFO] Chosen move: U

 256     2    16    64 
   4     4    32   128 
               8     4 
   2                   
Score = 2828

[INFO] Chosen move: L

 256     2    16    64 
   8    32   128       
   8     4             
   2     2             
Score = 2836

[INFO] Chosen move: R

 256     2    16    64 
         8    32   128 
   2           8     4 
                     4 
Score = 2840

[INFO] Chosen move: U

 256     2    16    64 
   2     8    32   128 
               8     8 
         2             
Score = 2848

[INFO] Chosen move: L

 256     2    16    64 
   2     8    32   128 
  16                   
   2                 2 
Score = 2864

[INFO] Chosen move: L

 256     2    16    64 
   2     8    32   128 
  16           4       
   4                   
Score = 2868

[INFO] Chosen move: R

 256     2    16    64 
   2     8    32   128 
              16     4 
               2     4 
Score = 2868

[INFO] Chosen move: U

 256     2    16    64 
   2     8    32   128 
         2    16     8 
               2       
Score = 2876

[INFO] Chosen move: R

 256     2    16    64 
   2     8    32   128 
   4     2    16     8 
                     2 
Score = 2876

[INFO] Chosen move: L

 256     2    16    64 
   2     8    32   128 
   4     2    16     8 
   2           4       
Score = 2876

[INFO] Chosen move: D

 256     4    16       
   2     2    32    64 
   4     8    16   128 
   2     2     4     8 
Score = 2876

[INFO] Chosen move: U

 256     4    16    64 
   2     2    32   128 
   4     8    16     8 
   2     2     4     2 
Score = 2876

[INFO] Chosen move: L

 256     4    16    64 
   4    32   128     4 
   4     8    16     8 
   4     4     2       
Score = 2884

[INFO] Chosen move: L

 256     4    16    64 
   4    32   128     4 
   4     8    16     8 
   8     2           2 
Score = 2892

[INFO] Chosen move: U

 256     4    16    64 
   8    32   128     4 
   8     8    16     8 
         2     4     2 
Score = 2900

[INFO] Chosen move: L

 256     4    16    64 
   8    32   128     4 
  16    16     8     2 
   2     4     2       
Score = 2916

[INFO] Chosen move: R

 256     4    16    64 
   8    32   128     4 
        32     8     2 
   4     2     4     2 
Score = 2948

[INFO] Chosen move: U

 256     4    16    64 
   8    64   128     4 
   4     2     8     4 
         2     4       
Score = 3016

[INFO] Chosen move: U

 256     4    16    64 
   8    64   128     8 
   4     4     8       
   2           4       
Score = 3028

[INFO] Chosen move: R

 256     4    16    64 
   8    64   128     8 
         2     8     8 
               2     4 
Score = 3036

[INFO] Chosen move: R

 256     4    16    64 
   8    64   128     8 
               2    16 
   2           2     4 
Score = 3052

[INFO] Chosen move: L

 256     4    16    64 
   8    64   128     8 
   2    16           2 
   4     4             
Score = 3056

[INFO] Chosen move: D

 256     4             
   8    64     2    64 
   2    16    16     8 
   4     4   128     2 
Score = 3056

[INFO] Chosen move: L

 256     4             
   8    64     2    64 
   2    32     8       
   8   128     2     2 
Score = 3096

[INFO] Chosen move: D

 256     4     2       
   8    64     2       
   2    32     8    64 
   8   128     2     2 
Score = 3096

[INFO] Chosen move: U

 256     4     4    64 
   8    64     8     2 
   2    32     2       
   8   128     4       
Score = 3100

[INFO] Chosen move: R

       256     8    64 
   8    64     8     2 
   2     2    32     2 
         8   128     4 
Score = 3108

[INFO] Chosen move: L

 256     8    64       
   8    64     8     2 
   4    32     2       
   8   128     4     2 
Score = 3112

[INFO] Chosen move: D

 256     8    64       
   8    64     8       
   4    32     2     4 
   8   128     4     4 
Score = 3116

[INFO] Chosen move: D

 256     8    64       
   8    64     8       
   4    32     2     4 
   8   128     4     8 
Score = 3124

[INFO] Chosen move: U

 256     8    64     4 
   8    64     8     8 
   4    32     2       
   8   128     4     2 
Score = 3124

[INFO] Chosen move: U

 256     8    64     4 
   8    64     8     8 
   4    32     2     2 
   8   128     4     4 
Score = 3124

[INFO] Chosen move: L

 256     8    64     4 
   8    64    16       
   4    32     4     2 
   8   128     8       
Score = 3152

[INFO] Chosen move: D

 256     8    64       
   8    64    16     4 
   4    32     4     4 
   8   128     8     2 
Score = 3152

[INFO] Chosen move: L

 256     8    64     2 
   8    64    16     4 
   4    32     8       
   8   128     8     2 
Score = 3160

[INFO] Chosen move: D

 256     8           2 
   8    64    64     2 
   4    32    16     4 
   8   128    16     2 
Score = 3176

[INFO] Chosen move: U

 256     8    64     4 
   8    64    32     4 
   4    32     2     2 
   8   128             
Score = 3212

[INFO] Chosen move: D

 256     8             
   8    64    64     4 
   4    32    32     8 
   8   128     2     2 
Score = 3220

[INFO] Chosen move: L

 256     8           4 
   8   128     4       
   4    64     8       
   8   128     4       
Score = 3416

[INFO] Chosen move: L

 256     8     4       
   8   128     4       
   4    64     8       
   8   128     4     2 
Score = 3416

[INFO] Chosen move: U

 256     8     8     2 
   8   128     8     2 
   4    64     4       
   8   128             
Score = 3424

[INFO] Chosen move: L

 256    16     2       
   8   128     8     2 
   4    64     4     2 
   8   128             
Score = 3440

[INFO] Chosen move: D

 256    16             
   8   128     2       
   4    64     8     2 
   8   128     4     4 
Score = 3444

[INFO] Chosen move: L

 256    16     2       
   8   128     2       
   4    64     8     2 
   8   128     8       
Score = 3452

[INFO] Chosen move: D

 256    16             
   8   128           2 
   4    64     4       
   8   128    16     2 
Score = 3472

[INFO] Chosen move: U

 256    16     4     4 
   8   128    16       
   4    64     2       
   8   128             
Score = 3476

[INFO] Chosen move: L

 256    16     8       
   8   128    16       
   4    64     2       
   8   128           4 
Score = 3484

[INFO] Chosen move: L

 256    16     8       
   8   128    16       
   4    64     2       
   8   128     4     2 
Score = 3484

[INFO] Chosen move: U

 256    16     8     2 
   8   128    16       
   4    64     2     2 
   8   128     4       
Score = 3484

[INFO] Chosen move: D

 256    16     8     2 
   8   128    16       
   4    64     2       
   8   128     4     4 
Score = 3488

[INFO] Chosen move: D

 256    16     8       
   8   128    16     2 
   4    64     2     2 
   8   128     4     4 
Score = 3488

[INFO] Chosen move: U

 256    16     8     4 
   8   128    16     4 
   4    64     2     2 
   8   128     4       
Score = 3492

[INFO] Chosen move: R

 256    16     8     4 
   8   128    16     4 
   4     4    64     4 
         8   128     4 
Score = 3496

[INFO] Chosen move: L

 256    16     8     4 
   8   128    16     4 
   8    64     4     2 
   8   128     4       
Score = 3504

[INFO] Chosen move: U

 256    16     8     8 
  16   128    16     2 
   8    64     8     2 
       128             
Score = 3536

[INFO] Chosen move: L

 256    16    16       
  16   128    16     2 
   8    64     8     2 
 128                 2 
Score = 3552

[INFO] Chosen move: D

 256                 4 
  16    16             
   8   128    32     2 
 128    64     8     4 
Score = 3588

[INFO] Chosen move: L

 256     4             
  32                 2 
   8   128    32     2 
 128    64     8     4 
Score = 3620

[INFO] Chosen move: U

 256     4    32     4 
  32   128     8     4 
   8    64           4 
 128                   
Score = 3624

[INFO] Chosen move: D

 256           4       
  32     4             
   8   128    32     4 
 128    64     8     8 
Score = 3632

[INFO] Chosen move: R

   4         256     4 
              32     4 
   8   128    32     4 
       128    64    16 
Score = 3648

[INFO] Chosen move: U

   4   256   256     8 
   8     2    64     4 
              64    16 
                       
Score = 3976

[INFO] Chosen move: U

   4   256   256     8 
   8     2   128     4 
   2                16 
                       
Score = 4104

[INFO] Chosen move: D

               4       
   4                 8 
   8   256   256     4 
   2     2   128    16 
Score = 4104

[INFO] Chosen move: L

   4                   
   4     8     2       
   8   512     4       
   4   128    16       
Score = 4620

[INFO] Chosen move: D

         2             
   8     8     2       
   8   512     4       
   4   128    16       
Score = 4628

[INFO] Chosen move: U

  16     2     2     4 
   4     8     4       
       512    16       
       128             
Score = 4644

[INFO] Chosen move: L

  16     4     4       
   4     8     4       
 512    16             
 128     2             
Score = 4648

[INFO] Chosen move: U

  16     4     8       
   4     8             
 512    16             
 128     2     2       
Score = 4656

[INFO] Chosen move: R

        16     4     8 
               4     8 
             512    16 
   2         128     4 
Score = 4660

[INFO] Chosen move: D

               4       
               8    16 
             512    16 
   2    16   128     4 
Score = 4684

[INFO] Chosen move: U

   2    16     4    32 
               8     4 
             512       
         4   128       
Score = 4716

[INFO] Chosen move: L

   2    16     4    32 
   8     4           2 
 512                   
   4   128             
Score = 4716

[INFO] Chosen move: R

   2    16     4    32 
         8     4     2 
   4               512 
               4   128 
Score = 4716

[INFO] Chosen move: D

               2    32 
                     2 
   2    16     4   512 
   4     8     8   128 
Score = 4724

[INFO] Chosen move: L

   2    32             
   2           2       
   2    16     4   512 
   4    16   128       
Score = 4740

[INFO] Chosen move: D

               2       
   2           2       
   4    32     4       
   4    32   128   512 
Score = 4776

[INFO] Chosen move: D

   2                   
               4       
   2           4       
   8    64   128   512 
Score = 4852

[INFO] Chosen move: U

   4    64     8   512 
   8         128     2 
                       
                       
Score = 4864

[INFO] Chosen move: L

   4    64     8   512 
   8   128     2       
                       
   2                   
Score = 4864

[INFO] Chosen move: U

   4    64     8   512 
   8   128     2       
   2                   
   2                   
Score = 4864

[INFO] Chosen move: R

   4    64     8   512 
         8   128     2 
                     2 
         2           2 
Score = 4864

[INFO] Chosen move: R

   4    64     8   512 
         8   128     2 
                     2 
               2     4 
Score = 4868

[INFO] Chosen move: U

   4    64     8   512 
   2     8   128     4 
               2     4 
                       
Score = 4872

[INFO] Chosen move: U

   4    64     8   512 
   2     8   128     8 
   2           2       
                       
Score = 4880

[INFO] Chosen move: U

   4    64     8   512 
   4     8   128     8 
               2       
                     2 
Score = 4884

[INFO] Chosen move: U

   8    64     8   512 
         8   128     8 
               2     2 
   2                   
Score = 4892

[INFO] Chosen move: L

   8    64     8   512 
   8   128     8       
   4     2             
   2                   
Score = 4896

[INFO] Chosen move: U

  16    64    16   512 
   4   128             
   2     2             
               2       
Score = 4928

[INFO] Chosen move: L

  16    64    16   512 
   4   128             
   4           4       
   2                   
Score = 4932

[INFO] Chosen move: R

  16    64    16   512 
         2     4   128 
                     8 
                     2 
Score = 4940

[INFO] Chosen move: D

                   512 
                   128 
   2    64    16     8 
  16     2     4     2 
Score = 4940

[INFO] Chosen move: L

 512                   
 128     4             
   2    64    16     8 
  16     2     4     2 
Score = 4940

[INFO] Chosen move: U

 512     4    16     8 
 128    64     4     2 
   2     2             
  16                 2 
Score = 4940

[INFO] Chosen move: U

 512     4    16     8 
 128    64     4     4 
   2     2             
  16     2             
Score = 4944

[INFO] Chosen move: R

 512     4    16     8 
       128    64     8 
   2                 4 
              16     2 
Score = 4956

[INFO] Chosen move: U

 512     4    16    16 
   2   128    64     4 
              16     2 
         4             
Score = 4972

[INFO] Chosen move: L

 512     4    32       
   2   128    64     4 
  16     2             
   4                 2 
Score = 5004

[INFO] Chosen move: U

 512     4    32     4 
   2   128    64     2 
  16     2           2 
   4                   
Score = 5004

[INFO] Chosen move: U

 512     4    32     4 
   2   128    64     4 
  16     2             
   4                 4 
Score = 5008

[INFO] Chosen move: L

 512     4    32     4 
   2   128    64     4 
  16     2             
   8                 2 
Score = 5016

[INFO] Chosen move: L

 512     4    32     4 
   2   128    64     4 
  16     2           2 
   8     2             
Score = 5016

[INFO] Chosen move: L

 512     4    32     4 
   2   128    64     4 
  16     4     2       
   8     2             
Score = 5020

[INFO] Chosen move: U

 512     4    32     8 
   2   128    64       
  16     4     2       
   8     2           4 
Score = 5028

[INFO] Chosen move: D

 512     4             
   2   128    32     2 
  16     4    64     8 
   8     2     2     4 
Score = 5028

[INFO] Chosen move: L

 512     4           2 
   2   128    32     2 
  16     4    64     8 
   8     4     4       
Score = 5032

[INFO] Chosen move: U

 512     4    32     4 
   2   128    64     8 
  16     8     4       
   8                 2 
Score = 5044

[INFO] Chosen move: D

 512           2       
   2     4    32     4 
  16   128    64     8 
   8     8     4     2 
Score = 5044

[INFO] Chosen move: L

 512     2           2 
   2     4    32     4 
  16   128    64     8 
  16     4     2       
Score = 5060

[INFO] Chosen move: L

 512     4     2       
   2     4    32     4 
  16   128    64     8 
  16     4     2       
Score = 5064

[INFO] Chosen move: U

 512     8     2     4 
   2   128    32     8 
  32     4    64       
               2     4 
Score = 5104

[INFO] Chosen move: L

 512     8     2     4 
   2   128    32     8 
  32     4    64     2 
   2     4             
Score = 5104

[INFO] Chosen move: D

 512                 2 
   2     8     2     4 
  32   128    32     8 
   2     8    64     2 
Score = 5112

[INFO] Chosen move: L

 512     2           2 
   2     8     2     4 
  32   128    32     8 
   2     8    64     2 
Score = 5112

[INFO] Chosen move: L

 512     4           2 
   2     8     2     4 
  32   128    32     8 
   2     8    64     2 
Score = 5116

[INFO] Chosen move: L

 512     4     2     4 
   2     8     2     4 
  32   128    32     8 
   2     8    64     2 
Score = 5116

[INFO] Chosen move: U

 512     4     4     8 
   2     8    32     8 
  32   128    64     2 
   2     8           2 
Score = 5128

[INFO] Chosen move: U

 512     4     4    16 
   2     8    32     4 
  32   128    64       
   2     8     2       
Score = 5148

[INFO] Chosen move: L

 512     8    16       
   2     8    32     4 
  32   128    64       
   2     8     2     4 
Score = 5156

[INFO] Chosen move: U

 512    16    16     8 
   2   128    32       
  32     8    64       
   2           2     2 
Score = 5180

[INFO] Chosen move: L

 512    32     8     2 
   2   128    32       
  32     8    64       
   4     2             
Score = 5216

[INFO] Chosen move: D

 512    32     2       
   2   128     8       
  32     8    32       
   4     2    64     2 
Score = 5216

[INFO] Chosen move: U

 512    32     2     2 
   2   128     8       
  32     8    32     2 
   4     2    64       
Score = 5216

[INFO] Chosen move: U

 512    32     2     4 
   2   128     8     4 
  32     8    32       
   4     2    64       
Score = 5220

[INFO] Chosen move: R

 512    32     2     4 
   2   128     8     4 
   2    32     8    32 
         4     2    64 
Score = 5220

[INFO] Chosen move: U

 512    32     2     8 
   4   128    16    32 
   2    32     2    64 
         4             
Score = 5248

[INFO] Chosen move: L

 512    32     2     8 
   4   128    16    32 
   2    32     2    64 
   4           4       
Score = 5248

[INFO] Chosen move: R

 512    32     2     8 
   4   128    16    32 
   2    32     2    64 
   2                 8 
Score = 5256

[INFO] Chosen move: U

 512    32     2     8 
   4   128    16    32 
   4    32     2    64 
         4           8 
Score = 5260

[INFO] Chosen move: U

 512    32     2     8 
   8   128    16    32 
        32     2    64 
   2     4           8 
Score = 5268

[INFO] Chosen move: U

 512    32     2     8 
   8   128    16    32 
   2    32     2    64 
         4     4     8 
Score = 5268

[INFO] Chosen move: L

 512    32     2     8 
   8   128    16    32 
   2    32     2    64 
   8     8           2 
Score = 5276

[INFO] Chosen move: D

 512    32     2     8 
   8   128     2    32 
   2    32    16    64 
   8     8     2     2 
Score = 5276

[INFO] Chosen move: R

 512    32     2     8 
   8   128     2    32 
   2    32    16    64 
         2    16     4 
Score = 5296

[INFO] Chosen move: U

 512    32     4     8 
   8   128    32    32 
   2    32     2    64 
         2           4 
Score = 5332

[INFO] Chosen move: R

 512    32     4     8 
   2     8   128    64 
   2    32     2    64 
               2     4 
Score = 5396

[INFO] Chosen move: U

 512    32     4     8 
   4     8   128   128 
   2    32     4     4 
                       
Score = 5532

[INFO] Chosen move: L

 512    32     4     8 
   4     8   256       
   2    32     8       
               2       
Score = 5796

[INFO] Chosen move: R

 512    32     4     8 
         4     8   256 
         2    32     8 
               2     2 
Score = 5796

[INFO] Chosen move: R

 512    32     4     8 
         4     8   256 
         2    32     8 
         4           4 
Score = 5800

[INFO] Chosen move: R

 512    32     4     8 
         4     8   256 
         2    32     8 
               2     8 
Score = 5808

[INFO] Chosen move: D

               4       
   2    32     8     8 
         4    32   256 
 512     2     2    16 
Score = 5824

[INFO] Chosen move: R

                     4 
         2    32    16 
         4    32   256 
   2   512     4    16 
Score = 5844

[INFO] Chosen move: U

   2     2    64     4 
   2     4     4    16 
       512         256 
                    16 
Score = 5908

[INFO] Chosen move: R

         4    64     4 
         2     8    16 
             512   256 
               2    16 
Score = 5920

[INFO] Chosen move: D

              64     4 
   2           8    16 
         4   512   256 
         2     2    16 
Score = 5920

[INFO] Chosen move: R

              64     4 
         2     8    16 
   4     4   512   256 
               4    16 
Score = 5924

[INFO] Chosen move: D

              64     4 
   2           8    16 
         2   512   256 
   4     4     4    16 
Score = 5924

[INFO] Chosen move: D

   2          64     4 
               8    16 
   2     2   512   256 
   4     4     4    16 
Score = 5924

[INFO] Chosen move: D

   2          64     4 
               8    16 
   4     2   512   256 
   4     4     4    16 
Score = 5928

[INFO] Chosen move: D

              64     4 
   4           8    16 
   2     2   512   256 
   8     4     4    16 
Score = 5936

[INFO] Chosen move: L

  64     4     2       
   4     8    16       
   4   512   256       
   8     8    16       
Score = 5948

[INFO] Chosen move: R

        64     4     2 
         4     8    16 
         4   512   256 
         2    16    16 
Score = 5964

[INFO] Chosen move: U

        64     4     2 
         8     8    16 
         2   512   256 
   4          16    16 
Score = 5972

[INFO] Chosen move: L

  64     4     2       
  16    16     2       
   2   512   256       
   4    32             
Score = 6020

[INFO] Chosen move: U

  64     4     4       
  16    16   256       
   2   512           2 
   4    32             
Score = 6024

[INFO] Chosen move: L

  64     8             
  32   256             
   2   512     2       
   4    32           2 
Score = 6064

[INFO] Chosen move: L

  64     8             
  32   256     2       
   2   512     2       
   4    32     2       
Score = 6064

[INFO] Chosen move: U

  64     8     4     2 
  32   256     2       
   2   512             
   4    32             
Score = 6068

[INFO] Chosen move: D

  64     8             
  32   256     2       
   2   512     4       
   4    32     2     2 
Score = 6068

[INFO] Chosen move: L

  64     8     2       
  32   256     2       
   2   512     4       
   4    32     4       
Score = 6072

[INFO] Chosen move: U

  64     8     4     2 
  32   256     8       
   2   512             
   4    32             
Score = 6084

[INFO] Chosen move: D

  64     8     2       
  32   256             
   2   512     4       
   4    32     8     2 
Score = 6084

[INFO] Chosen move: U

  64     8     2     2 
  32   256     4       
   2   512     8       
   4    32           4 
Score = 6084

[INFO] Chosen move: L

  64     8     4     2 
  32   256     4       
   2   512     8       
   4    32     4       
Score = 6088

[INFO] Chosen move: U

  64     8     8     2 
  32   256     8     4 
   2   512     4       
   4    32             
Score = 6096

[INFO] Chosen move: U

  64     8    16     2 
  32   256     4     4 
   2   512             
   4    32     2       
Score = 6112

[INFO] Chosen move: U

  64     8    16     2 
  32   256     4     4 
   2   512     2       
   4    32     2       
Score = 6112

[INFO] Chosen move: L

  64     8    16     2 
  32   256     8       
   2   512     2       
   4    32     2     2 
Score = 6120

[INFO] Chosen move: D

  64     8           2 
  32   256    16       
   2   512     8       
   4    32     4     4 
Score = 6128

[INFO] Chosen move: L

  64     8     2     2 
  32   256    16       
   2   512     8       
   4    32     8       
Score = 6136

[INFO] Chosen move: D

  64     8     2       
  32   256     2       
   2   512    16       
   4    32    16     2 
Score = 6152

[INFO] Chosen move: D

  64     8     2       
  32   256             
   2   512     4       
   4    32    32     2 
Score = 6188

[INFO] Chosen move: L

  64     8     2       
  32   256           4 
   2   512     4       
   4    64     2       
Score = 6252

[INFO] Chosen move: U

  64     8     2     4 
  32   256     4       
   2   512     2     4 
   4    64             
Score = 6252

[INFO] Chosen move: U

  64     8     2     8 
  32   256     4       
   2   512     2       
   4    64           4 
Score = 6260

[INFO] Chosen move: U

  64     8     2     8 
  32   256     4     4 
   2   512     2       
   4    64           4 
Score = 6260

[INFO] Chosen move: D

  64     8     4       
  32   256     2       
   2   512     4     8 
   4    64     2     8 
Score = 6268

[INFO] Chosen move: U

  64     8     4    16 
  32   256     2       
   2   512     4       
   4    64     2     2 
Score = 6284

[INFO] Chosen move: L

  64     8     4    16 
  32   256     2       
   2   512     4     4 
   4    64     4       
Score = 6288

[INFO] Chosen move: D

  64     8     2       
  32   256     4       
   2   512     2    16 
   4    64     8     4 
Score = 6296

[INFO] Chosen move: U

  64     8     2    16 
  32   256     4     4 
   2   512     2     2 
   4    64     8       
Score = 6296

[INFO] Chosen move: L

  64     8     2    16 
  32   256     8       
   2   512     4     2 
   4    64     8       
Score = 6308

[INFO] Chosen move: U

  64     8     2    16 
  32   256     8     2 
   2   512     4       
   4    64     8     2 
Score = 6308

[INFO] Chosen move: D

  64     8     2     2 
  32   256     8       
   2   512     4    16 
   4    64     8     4 
Score = 6312

[INFO] Chosen move: U

  64     8     2     2 
  32   256     8    16 
   2   512     4     4 
   4    64     8     2 
Score = 6312

[INFO] Chosen move: R

   4    64     8     4 
  32   256     8    16 
         2   512     8 
   4    64     8     2 
Score = 6324

[INFO] Chosen move: L

   4    64     8     4 
  32   256     8    16 
   2   512     8     2 
   4    64     8     2 
Score = 6324

[INFO] Chosen move: U

   4    64    16     4 
  32   256    16    16 
   2   512           4 
   4    64           2 
Score = 6360

[INFO] Chosen move: U

   4    64    32     4 
  32   256          16 
   2   512     4     4 
   4    64           2 
Score = 6392

[INFO] Chosen move: R

   4    64    32     4 
        32   256    16 
   4     2   512     8 
         4    64     2 
Score = 6400

[INFO] Chosen move: D

        64    32     4 
   2    32   256    16 
         2   512     8 
   8     4    64     2 
Score = 6408

[INFO] Chosen move: D

   2    64    32     4 
        32   256    16 
   2     2   512     8 
   8     4    64     2 
Score = 6408

[INFO] Chosen move: R

   2    64    32     4 
        32   256    16 
   2     4   512     8 
   8     4    64     2 
Score = 6412

[INFO] Chosen move: D

   2          32     4 
        64   256    16 
   4    32   512     8 
   8     8    64     2 
Score = 6424

[INFO] Chosen move: D

   2          32     4 
   2    64   256    16 
   4    32   512     8 
   8     8    64     2 
Score = 6424

[INFO] Chosen move: U

   4    64    32     4 
   4    32   256    16 
   8     8   512     8 
   2          64     2 
Score = 6428

[INFO] Chosen move: U

   8    64    32     4 
   8    32   256    16 
   2     8   512     8 
         2    64     2 
Score = 6436

[INFO] Chosen move: D

        64    32     4 
   2    32   256    16 
  16     8   512     8 
   2     2    64     2 
Score = 6452

[INFO] Chosen move: L

  64    32     4     4 
   2    32   256    16 
  16     8   512     8 
   4    64     2       
Score = 6456

[INFO] Chosen move: U

  64    64     4     4 
   2     8   256    16 
  16    64   512     8 
   4           2     2 
Score = 6520

[INFO] Chosen move: R

             128     8 
   2     8   256    16 
  16    64   512     8 
   4           4     4 
Score = 6660

[INFO] Chosen move: D

         2   128     8 
   2         256    16 
  16     8   512     8 
   4    64     4     4 
Score = 6660

[INFO] Chosen move: R

         2   128     8 
   2     2   256    16 
  16     8   512     8 
         4    64     8 
Score = 6668

[INFO] Chosen move: R

         2   128     8 
   2     4   256    16 
  16     8   512     8 
         4    64     8 
Score = 6672

[INFO] Chosen move: U

   2     2   128     8 
  16     4   256    16 
   2     8   512    16 
         4    64       
Score = 6688

[INFO] Chosen move: R

         4   128     8 
  16     4   256    16 
   2     8   512    16 
         2     4    64 
Score = 6692

[INFO] Chosen move: U

  16     8   128     8 
   2     8   256    32 
         2   512    64 
         2     4       
Score = 6732

[INFO] Chosen move: U

  16    16   128     8 
   2     4   256    32 
             512    64 
               4     2 
Score = 6752

[INFO] Chosen move: D

   2         128     8 
             256    32 
  16    16   512    64 
   2     4     4     2 
Score = 6752

[INFO] Chosen move: R

         2   128     8 
         4   256    32 
        32   512    64 
         2     8     2 
Score = 6792

[INFO] Chosen move: L

   2   128     8       
   4   256    32     2 
  32   512    64       
   2     8     2       
Score = 6792

[INFO] Chosen move: D

   2   128     8       
   4   256    32     2 
  32   512    64       
   2     8     2     2 
Score = 6792

[INFO] Chosen move: U

   2   128     8     4 
   4   256    32       
  32   512    64     2 
   2     8     2       
Score = 6796

[INFO] Chosen move: D

   2   128     8     2 
   4   256    32       
  32   512    64     4 
   2     8     2     2 
Score = 6796

[INFO] Chosen move: L

   2   128     8     2 
   4   256    32       
  32   512    64     4 
   2     8     4     2 
Score = 6800

[INFO] Chosen move: U

   2   128     8     2 
   4   256    32     4 
  32   512    64     2 
   2     8     4     2 
Score = 6800

[INFO] Chosen move: D

   2   128     8     2 
   4   256    32     2 
  32   512    64     4 
   2     8     4     4 
Score = 6804

[INFO] Chosen move: R

   2   128     8     2 
   4   256    32     2 
  32   512    64     4 
   2     2     8     8 
Score = 6812

[INFO] Chosen move: U

   2   128     8     4 
   4   256    32     4 
  32   512    64     8 
   2     2     8     2 
Score = 6816

[INFO] Chosen move: L

   2   128     8     4 
   4   256    32     4 
  32   512    64     8 
   4     8     2     4 
Score = 6820

[INFO] Chosen move: U

   2   128     8     8 
   4   256    32     8 
  32   512    64     4 
   4     8     2     2 
Score = 6828

[INFO] Chosen move: L

   2   128    16     4 
   4   256    32     8 
  32   512    64     4 
   4     8     4       
Score = 6848

[INFO] Chosen move: D

   2   128    16     2 
   4   256    32     4 
  32   512    64     8 
   4     8     4     4 
Score = 6848

[INFO] Chosen move: R

   2   128    16     2 
   4   256    32     4 
  32   512    64     8 
   2     4     8     8 
Score = 6856

[INFO] Chosen move: D

   2   128    16     4 
   4   256    32     2 
  32   512    64     4 
   2     4     8    16 
Score = 6872
