   8                 4 
                       
               4       
   4           2     2 
Score = 0

[INFO] Chosen move: L

   8     4     2       
                       
   4                   
   4     4             
Score = 4

[INFO] Chosen move: U

   8     8     2       
   8                   
                       
   2                   
Score = 20

[INFO] Chosen move: L

  16     2             
   8                   
                       
   2     2             
Score = 36

[INFO] Chosen move: L

  16     2             
   8           2       
                       
   4                   
Score = 40

[INFO] Chosen move: U

  16     2     2       
   8                   
   4                   
   2                   
Score = 40

[INFO] Chosen move: L

  16     4             
   8                   
   4           2       
   2                   
Score = 44

[INFO] Chosen move: U

  16     4     2       
   8                   
   4     2             
   2                   
Score = 44

[INFO] Chosen move: D

  16           4       
   8                   
   4     4             
   2     2     2       
Score = 44

[INFO] Chosen move: L

  16     4             
   8           4       
   8                   
   4     2             
Score = 56

[INFO] Chosen move: U

  16     4     4       
  16     2             
   4                   
               4       
Score = 72

[INFO] Chosen move: L

  16     8             
  16     2             
   4                   
   4     2             
Score = 80

[INFO] Chosen move: U

  32     8     2       
   8     4             
                       
                       
Score = 124

[INFO] Chosen move: R

        32     8     2 
               8     4 
         2             
                       
Score = 124

[INFO] Chosen move: U

        32    16     2 
         2           4 
                       
                     2 
Score = 140

[INFO] Chosen move: L

  32    16     2       
   2     4             
                       
   2     2             
Score = 140

[INFO] Chosen move: U

  32    16     2     2 
   4     4             
         2             
                       
Score = 144

[INFO] Chosen move: L

  32    16     4       
   8                 2 
   2                   
                       
Score = 156

[INFO] Chosen move: L

  32    16     4       
   8     2             
   2                   
                     4 
Score = 156

[INFO] Chosen move: U

  32    16     4     4 
   8     2     2       
   2                   
                       
Score = 156

[INFO] Chosen move: L

  32    16     8       
   8     4             
   2                   
   2                   
Score = 168

[INFO] Chosen move: R

        32    16     8 
         2     8     4 
                     2 
                     2 
Score = 168

[INFO] Chosen move: L

  32    16     8       
   2     8     4       
   2     2             
   2                   
Score = 168

[INFO] Chosen move: U

  32    16     8       
   4     8     4       
   2     2     4       
                       
Score = 172

[INFO] Chosen move: U

  32    16     8       
   4     8     8       
   2     2             
         2             
Score = 180

[INFO] Chosen move: L

  32    16     8       
   4    16             
   4     2             
   2                   
Score = 200

[INFO] Chosen move: U

  32    32     8       
   8     2           2 
   2                   
                       
Score = 240

[INFO] Chosen move: L

  64     8           2 
   8     4             
   2                   
                       
Score = 308

[INFO] Chosen move: L

  64     8     2       
   8     4           2 
   2                   
                       
Score = 308

[INFO] Chosen move: U

  64     8     2     2 
   8     4             
   2                   
               2       
Score = 308

[INFO] Chosen move: L

  64     8     4       
   8     4     2       
   2                   
   2                   
Score = 312

[INFO] Chosen move: U

  64     8     4       
   8     4     2       
   4           4       
                       
Score = 316

[INFO] Chosen move: L

  64     8     4     4 
   8     4     2       
   8                   
                       
Score = 324

[INFO] Chosen move: L

  64     8     8       
   8     4     2       
   8                   
               2       
Score = 332

[INFO] Chosen move: U

  64     8     8       
  16     4     4       
         2             
                       
Score = 352

[INFO] Chosen move: L

  64    16             
  16     8             
   2                   
         4             
Score = 376

[INFO] Chosen move: L

  64    16             
  16     8     2       
   2                   
   4                   
Score = 376

[INFO] Chosen move: U

  64    16     2       
  16     8             
   2                   
   4     2             
Score = 376

[INFO] Chosen move: U

  64    16     2       
  16     8           4 
   2     2             
   4                   
Score = 376

[INFO] Chosen move: L

  64    16     2       
  16     8     4       
   4                   
   4                 2 
Score = 380

[INFO] Chosen move: U

  64    16     2     2 
  16     8     4       
   8                   
                     2 
Score = 388

[INFO] Chosen move: L

  64    16     4       
  16     8     4     2 
   8                   
   2                   
Score = 392

[INFO] Chosen move: D

  64                   
  16     2             
   8    16             
   2     8     8     2 
Score = 400

[INFO] Chosen move: U

  64     2     8     2 
  16    16     2       
   8     8             
   2                   
Score = 400

[INFO] Chosen move: L

  64     2     8     2 
  32     2             
  16                   
   2           4       
Score = 448

[INFO] Chosen move: D

  64                 2 
  32                   
  16           8       
   2     4     4     2 
Score = 452

[INFO] Chosen move: L

  64     2             
  32     2             
  16     8             
   2     8     2       
Score = 460

[INFO] Chosen move: U

  64     4     2       
  32    16             
  16     2             
   2                   
Score = 480

[INFO] Chosen move: D

  64                   
  32     4             
  16    16             
   2     2     2     2 
Score = 480

[INFO] Chosen move: L

  64           2       
  32     4             
  32                   
   4     4             
Score = 520

[INFO] Chosen move: U

  64     8     2       
  64           2       
   4                   
                       
Score = 592

[INFO] Chosen move: L

  64     8     2       
  64     2             
   4                 2 
                       
Score = 592

[INFO] Chosen move: L

  64     8     2       
  64     2             
   4     2           2 
                       
Score = 592

[INFO] Chosen move: U

 128     8     2     2 
   4     4             
                       
                     2 
Score = 724

[INFO] Chosen move: L

 128     8     4       
   8                   
                     4 
   2                   
Score = 736

[INFO] Chosen move: U

 128     8     4     4 
   8                   
   2                   
         4             
Score = 736

[INFO] Chosen move: L

 128     8     8     2 
   8                   
   2                   
   4                   
Score = 744

[INFO] Chosen move: L

 128    16     2       
   8                   
   2     2             
   4                   
Score = 760

[INFO] Chosen move: L

 128    16     2     2 
   8                   
   4                   
   4                   
Score = 764

[INFO] Chosen move: U

 128    16     2     2 
   8           2       
   8                   
                       
Score = 772

[INFO] Chosen move: L

 128    16     4       
   8     2             
   8           4       
                       
Score = 776

[INFO] Chosen move: U

 128    16     8       
  16     2           2 
                       
                       
Score = 800

[INFO] Chosen move: U

 128    16     8     2 
  16     2             
                     2 
                       
Score = 800

[INFO] Chosen move: U

 128    16     8     4 
  16     2             
                       
                     4 
Score = 804

[INFO] Chosen move: U

 128    16     8     8 
  16     2             
                       
         2             
Score = 812

[INFO] Chosen move: L

 128    16    16       
  16     2             
   2                   
   2                   
Score = 828

[INFO] Chosen move: U

 128    16    16       
  16     2           2 
   4                   
                       
Score = 832

[INFO] Chosen move: U

 128    16    16     2 
  16     2             
   4                   
   2                   
Score = 832

[INFO] Chosen move: L

 128    32     2       
  16     2             
   4     2             
   2                   
Score = 864

[INFO] Chosen move: U

 128    32     2       
  16     4             
   4           2       
   2                   
Score = 868

[INFO] Chosen move: L

 128    32     2       
  16     4             
   4     2             
   2                 2 
Score = 868

[INFO] Chosen move: L

 128    32     2       
  16     4           4 
   4     2             
   4                   
Score = 872

[INFO] Chosen move: L

 128    32     2       
  16     8     2       
   4     2             
   4                   
Score = 880

[INFO] Chosen move: U

 128    32     4       
  16     8             
   8     2           2 
                       
Score = 892

[INFO] Chosen move: U

 128    32     4     2 
  16     8             
   8     2             
   4                   
Score = 892

[INFO] Chosen move: D

 128                   
  16    32           2 
   8     8             
   4     2     4     2 
Score = 892

[INFO] Chosen move: U

 128    32     4     4 
  16     8             
   8     2     2       
   4                   
Score = 896

[INFO] Chosen move: D

 128                 2 
  16    32             
   8     8     4       
   4     2     2     4 
Score = 896

[INFO] Chosen move: L

 128     2             
  16    32             
  16     4             
   4     4     4     2 
Score = 916

[INFO] Chosen move: L

 128     2     2       
  16    32             
  16     4             
   8     4     2       
Score = 924

[INFO] Chosen move: U

 128     2     4       
  32    32           2 
   8     8             
                       
Score = 968

[INFO] Chosen move: L

 128     2     4       
  64     2           2 
  16                   
                       
Score = 1048

[INFO] Chosen move: U

 128     4     4     2 
  64                   
  16                   
         2             
Score = 1052

[INFO] Chosen move: L

 128     8     2       
  64           2       
  16                   
   2                   
Score = 1060

[INFO] Chosen move: U

 128     8     4       
  64                   
  16                   
   2                 2 
Score = 1064

[INFO] Chosen move: L

 128     8     4       
  64                   
  16                   
   4                 4 
Score = 1068

[INFO] Chosen move: L

 128     8     4       
  64                   
  16           2       
   8                   
Score = 1076

[INFO] Chosen move: D

 128                   
  64                   
  16           4       
   8     8     2     4 
Score = 1076

[INFO] Chosen move: L

 128                   
  64     2             
  16     4             
  16     2     4       
Score = 1092

[INFO] Chosen move: D

         2             
 128     2             
  64     4             
  32     2     4       
Score = 1124

[INFO] Chosen move: U

 128     4     4       
  64     4             
  32     2             
                     2 
Score = 1128

[INFO] Chosen move: L

 128     8             
  64     4             
  32     2             
   2           2       
Score = 1136

[INFO] Chosen move: L

 128     8             
  64     4             
  32     2             
   4                 4 
Score = 1140

[INFO] Chosen move: L

 128     8             
  64     4     2       
  32     2             
   8                   
Score = 1148

[INFO] Chosen move: D

 128                   
  64     8     2       
  32     4             
   8     2     2       
Score = 1148

[INFO] Chosen move: L

 128           4       
  64     8     2       
  32     4             
   8     4             
Score = 1152

[INFO] Chosen move: L

 128     4             
  64     8     2     2 
  32     4             
   8     4             
Score = 1152

[INFO] Chosen move: D

 128                   
  64     4     2       
  32     8             
   8     8     2     2 
Score = 1160

[INFO] Chosen move: L

 128                   
  64     4     2       
  32     8             
  16     4           2 
Score = 1180

[INFO] Chosen move: U

 128     4     2     2 
  64     8             
  32     4     2       
  16                   
Score = 1180

[INFO] Chosen move: U

 128     4     4     2 
  64     8             
  32     4             
  16                 2 
Score = 1184

[INFO] Chosen move: L

 128     8     2       
  64     8           2 
  32     4             
  16     2             
Score = 1192

[INFO] Chosen move: U

 128    16     2     2 
  64     4     2       
  32     2             
  16                   
Score = 1208

[INFO] Chosen move: U

 128    16     4     2 
  64     4             
  32     2             
  16           2       
Score = 1212

[INFO] Chosen move: D

 128                   
  64    16             
  32     4     4     4 
  16     2     2     2 
Score = 1212

[INFO] Chosen move: L

 128           4       
  64    16             
  32     8     4       
  16     4     2       
Score = 1224

[INFO] Chosen move: D

 128                   
  64    16     2       
  32     8     8       
  16     4     2       
Score = 1232

[INFO] Chosen move: L

 128                   
  64    16     2       
  32    16             
  16     4     2     2 
Score = 1248

[INFO] Chosen move: D

 128                   
  64                   
  32    32           2 
  16     4     4     2 
Score = 1284

[INFO] Chosen move: D

 128     2             
  64                   
  32    32             
  16     4     4     4 
Score = 1288

[INFO] Chosen move: L

 128     2             
  64                   
  64     2             
  16     8     4       
Score = 1360

[INFO] Chosen move: U

 128     4     4       
 128     8             
  16                   
               2       
Score = 1492

[INFO] Chosen move: L

 128     8             
 128     8             
  16                   
   2           4       
Score = 1500

[INFO] Chosen move: L

 128     8             
 128     8             
  16                   
   2     4           4 
Score = 1500

[INFO] Chosen move: L

 128     8             
 128     8     2       
  16                   
   2     8             
Score = 1508

[INFO] Chosen move: U

 256    16     2       
  16     8             
   2                   
                     4 
Score = 1780

[INFO] Chosen move: L

 256    16     2       
  16     8             
   2     4             
   4                   
Score = 1780

[INFO] Chosen move: D

 256                   
  16    16           2 
   2     8             
   4     4     2       
Score = 1780

[INFO] Chosen move: D

 256                   
  16    16           4 
   2     8             
   4     4     2     2 
Score = 1780

[INFO] Chosen move: L

 256                   
  32     4           2 
   2     8             
   8     4             
Score = 1824

[INFO] Chosen move: L

 256                 2 
  32     4     2       
   2     8             
   8     4             
Score = 1824

[INFO] Chosen move: U

 256     4     2     2 
  32     8             
   2     4     2       
   8                   
Score = 1824

[INFO] Chosen move: D

 256                   
  32     4             
   2     8           2 
   8     4     4     2 
Score = 1828

[INFO] Chosen move: L

 256                   
  32     4             
   2     8     2       
   8     8     2     2 
Score = 1836

[INFO] Chosen move: U

 256     4     4     2 
  32    16     4       
   2                   
   8                   
Score = 1856

[INFO] Chosen move: L

 256     8     2       
  32    16     4       
   2                   
   8           2       
Score = 1864

[INFO] Chosen move: U

 256     8     2       
  32    16     4       
   2           2       
   8     2             
Score = 1864

[INFO] Chosen move: L

 256     8     2       
  32    16     4     2 
   4                   
   8     2             
Score = 1868

[INFO] Chosen move: U

 256     8     2     2 
  32    16     4       
   4     2             
   8           2       
Score = 1868

[INFO] Chosen move: L

 256     8     4       
  32    16     4       
   4     2           2 
   8     2             
Score = 1872

[INFO] Chosen move: U

 256     8     8     2 
  32    16     2       
   4     4             
   8                   
Score = 1884

[INFO] Chosen move: L

 256    16     2       
  32    16     2       
   8                   
   8                 4 
Score = 1908

[INFO] Chosen move: U

 256    32     4     4 
  32                   
  16                   
         2             
Score = 1960

[INFO] Chosen move: U

 256    32     4     4 
  32     2             
  16                   
         2             
Score = 1960

[INFO] Chosen move: U

 256    32     4     4 
  32     4             
  16                   
                     2 
Score = 1964

[INFO] Chosen move: U

 256    32     4     4 
  32     4           2 
  16           4       
                       
Score = 1964

[INFO] Chosen move: L

 256    32     8       
  32     4     2       
  16     4             
   4                   
Score = 1972

[INFO] Chosen move: U

 256    32     8       
  32     8     2       
  16     2             
   4                   
Score = 1980

[INFO] Chosen move: D

 256     2             
  32    32             
  16     8     8       
   4     2     2       
Score = 1980

[INFO] Chosen move: L

 256     2             
  64                 4 
  16    16             
   4     4             
Score = 2064

[INFO] Chosen move: L

 256     2             
  64     4             
  32           2       
   8                   
Score = 2104

[INFO] Chosen move: U

 256     2     2       
  64     4           2 
  32                   
   8                   
Score = 2104

[INFO] Chosen move: L

 256     4             
  64     4     2       
  32                   
   8           2       
Score = 2108

[INFO] Chosen move: D

 256                   
  64           4       
  32                   
   8     8     4       
Score = 2120

[INFO] Chosen move: D

 256                   
  64                   
  32                 4 
   8     8     8       
Score = 2128

[INFO] Chosen move: L

 256                   
  64                   
  32     4     2       
  16     8             
Score = 2144

[INFO] Chosen move: D

 256                   
  64                   
  32     4           2 
  16     8     2       
Score = 2144

[INFO] Chosen move: L

 256                   
  64                   
  32     4     2       
  16     8     2     2 
Score = 2144

[INFO] Chosen move: U

 256     4     4     2 
  64     8             
  32                 2 
  16                   
Score = 2148

[INFO] Chosen move: L

 256     8     2       
  64     8             
  32     2             
  16     4             
Score = 2156

[INFO] Chosen move: U

 256    16     2       
  64     2             
  32     4           2 
  16                   
Score = 2172

[INFO] Chosen move: U

 256    16     2     2 
  64     2     2       
  32     4             
  16                   
Score = 2172

[INFO] Chosen move: L

 256    16     4       
  64     4             
  32     4           2 
  16                   
Score = 2180

[INFO] Chosen move: L

 256    16     4       
  64     4           2 
  32     4     2       
  16                   
Score = 2180

[INFO] Chosen move: L

 256    16     4       
  64     4     2       
  32     4     2       
  16                 4 
Score = 2180

[INFO] Chosen move: U

 256    16     4     4 
  64     8     4       
  32     4             
  16                   
Score = 2192

[INFO] Chosen move: L

 256    16     8       
  64     8     4       
  32     4             
  16                 2 
Score = 2200

[INFO] Chosen move: D

 256                   
  64    16     2       
  32     8     8       
  16     4     4     2 
Score = 2200

[INFO] Chosen move: L

 256           4       
  64    16     2       
  32    16             
  16     8     2       
Score = 2224

[INFO] Chosen move: D

 256                   
  64                   
  32    32     4     2 
  16     8     4       
Score = 2260

[INFO] Chosen move: D

 256                   
  64                   
  32    32           2 
  16     8     8     2 
Score = 2268

[INFO] Chosen move: L

 256           2       
  64                   
  64     2             
  16    16     2       
Score = 2348

[INFO] Chosen move: L

 256     2           2 
  64                   
  64     2             
  32     2             
Score = 2380

[INFO] Chosen move: L

 256     4     2       
  64                   
  64     2             
  32     2             
Score = 2384

[INFO] Chosen move: U

 256     4     2       
 128     4             
  32                   
   4                   
Score = 2516

[INFO] Chosen move: U

 256     8     2       
 128                   
  32                   
   4           2       
Score = 2524

[INFO] Chosen move: U

 256     8     4       
 128                   
  32                 2 
   4                   
Score = 2528

[INFO] Chosen move: L

 256     8     4     2 
 128                   
  32     2             
   4                   
Score = 2528

[INFO] Chosen move: U

 256     8     4     2 
 128     2             
  32                   
   4           4       
Score = 2528

[INFO] Chosen move: U

 256     8     8     2 
 128     2             
  32                   
   4     2             
Score = 2536

[INFO] Chosen move: D

 256                   
 128                   
  32     8     2       
   4     4     8     2 
Score = 2540

[INFO] Chosen move: L

 256           2       
 128                   
  32     8     2       
   8     8     2       
Score = 2548

[INFO] Chosen move: U

 256    16     4     2 
 128           2       
  32                   
   8                   
Score = 2568

[INFO] Chosen move: D

 256     2             
 128                   
  32           4       
   8    16     2     2 
Score = 2568

[INFO] Chosen move: L

 256     2             
 128                   
  32     4             
   8    16     4     4 
Score = 2572

[INFO] Chosen move: D

 256           2       
 128     2             
  32     4             
   8    16     4     4 
Score = 2572

[INFO] Chosen move: L

 256     2             
 128     2           2 
  32     4             
   8    16     8       
Score = 2580

[INFO] Chosen move: L

 256     2             
 128     4             
  32     4             
   8    16     8     2 
Score = 2584

[INFO] Chosen move: U

 256     2     8     2 
 128     8             
  32    16     4       
   8                   
Score = 2592

[INFO] Chosen move: D

 256     2             
 128     2             
  32     8     8       
   8    16     4     2 
Score = 2592

[INFO] Chosen move: L

 256     2             
 128     2           2 
  32    16             
   8    16     4     2 
Score = 2608

[INFO] Chosen move: D

 256                   
 128                   
  32     4           2 
   8    32     4     4 
Score = 2648

[INFO] Chosen move: L

 256                   
 128                   
  32     4     2     2 
   8    32     8       
Score = 2656

[INFO] Chosen move: L

 256     4             
 128                   
  32     4     4       
   8    32     8       
Score = 2660

[INFO] Chosen move: L

 256     4             
 128           2       
  32     8             
   8    32     8       
Score = 2668

[INFO] Chosen move: U

 256     4     2       
 128     8     8       
  32    32             
   8           2       
Score = 2668

[INFO] Chosen move: L

 256     4     2       
 128    16           2 
  64                   
   8     2             
Score = 2748

[INFO] Chosen move: U

 256     4     2     2 
 128    16             
  64     2     4       
   8                   
Score = 2748

[INFO] Chosen move: U

 256     4     2     2 
 128    16     4       
  64     2             
   8     2             
Score = 2748

[INFO] Chosen move: D

 256                   
 128     4           2 
  64    16     2       
   8     4     4     2 
Score = 2752

[INFO] Chosen move: D

 256           4       
 128     4             
  64    16     2       
   8     4     4     4 
Score = 2756

[INFO] Chosen move: L

 256     4           2 
 128     4             
  64    16     2       
   8     8     4       
Score = 2764

[INFO] Chosen move: L

 256     4     2       
 128     4             
  64    16     2     2 
  16     4             
Score = 2780

[INFO] Chosen move: D

 256     2             
 128     8             
  64    16             
  16     4     4     2 
Score = 2792

[INFO] Chosen move: L

 256     2             
 128     8             
  64    16             
  16     8     2     2 
Score = 2800

[INFO] Chosen move: L

 256     2     4       
 128     8             
  64    16             
  16     8     4       
Score = 2804

[INFO] Chosen move: D

 256     2             
 128     8     2       
  64    16             
  16     8     8       
Score = 2812

[INFO] Chosen move: L

 256     2             
 128     8     2       
  64    16             
  16    16           2 
Score = 2828

[INFO] Chosen move: D

 256                   
 128     2             
  64     8           2 
  16    32     2     2 
Score = 2860

[INFO] Chosen move: L

 256                   
 128     2             
  64     8     2       
  16    32     4     4 
Score = 2864

[INFO] Chosen move: L

 256                 4 
 128     2             
  64     8     2       
  16    32     8       
Score = 2872

[INFO] Chosen move: U

 256     2     2     4 
 128     8     8       
  64    32             
  16                 2 
Score = 2872

[INFO] Chosen move: L

 256     4     4       
 128    16           2 
  64    32             
  16     2             
Score = 2892

[INFO] Chosen move: L

 256     8     2       
 128    16     2       
  64    32             
  16     2             
Score = 2900

[INFO] Chosen move: U

 256     8     4     4 
 128    16             
  64    32             
  16     2             
Score = 2904

[INFO] Chosen move: L

 256     8     8       
 128    16           4 
  64    32             
  16     2             
Score = 2912

[INFO] Chosen move: L

 256    16             
 128    16     4       
  64    32             
  16     2           4 
Score = 2928

[INFO] Chosen move: U

 256    32     4     4 
 128    32             
  64     2     2       
  16                   
Score = 2960

[INFO] Chosen move: D

 256     2             
 128                   
  64    64     4       
  16     2     2     4 
Score = 3024

[INFO] Chosen move: D

 256     2             
 128     2             
  64    64     4       
  16     2     2     4 
Score = 3024

[INFO] Chosen move: L

 256     2             
 128     2             
 128     4           2 
  16     4     4       
Score = 3156

[INFO] Chosen move: U

 256     4     4     2 
 256     8             
  16                 2 
                       
Score = 3424

[INFO] Chosen move: L

 256     8     2       
 256     8           2 
  16     2             
                       
Score = 3432

[INFO] Chosen move: U

 512    16     2     2 
  16     2             
               2       
                       
Score = 3960

[INFO] Chosen move: L

 512    16     4       
  16     2             
   2                   
   2                   
Score = 3964

[INFO] Chosen move: U

 512    16     4       
  16     2             
   4                 2 
                       
Score = 3968

[INFO] Chosen move: L

 512    16     4     2 
  16     2             
   4     2             
                       
Score = 3968

[INFO] Chosen move: U

 512    16     4     2 
  16     4             
   4                 2 
                       
Score = 3972

[INFO] Chosen move: U

 512    16     4     4 
  16     4           4 
   4                   
                       
Score = 3976

[INFO] Chosen move: R

       512    16     8 
   2          16     8 
                     4 
                       
Score = 3992

[INFO] Chosen move: L

 512    16     8       
   2    16     8       
   4           2       
                       
Score = 3992

[INFO] Chosen move: U

 512    32    16       
   2           2     2 
   4                   
                       
Score = 4040

[INFO] Chosen move: L

 512    32    16     4 
   4     2             
   4                   
                       
Score = 4044

[INFO] Chosen move: U

 512    32    16     4 
   8     2             
   2                   
                       
Score = 4052

[INFO] Chosen move: R

 512    32    16     4 
   2           8     2 
                     2 
                       
Score = 4052

[INFO] Chosen move: U

 512    32    16     4 
   2           8     4 
         4             
                       
Score = 4056

[INFO] Chosen move: R

 512    32    16     4 
         2     8     4 
                     4 
               2       
Score = 4056

[INFO] Chosen move: R

 512    32    16     4 
         2     8     4 
                     4 
               2     2 
Score = 4056

[INFO] Chosen move: R

 512    32    16     4 
         2     8     4 
               2     4 
                     4 
Score = 4060

[INFO] Chosen move: U

 512    32    16     8 
         2     8     8 
   2           2       
                       
Score = 4076

[INFO] Chosen move: U

 512    32    16    16 
   2     2     8       
               2     2 
                       
Score = 4092

[INFO] Chosen move: L

 512    32    32       
   4     8             
   4                 2 
                       
Score = 4132

[INFO] Chosen move: U

 512    32    32     2 
   8     8             
                       
               2       
Score = 4140

[INFO] Chosen move: L

 512    64     2       
  16           2       
                       
   2                   
Score = 4220

[INFO] Chosen move: L

 512    64     2       
  16     2           4 
                       
   2                   
Score = 4220

[INFO] Chosen move: U

 512    64     2     4 
  16     2             
   2     2             
                       
Score = 4220

[INFO] Chosen move: U

 512    64     2     4 
  16     4             
   2           2       
                       
Score = 4224

[INFO] Chosen move: U

 512    64     4     4 
  16     4             
   2                 2 
                       
Score = 4228

[INFO] Chosen move: R

   4   512    64     8 
              16     4 
                     4 
                       
Score = 4240

[INFO] Chosen move: U

   4   512    64     8 
              16     8 
         4             
                       
Score = 4248

[INFO] Chosen move: D

                       
                       
   2   512    64       
   4     4    16    16 
Score = 4264

[INFO] Chosen move: L

         2             
                       
   2   512    64       
   8    32             
Score = 4304

[INFO] Chosen move: U

   2     2    64       
   8   512             
        32             
                     2 
Score = 4304

[INFO] Chosen move: L

   4    64             
   8   512             
  32                   
   2           2       
Score = 4308

[INFO] Chosen move: R

               4    64 
               8   512 
                    32 
   2                 4 
Score = 4312

[INFO] Chosen move: D

         4          64 
                   512 
               4    32 
   2           8     4 
Score = 4312

[INFO] Chosen move: U

   2     4     4    64 
               8   512 
         2          32 
                     4 
Score = 4312

[INFO] Chosen move: R

         2     8    64 
               8   512 
               2    32 
   2                 4 
Score = 4320

[INFO] Chosen move: R

         2     8    64 
   4           8   512 
               2    32 
               2     4 
Score = 4320

[INFO] Chosen move: U

   4     2    16    64 
               4   512 
                    32 
   2                 4 
Score = 4340

[INFO] Chosen move: R

   4     2    16    64 
               4   512 
         4          32 
               2     4 
Score = 4340

[INFO] Chosen move: L

   4     2    16    64 
   4   512             
   4    32     2       
   2     4             
Score = 4340

[INFO] Chosen move: U

   8     2    16    64 
   4   512     2       
   2    32             
         4           2 
Score = 4348

[INFO] Chosen move: U

   8     2    16    64 
   4   512     2     2 
   2    32           2 
         4             
Score = 4348

[INFO] Chosen move: U

   8     2    16    64 
   4   512     2     4 
   2    32             
         4           2 
Score = 4352

[INFO] Chosen move: R

   8     2    16    64 
   4   512     2     4 
         4     2    32 
               4     2 
Score = 4352

[INFO] Chosen move: U

   8     2    16    64 
   4   512     4     4 
         4     4    32 
   2                 2 
Score = 4356

[INFO] Chosen move: R

   8     2    16    64 
         4   512     8 
               8    32 
               2     4 
Score = 4376

[INFO] Chosen move: D

              16    64 
             512     8 
   2     2     8    32 
   8     4     2     4 
Score = 4376

[INFO] Chosen move: L

  16    64             
 512     8     2       
   4     8    32       
   8     4     2     4 
Score = 4380

[INFO] Chosen move: R

              16    64 
       512     8     2 
   2     4     8    32 
   8     4     2     4 
Score = 4380

[INFO] Chosen move: U

   2   512    16    64 
   8     8    16     2 
   2           2    32 
                     4 
Score = 4404

[INFO] Chosen move: L

   2   512    16    64 
  16    16     2     2 
   4    32             
   4                   
Score = 4424

[INFO] Chosen move: L

   2   512    16    64 
  32     4           2 
   4    32             
   4                   
Score = 4460

[INFO] Chosen move: U

   2   512    16    64 
  32     4           2 
   8    32     2       
                       
Score = 4468

[INFO] Chosen move: U

   2   512    16    64 
  32     4     2     2 
   8    32     4       
                       
Score = 4468

[INFO] Chosen move: L

   2   512    16    64 
  32     4     4     2 
   8    32     4       
                       
Score = 4472

[INFO] Chosen move: U

   2   512    16    64 
  32     4     8     2 
   8    32             
                     4 
Score = 4480

[INFO] Chosen move: R

   2   512    16    64 
  32     4     8     2 
         2     8    32 
                     4 
Score = 4480

[INFO] Chosen move: U

   2   512    16    64 
  32     4    16     2 
         2          32 
               2     4 
Score = 4496

[INFO] Chosen move: L

   2   512    16    64 
  32     4    16     2 
   2    32             
   2     4           2 
Score = 4496

[INFO] Chosen move: D

       512     2       
   2     4             
  32    32          64 
   4     4    32     4 
Score = 4536

[INFO] Chosen move: L

 512     2           2 
   2     4             
  64    64             
   8    32     4       
Score = 4608

[INFO] Chosen move: L

 512     4             
   2     4             
 128                   
   8    32     4     2 
Score = 4740

[INFO] Chosen move: U

 512     8     4     2 
   2    32             
 128                 4 
   8                   
Score = 4748

[INFO] Chosen move: D

 512                   
   2     2             
 128     8           2 
   8    32     4     4 
Score = 4748

[INFO] Chosen move: L

 512                   
   4                 4 
 128     8     2       
   8    32     8       
Score = 4760

[INFO] Chosen move: L

 512                   
   8                 2 
 128     8     2       
   8    32     8       
Score = 4768

[INFO] Chosen move: L

 512     2             
   8     2             
 128     8     2       
   8    32     8       
Score = 4768

[INFO] Chosen move: U

 512     4     2       
   8     8     8       
 128    32     2       
   8                   
Score = 4772

[INFO] Chosen move: L

 512     4     2       
  16     8             
 128    32     2       
   8                 2 
Score = 4788

[INFO] Chosen move: U

 512     4     4     2 
  16     8             
 128    32           2 
   8                   
Score = 4792

[INFO] Chosen move: L

 512     8     2       
  16     8             
 128    32     2     2 
   8                   
Score = 4800

[INFO] Chosen move: D

 512                   
  16                 2 
 128    16             
   8    32     4     2 
Score = 4820

[INFO] Chosen move: D

 512                   
  16                   
 128    16     2       
   8    32     4     4 
Score = 4824

[INFO] Chosen move: L

 512     2             
  16                   
 128    16     2       
   8    32     8       
Score = 4832

[INFO] Chosen move: U

 512     2     2       
  16    16     8       
 128    32             
   8           4       
Score = 4832

[INFO] Chosen move: L

 512     4             
  32     8             
 128    32             
   8     4     2       
Score = 4868

[INFO] Chosen move: U

 512     4     2     2 
  32     8             
 128    32             
   8     4             
Score = 4868

[INFO] Chosen move: L

 512     4     4       
  32     8           2 
 128    32             
   8     4             
Score = 4872

[INFO] Chosen move: L

 512     8             
  32     8     2       
 128    32     2       
   8     4             
Score = 4880

[INFO] Chosen move: U

 512    16     4       
  32    32             
 128     4             
   8     2             
Score = 4900

[INFO] Chosen move: L

 512    16     4     2 
  64                   
 128     4             
   8     2             
Score = 4964

[INFO] Chosen move: U

 512    16     4     2 
  64     4             
 128     2             
   8           2       
Score = 4964

[INFO] Chosen move: D

 512                   
  64    16             
 128     4     4     4 
   8     2     2     2 
Score = 4964

[INFO] Chosen move: L

 512                   
  64    16             
 128     8     4       
   8     4     2     2 
Score = 4976

[INFO] Chosen move: L

 512                   
  64    16             
 128     8     4     2 
   8     4     4       
Score = 4980

[INFO] Chosen move: L

 512     2             
  64    16             
 128     8     4     2 
   8     8             
Score = 4988

[INFO] Chosen move: D

 512                   
  64     2             
 128    16     2       
   8    16     4     2 
Score = 5004

[INFO] Chosen move: D

 512           2       
  64                   
 128     2     2       
   8    32     4     2 
Score = 5036

[INFO] Chosen move: D

 512     2             
  64                   
 128     2     4       
   8    32     4     2 
Score = 5040

[INFO] Chosen move: D

 512                 2 
  64                   
 128     4             
   8    32     8     2 
Score = 5052

[INFO] Chosen move: L

 512     2             
  64                 2 
 128     4             
   8    32     8     2 
Score = 5052

[INFO] Chosen move: U

 512     2     8     4 
  64     4             
 128    32     4       
   8                   
Score = 5056

[INFO] Chosen move: U

 512     2     8     4 
  64     4     4     2 
 128    32             
   8                   
Score = 5056

[INFO] Chosen move: R

 512     2     8     4 
        64     8     2 
             128    32 
   2                 8 
Score = 5064

[INFO] Chosen move: U

 512     2    16     4 
   2    64   128     2 
                    32 
         2           8 
Score = 5080

[INFO] Chosen move: L

 512     2    16     4 
   2    64   128     2 
  32                 4 
   2     8             
Score = 5080

[INFO] Chosen move: D

 512     2             
   2     2           4 
  32    64    16     2 
   2     8   128     4 
Score = 5080

[INFO] Chosen move: L

 512     2     2       
   4     4             
  32    64    16     2 
   2     8   128     4 
Score = 5084

[INFO] Chosen move: L

 512     4             
   8     2             
  32    64    16     2 
   2     8   128     4 
Score = 5096

[INFO] Chosen move: U

 512     4    16     2 
   8     2   128     4 
  32    64     2       
   2     8             
Score = 5096

[INFO] Chosen move: D

 512     4           2 
   8     2    16       
  32    64   128     2 
   2     8     2     4 
Score = 5096

[INFO] Chosen move: U

 512     4    16     4 
   8     2   128     4 
  32    64     2     4 
   2     8             
Score = 5100

[INFO] Chosen move: R

 512     4    16     4 
   8     2   128     4 
  32    64     2     4 
   2           2     8 
Score = 5100

[INFO] Chosen move: L

 512     4    16     4 
   8     2   128     4 
  32    64     2     4 
   4     8     2       
Score = 5104

[INFO] Chosen move: U

 512     4    16     8 
   8     2   128     4 
  32    64     4     2 
   4     8             
Score = 5116

[INFO] Chosen move: D

 512     4     2       
   8     2    16     8 
  32    64   128     4 
   4     8     4     2 
Score = 5116

[INFO] Chosen move: U

 512     4     2     8 
   8     2    16     4 
  32    64   128     2 
   4     8     4     2 
Score = 5116

[INFO] Chosen move: D

 512     4     2     2 
   8     2    16     8 
  32    64   128     4 
   4     8     4     4 
Score = 5120

[INFO] Chosen move: U

 512     4     2     2 
   8     2    16     8 
  32    64   128     8 
   4     8     4     2 
Score = 5128

[INFO] Chosen move: U

 512     4     2     2 
   8     2    16    16 
  32    64   128     2 
   4     8     4     2 
Score = 5144

[INFO] Chosen move: L

 512     4     4       
   8     2    32     2 
  32    64   128     2 
   4     8     4     2 
Score = 5180

[INFO] Chosen move: U

 512     4     4     4 
   8     2    32     2 
  32    64   128       
   4     8     4     2 
Score = 5184

[INFO] Chosen move: U

 512     4     4     4 
   8     2    32     4 
  32    64   128       
   4     8     4     2 
Score = 5188

[INFO] Chosen move: U

 512     4     4     8 
   8     2    32     2 
  32    64   128     4 
   4     8     4       
Score = 5196

[INFO] Chosen move: L

 512     8     8     2 
   8     2    32     2 
  32    64   128     4 
   4     8     4       
Score = 5204

[INFO] Chosen move: U

 512     8     8     4 
   8     2    32     4 
  32    64   128       
   4     8     4     2 
Score = 5208

[INFO] Chosen move: U

 512     8     8     8 
   8     2    32     2 
  32    64   128       
   4     8     4     2 
Score = 5216

[INFO] Chosen move: U

 512     8     8     8 
   8     2    32     4 
  32    64   128     2 
   4     8     4       
Score = 5220

[INFO] Chosen move: R

   2   512     8    16 
   8     2    32     4 
  32    64   128     2 
         4     8     4 
Score = 5236

[INFO] Chosen move: D

   4   512     8    16 
   2     2    32     4 
   8    64   128     2 
  32     4     8     4 
Score = 5236

[INFO] Chosen move: L

   4   512     8    16 
   4    32     4     2 
   8    64   128     2 
  32     4     8     4 
Score = 5240

[INFO] Chosen move: U

   8   512     8    16 
   8    32     4     4 
  32    64   128     4 
         4     8     2 
Score = 5252

[INFO] Chosen move: L

   8   512     8    16 
   8    32     8     4 
  32    64   128     4 
   4     8     2       
Score = 5260

[INFO] Chosen move: U

  16   512    16    16 
  32    32   128     8 
   4    64     2       
         8           2 
Score = 5300

[INFO] Chosen move: R

        16   512    32 
   2    64   128     8 
         4    64     2 
               8     2 
Score = 5396

[INFO] Chosen move: D

   2         512       
        16   128    32 
        64    64     8 
   2     4     8     4 
Score = 5400

[INFO] Chosen move: D

   2         512       
        16   128    32 
        64    64     8 
   4     4     8     4 
Score = 5404

[INFO] Chosen move: R

   2           2   512 
        16   128    32 
             128     8 
         8     8     4 
Score = 5540

[INFO] Chosen move: D

                   512 
   2           2    32 
        16   256     8 
   2     8     8     4 
Score = 5796

[INFO] Chosen move: L

 512                   
   4    32             
  16   256     8     4 
   2    16     4       
Score = 5816

[INFO] Chosen move: U

 512    32     8     4 
   4   256     4       
  16    16             
   2     2             
Score = 5816

[INFO] Chosen move: D

 512    32     4       
   4   256             
  16    16     8       
   2     2     4     4 
Score = 5816

[INFO] Chosen move: L

 512    32     4       
   4   256             
  32     8             
   4     8     4       
Score = 5860

[INFO] Chosen move: U

 512    32     8       
   4   256     2       
  32    16             
   4                   
Score = 5884

[INFO] Chosen move: D

 512                   
   4    32             
  32   256     8       
   4    16     2     2 
Score = 5884

[INFO] Chosen move: U

 512    32     8     2 
   4   256     2     2 
  32    16             
   4                   
Score = 5884

[INFO] Chosen move: U

 512    32     8     4 
   4   256     2       
  32    16           4 
   4                   
Score = 5888

[INFO] Chosen move: U

 512    32     8     8 
   4   256     2       
  32    16             
   4           2       
Score = 5896

[INFO] Chosen move: U

 512    32     8     8 
   4   256     4       
  32    16             
   4     2             
Score = 5900

[INFO] Chosen move: L

 512    32    16       
   4   256     4     2 
  32    16             
   4     2             
Score = 5916

[INFO] Chosen move: D

 512    32           2 
   4   256             
  32    16    16       
   4     2     4     2 
Score = 5916

[INFO] Chosen move: D

 512    32           2 
   4   256             
  32    16    16       
   4     2     4     4 
Score = 5920

[INFO] Chosen move: L

 512    32     2       
   4   256             
  32    32     2       
   4     2     8       
Score = 5960

[INFO] Chosen move: U

 512    32     4       
   4   256     8       
  32    32           2 
   4     2             
Score = 5964

[INFO] Chosen move: L

 512    32     4       
   4   256     8     2 
  64     2             
   4     2             
Score = 6028

[INFO] Chosen move: D

 512                   
   4    32     2       
  64   256     4       
   4     4     8     2 
Score = 6032

[INFO] Chosen move: L

 512                 2 
   4    32     2       
  64   256     4       
   8     8     2       
Score = 6040

[INFO] Chosen move: D

 512                   
   4    32     2     2 
  64   256     4       
   8     8     2     2 
Score = 6040

[INFO] Chosen move: L

 512           2       
   4    32     4       
  64   256     4       
  16     4             
Score = 6064

[INFO] Chosen move: D

 512           4       
   4    32             
  64   256     2       
  16     4     8       
Score = 6072

[INFO] Chosen move: L

 512     4           2 
   4    32             
  64   256     2       
  16     4     8       
Score = 6072

[INFO] Chosen move: U

 512     4     2     2 
   4    32     8       
  64   256             
  16     4     2       
Score = 6072

[INFO] Chosen move: L

 512     4     4       
   4    32     8       
  64   256             
  16     4     2     2 
Score = 6076

[INFO] Chosen move: L

 512     8             
   4    32     8       
  64   256     2       
  16     4     4       
Score = 6088

[INFO] Chosen move: L

 512     8     2       
   4    32     8       
  64   256     2       
  16     8             
Score = 6096

[INFO] Chosen move: D

 512     8     2       
   4    32     2       
  64   256     8       
  16     8     2       
Score = 6096

[INFO] Chosen move: U

 512     8     4       
   4    32     8       
  64   256     2       
  16     8     2       
Score = 6100

[INFO] Chosen move: U

 512     8     4     2 
   4    32     8       
  64   256     4       
  16     8             
Score = 6104

[INFO] Chosen move: D

 512     8     2       
   4    32     4       
  64   256     8       
  16     8     4     2 
Score = 6104

[INFO] Chosen move: U

 512     8     2     2 
   4    32     4     4 
  64   256     8       
  16     8     4       
Score = 6104

[INFO] Chosen move: D

 512     8     2       
   4    32     4     4 
  64   256     8     2 
  16     8     4     4 
Score = 6104

[INFO] Chosen move: L

 512     8     2       
   4    32     8       
  64   256     8     2 
  16     8     8     2 
Score = 6120

[INFO] Chosen move: L

 512     8     2     2 
   4    32     8       
  64   256     8     2 
  16    16     2       
Score = 6136

[INFO] Chosen move: L

 512     8     4       
   4    32     8       
  64   256     8     2 
  32     2           2 
Score = 6172

[INFO] Chosen move: U

 512     8     4     4 
   4    32    16     4 
  64   256             
  32     2             
Score = 6192

[INFO] Chosen move: U

 512     8     4     8 
   4    32    16       
  64   256             
  32     2     4       
Score = 6200

[INFO] Chosen move: U

 512     8     4     8 
   4    32    16       
  64   256     4       
  32     2           2 
Score = 6200

[INFO] Chosen move: U

 512     8     4     8 
   4    32    16     2 
  64   256     4       
  32     2     4       
Score = 6200

[INFO] Chosen move: U

 512     8     4     8 
   4    32    16     2 
  64   256     8       
  32     2           2 
Score = 6208

[INFO] Chosen move: U

 512     8     4     8 
   4    32    16     4 
  64   256     8       
  32     2           2 
Score = 6212

[INFO] Chosen move: L

 512     8     4     8 
   4    32    16     4 
  64   256     8     2 
  32     4             
Score = 6216

[INFO] Chosen move: D

 512     8     2       
   4    32     4     8 
  64   256    16     4 
  32     4     8     2 
Score = 6216

[INFO] Chosen move: U

 512     8     2     8 
   4    32     4     4 
  64   256    16     2 
  32     4     8     2 
Score = 6216

[INFO] Chosen move: L

 512     8     2     8 
   4    32     8     2 
  64   256    16     2 
  32     4     8     2 
Score = 6224

[INFO] Chosen move: D

 512     8     2     2 
   4    32     8     8 
  64   256    16     2 
  32     4     8     4 
Score = 6228

[INFO] Chosen move: L

 512     8     4       
   4    32    16     2 
  64   256    16     2 
  32     4     8     4 
Score = 6248

[INFO] Chosen move: U

 512     8     4     4 
   4    32    32     4 
  64   256     8       
  32     4           2 
Score = 6284

[INFO] Chosen move: L

 512     8     8       
   4    64     4       
  64   256     8       
  32     4     2     2 
Score = 6356

[INFO] Chosen move: L

 512    16             
   4    64     4       
  64   256     8     2 
  32     4     4       
Score = 6376

[INFO] Chosen move: L

 512    16           2 
   4    64     4       
  64   256     8     2 
  32     8             
Score = 6384

[INFO] Chosen move: U

 512    16     4     4 
   4    64     8       
  64   256             
  32     8     2       
Score = 6388

[INFO] Chosen move: L

 512    16     8       
   4    64     8     2 
  64   256             
  32     8     2       
Score = 6396

[INFO] Chosen move: U

 512    16    16     2 
   4    64     2       
  64   256     2       
  32     8             
Score = 6412

[INFO] Chosen move: U

 512    16    16     2 
   4    64     4     2 
  64   256             
  32     8             
Score = 6416

[INFO] Chosen move: U

 512    16    16     4 
   4    64     4     2 
  64   256             
  32     8             
Score = 6420

[INFO] Chosen move: L

 512    32     4       
   4    64     4     2 
  64   256           2 
  32     8             
Score = 6452

[INFO] Chosen move: D

 512    32           2 
   4    64             
  64   256             
  32     8     8     4 
Score = 6464

[INFO] Chosen move: L

 512    32     2       
   4    64             
  64   256             
  32    16     4     4 
Score = 6480

[INFO] Chosen move: D

 512    32     4       
   4    64             
  64   256     2       
  32    16     4     4 
Score = 6480

[INFO] Chosen move: U

 512    32     4     4 
   4    64     2       
  64   256     4     2 
  32    16             
Score = 6480

[INFO] Chosen move: U

 512    32     4     4 
   4    64     2     2 
  64   256     4       
  32    16           2 
Score = 6480

[INFO] Chosen move: L

 512    32     8       
   4    64     4       
  64   256     4     2 
  32    16     2       
Score = 6492

[INFO] Chosen move: U

 512    32     8     2 
   4    64     8       
  64   256     2       
  32    16           2 
Score = 6500

[INFO] Chosen move: L

 512    32     8     2 
   4    64     8       
  64   256     2       
  32    16     2     2 
Score = 6500

[INFO] Chosen move: D

 512    32             
   4    64           2 
  64   256    16       
  32    16     4     4 
Score = 6524

[INFO] Chosen move: U

 512    32    16     2 
   4    64     4     4 
  64   256             
  32    16     2       
Score = 6524

[INFO] Chosen move: U

 512    32    16     2 
   4    64     4     4 
  64   256     2       
  32    16           2 
Score = 6524

[INFO] Chosen move: L

 512    32    16     2 
   4    64     8       
  64   256     2     2 
  32    16     2       
Score = 6532

[INFO] Chosen move: D

 512    32             
   4    64    16       
  64   256     8     2 
  32    16     4     4 
Score = 6540

[INFO] Chosen move: L

 512    32           4 
   4    64    16       
  64   256     8     2 
  32    16     8       
Score = 6548

[INFO] Chosen move: U

 512    32    16     4 
   4    64    16     2 
  64   256           2 
  32    16             
Score = 6564

[INFO] Chosen move: U

 512    32    32     4 
   4    64           4 
  64   256             
  32    16     2       
Score = 6600

[INFO] Chosen move: U

 512    32    32     8 
   4    64     2       
  64   256     2       
  32    16             
Score = 6608

[INFO] Chosen move: U

 512    32    32     8 
   4    64     4       
  64   256             
  32    16           4 
Score = 6612

[INFO] Chosen move: U

 512    32    32     8 
   4    64     4     4 
  64   256           2 
  32    16             
Score = 6612

[INFO] Chosen move: L

 512    64     8     4 
   4    64     8       
  64   256     2       
  32    16             
Score = 6684

[INFO] Chosen move: U

 512   128    16     4 
   4   256     2       
  64    16             
  32                 2 
Score = 6828

[INFO] Chosen move: U

 512   128    16     4 
   4   256     2     2 
  64    16             
  32           4       
Score = 6828

[INFO] Chosen move: R

 512   128    16     4 
         4   256     4 
         4    64    16 
              32     4 
Score = 6832

[INFO] Chosen move: U

 512   128    16     8 
         8   256    16 
         2    64     4 
              32       
Score = 6848

[INFO] Chosen move: L

 512   128    16     8 
   8   256    16     2 
   2    64     4       
  32                   
Score = 6848

[INFO] Chosen move: U

 512   128    32     8 
   8   256     4     2 
   2    64             
  32     2             
Score = 6880

[INFO] Chosen move: R

 512   128    32     8 
   8   256     4     2 
               2    64 
         4    32     2 
Score = 6880

[INFO] Chosen move: U

 512   128    32     8 
   8   256     4     2 
         4     2    64 
   2          32     2 
Score = 6880

[INFO] Chosen move: L

 512   128    32     8 
   8   256     4     2 
   4     2    64       
   2    32     2     2 
Score = 6880

[INFO] Chosen move: U

 512   128    32     8 
   8   256     4     4 
   4     2    64       
   2    32     2     2 
Score = 6884

[INFO] Chosen move: R

 512   128    32     8 
   2     8   256     8 
         4     2    64 
         2    32     4 
Score = 6896

[INFO] Chosen move: L

 512   128    32     8 
   2     8   256     8 
   4     2    64       
   2    32     4     4 
Score = 6896

[INFO] Chosen move: R

 512   128    32     8 
   2     8   256     8 
   2     4     2    64 
         2    32     8 
Score = 6904

[INFO] Chosen move: U

 512   128    32    16 
   4     8   256    64 
         4     2     8 
         2    32     4 
Score = 6924

[INFO] Chosen move: L

 512   128    32    16 
   4     8   256    64 
   4     2     8     2 
   2    32     4       
Score = 6924

[INFO] Chosen move: U

 512   128    32    16 
   8     8   256    64 
   2     2     8     2 
   2    32     4       
Score = 6932

[INFO] Chosen move: L

 512   128    32    16 
  16   256    64       
   4     8     2     2 
   2    32     4       
Score = 6952

[INFO] Chosen move: R

 512   128    32    16 
   2    16   256    64 
         4     8     4 
         2    32     4 
Score = 6956

[INFO] Chosen move: U

 512   128    32    16 
   2    16   256    64 
         4     8     8 
   2     2    32       
Score = 6964

[INFO] Chosen move: L

 512   128    32    16 
   2    16   256    64 
   4    16             
   4    32     2       
Score = 6984

[INFO] Chosen move: U

 512   128    32    16 
   2    32   256    64 
   8    32     2       
   2                   
Score = 7024

[INFO] Chosen move: U

 512   128    32    16 
   2    64   256    64 
   8           2     2 
   2                   
Score = 7088

[INFO] Chosen move: L

 512   128    32    16 
   2    64   256    64 
   8     4             
   2                 2 
Score = 7092

[INFO] Chosen move: R

 512   128    32    16 
   2    64   256    64 
   2           8     4 
                     4 
Score = 7096

[INFO] Chosen move: U

 512   128    32    16 
   4    64   256    64 
               8     8 
         2             
Score = 7108

[INFO] Chosen move: R

 512   128    32    16 
   4    64   256    64 
                    16 
         2           2 
Score = 7124

[INFO] Chosen move: L

 512   128    32    16 
   4    64   256    64 
  16                 2 
   4                   
Score = 7128

[INFO] Chosen move: D

 512                   
   4           2    16 
  16   128    32    64 
   4    64   256     2 
Score = 7128

[INFO] Chosen move: L

 512     4             
   4     2    16       
  16   128    32    64 
   4    64   256     2 
Score = 7128

[INFO] Chosen move: R

             512     4 
   2     4     2    16 
  16   128    32    64 
   4    64   256     2 
Score = 7128

[INFO] Chosen move: L

 512     4     2       
   2     4     2    16 
  16   128    32    64 
   4    64   256     2 
Score = 7128

[INFO] Chosen move: U

 512     8     4    16 
   2   128    32    64 
  16    64   256     2 
   4           2       
Score = 7140

[INFO] Chosen move: D

 512     2     4       
   2     8    32    16 
  16   128   256    64 
   4    64     2     2 
Score = 7140

[INFO] Chosen move: L

 512     2     4     2 
   2     8    32    16 
  16   128   256    64 
   4    64     4       
Score = 7144

[INFO] Chosen move: D

 512     2     4     2 
   2     8    32     2 
  16   128   256    16 
   4    64     4    64 
Score = 7144

[INFO] Chosen move: U

 512     2     4     4 
   2     8    32    16 
  16   128   256    64 
   4    64     4     2 
Score = 7148

[INFO] Chosen move: R

   2   512     2     8 
   2     8    32    16 
  16   128   256    64 
   4    64     4     2 
Score = 7156

[INFO] Chosen move: D

   4   512     2     8 
   4     8    32    16 
  16   128   256    64 
   4    64     4     2 
Score = 7160

[INFO] Chosen move: D

   2   512     2     8 
   8     8    32    16 
  16   128   256    64 
   4    64     4     2 
Score = 7168

[INFO] Chosen move: L

   2   512     2     8 
  16    32    16     2 
  16   128   256    64 
   4    64     4     2 
Score = 7184

[INFO] Chosen move: U

   2   512     2     8 
  32    32    16     2 
   4   128   256    64 
   2    64     4     2 
Score = 7216

[INFO] Chosen move: L

   2   512     2     8 
  64    16     2     2 
   4   128   256    64 
   2    64     4     2 
Score = 7280

[INFO] Chosen move: U

   2   512     4     8 
  64    16   256     2 
   4   128     4    64 
   2    64     2     2 
Score = 7284

[INFO] Chosen move: R

   2   512     4     8 
  64    16   256     2 
   4   128     4    64 
   2     2    64     4 
Score = 7288

[INFO] Chosen move: L

   2   512     4     8 
  64    16   256     2 
   4   128     4    64 
   4    64     4     2 
Score = 7292

[INFO] Chosen move: D

   4   512           8 
   2    16     4     2 
  64   128   256    64 
   8    64     8     2 
Score = 7308

[INFO] Chosen move: R

   2     4   512     8 
   2    16     4     2 
  64   128   256    64 
   8    64     8     2 
Score = 7308

[INFO] Chosen move: U

   4     4   512     8 
  64    16     4     2 
   8   128   256    64 
   2    64     8     2 
Score = 7312

[INFO] Chosen move: L

   8   512     8     2 
  64    16     4     2 
   8   128   256    64 
   2    64     8     2 
Score = 7320

[INFO] Chosen move: D

   8   512     8     2 
  64    16     4     4 
   8   128   256    64 
   2    64     8     2 
Score = 7324

[INFO] Chosen move: L

   8   512     8     2 
  64    16     8     2 
   8   128   256    64 
   2    64     8     2 
Score = 7332

[INFO] Chosen move: D

   8   512     2       
  64    16    16     4 
   8   128   256    64 
   2    64     8     2 
Score = 7352

[INFO] Chosen move: U

   8   512     2     4 
  64    16    16    64 
   8   128   256     2 
   2    64     8     2 
Score = 7352

[INFO] Chosen move: D

   8   512     2     2 
  64    16    16     4 
   8   128   256    64 
   2    64     8     4 
Score = 7356

[INFO] Chosen move: R

   4     8   512     4 
        64    32     4 
   8   128   256    64 
   2    64     8     4 
Score = 7392

[INFO] Chosen move: U

   4     8   512     8 
   8    64    32    64 
   2   128   256     4 
   2    64     8       
Score = 7400

[INFO] Chosen move: U

   4     8   512     8 
   8    64    32    64 
   4   128   256     4 
   2    64     8       
Score = 7404

[INFO] Chosen move: R

   4     8   512     8 
   8    64    32    64 
   4   128   256     4 
   2     2    64     8 
Score = 7404

[INFO] Chosen move: L

   4     8   512     8 
   8    64    32    64 
   4   128   256     4 
   4    64     8     2 
Score = 7408

[INFO] Chosen move: D

   2     8   512     8 
   4    64    32    64 
   8   128   256     4 
   8    64     8     2 
Score = 7416

[INFO] Chosen move: D

   2     8   512     8 
   2    64    32    64 
   4   128   256     4 
  16    64     8     2 
Score = 7432

[INFO] Chosen move: U

   4     8   512     8 
   4    64    32    64 
  16   128   256     4 
   2    64     8     2 
Score = 7436

[INFO] Chosen move: U

   8     8   512     8 
  16    64    32    64 
   2   128   256     4 
   2    64     8     2 
Score = 7444

[INFO] Chosen move: L

  16   512     8     2 
  16    64    32    64 
   2   128   256     4 
   2    64     8     2 
Score = 7460

[INFO] Chosen move: U

  32   512     8     2 
   4    64    32    64 
       128   256     4 
   2    64     8     2 
Score = 7496

[INFO] Chosen move: L

  32   512     8     2 
   4    64    32    64 
 128   256     4     2 
   2    64     8     2 
Score = 7496

[INFO] Chosen move: U

  32   512     8     2 
   4    64    32    64 
 128   256     4     4 
   2    64     8     2 
Score = 7500

[INFO] Chosen move: L

  32   512     8     2 
   4    64    32    64 
 128   256     8     4 
   2    64     8     2 
Score = 7508

[INFO] Chosen move: U

  32   512     8     2 
   4    64    32    64 
 128   256    16     4 
   2    64     2     2 
Score = 7524

[INFO] Chosen move: R

  32   512     8     2 
   4    64    32    64 
 128   256    16     4 
   2     2    64     4 
Score = 7528

[INFO] Chosen move: D

  32   512     8     2 
   4    64    32     2 
 128   256    16    64 
   2     2    64     8 
Score = 7536

[INFO] Chosen move: L

  32   512     8     2 
   4    64    32     2 
 128   256    16    64 
   4    64     8     2 
Score = 7540

[INFO] Chosen move: U

  32   512     8     4 
   4    64    32    64 
 128   256    16     2 
   4    64     8     2 
Score = 7544

[INFO] Chosen move: U

  32   512     8     4 
   4    64    32    64 
 128   256    16     4 
   4    64     8     2 
Score = 7548
