   8           4       
                       
   2     2             
               2     4 
Score = 0

[INFO] Chosen move: L

   8     4             
                       
   4                 2 
   2     4             
Score = 4

[INFO] Chosen move: U

   8     8           2 
   4                   
   2                   
               2       
Score = 12

[INFO] Chosen move: L

  16     2             
   4     2             
   2                   
   2                   
Score = 28

[INFO] Chosen move: U

  16     4             
   4     2             
   4                   
                       
Score = 36

[INFO] Chosen move: U

  16     4             
   8     2             
                       
                     2 
Score = 44

[INFO] Chosen move: U

  16     4     2     2 
   8     2             
                       
                       
Score = 44

[INFO] Chosen move: L

  16     4     4       
   8     2             
                       
   2                   
Score = 48

[INFO] Chosen move: U

  16     4     4       
   8     2             
   2                   
                     2 
Score = 48

[INFO] Chosen move: L

  16     8             
   8     2             
   2                 2 
   2                   
Score = 56

[INFO] Chosen move: L

  16     8           2 
   8     2             
   4                   
   2                   
Score = 60

[INFO] Chosen move: L

  16     8     2     2 
   8     2             
   4                   
   2                   
Score = 60

[INFO] Chosen move: D

  16     2             
   8                   
   4     8             
   2     2     2     2 
Score = 60

[INFO] Chosen move: U

  16     2     2     2 
   8     8           2 
   4     2             
   2                   
Score = 60

[INFO] Chosen move: L

  16     4     2       
  16     2     2       
   4     2             
   2                   
Score = 80

[INFO] Chosen move: U

  32     4     4       
   4     4             
   2     2             
                       
Score = 120

[INFO] Chosen move: L

  32     8             
   8                   
   4                   
   4                   
Score = 140

[INFO] Chosen move: U

  32     8             
   8                   
   8                   
               2       
Score = 148

[INFO] Chosen move: L

  32     8             
   8                   
   8           2       
   2                   
Score = 148

[INFO] Chosen move: L

  32     8             
   8     4             
   8     2             
   2                   
Score = 148

[INFO] Chosen move: U

  32     8           2 
  16     4             
   2     2             
                       
Score = 164

[INFO] Chosen move: L

  32     8     2       
  16     4             
   4     2             
                       
Score = 168

[INFO] Chosen move: D

               2       
  32     8             
  16     4             
   4     2     2       
Score = 168

[INFO] Chosen move: U

  32     8     4       
  16     4             
   4     2             
               2       
Score = 172

[INFO] Chosen move: L

  32     8     4       
  16     4             
   4     2             
   2           2       
Score = 172

[INFO] Chosen move: L

  32     8     4       
  16     4             
   4     2           2 
   4                   
Score = 176

[INFO] Chosen move: L

  32     8     4       
  16     4             
   4     4     2       
   4                   
Score = 180

[INFO] Chosen move: U

  32     8     4       
  16     8     2       
   8           2       
                       
Score = 196

[INFO] Chosen move: U

  32    16     4       
  16           4       
   8     2             
                       
Score = 216

[INFO] Chosen move: U

  32    16     8     2 
  16     2             
   8                   
                       
Score = 224

[INFO] Chosen move: R

  32    16     8     2 
              16     2 
                     8 
         4             
Score = 224

[INFO] Chosen move: L

  32    16     8     2 
  16     2     2       
   8                   
   4                   
Score = 224

[INFO] Chosen move: L

  32    16     8     2 
  16     4             
   8                 2 
   4                   
Score = 228

[INFO] Chosen move: D

  32                   
  16     2             
   8    16             
   4     4     8     4 
Score = 232

[INFO] Chosen move: L

  32                   
  16     2             
   8    16           2 
   8     8     4       
Score = 240

[INFO] Chosen move: L

  32                 2 
  16     2             
   8    16     2       
  16     4             
Score = 256

[INFO] Chosen move: U

  32     2     2     2 
  16    16             
   8     4             
  16                 2 
Score = 256

[INFO] Chosen move: L

  32     4     2       
  32                   
   8     4             
  16     2     2       
Score = 292

[INFO] Chosen move: L

  32     4     2       
  32                   
   8     4     2       
  16     4             
Score = 296

[INFO] Chosen move: D

                       
  64                   
   8     4             
  16     8     4     4 
Score = 372

[INFO] Chosen move: U

  64     4     4     4 
   8     8             
  16                   
                     2 
Score = 372

[INFO] Chosen move: L

  64     8     4       
  16     2             
  16                   
   2                   
Score = 396

[INFO] Chosen move: U

  64     8     4       
  32     2     2       
   2                   
                       
Score = 428

[INFO] Chosen move: L

  64     8     4       
  32     4             
   2                   
         2             
Score = 432

[INFO] Chosen move: U

  64     8     4       
  32     4             
   2     2             
         2             
Score = 432

[INFO] Chosen move: U

  64     8     4     4 
  32     4             
   2     4             
                       
Score = 436

[INFO] Chosen move: U

  64     8     4     4 
  32     8             
   2           2       
                       
Score = 444

[INFO] Chosen move: L

  64     8     8       
  32     8             
   4                   
   2                   
Score = 456

[INFO] Chosen move: L

  64    16             
  32     8             
   4                 2 
   2                   
Score = 472

[INFO] Chosen move: U

  64    16           2 
  32     8             
   4     4             
   2                   
Score = 472

[INFO] Chosen move: L

  64    16     2       
  32     8           2 
   8                   
   2                   
Score = 480

[INFO] Chosen move: U

  64    16     2     2 
  32     8     4       
   8                   
   2                   
Score = 480

[INFO] Chosen move: L

  64    16     4       
  32     8     4       
   8     4             
   2                   
Score = 484

[INFO] Chosen move: U

  64    16     8       
  32     8             
   8     4             
   2                 2 
Score = 492

[INFO] Chosen move: L

  64    16     8       
  32     8     4       
   8     4             
   4                   
Score = 496

[INFO] Chosen move: D

  64                   
  32    16           4 
   8     8     8       
   4     4     4       
Score = 496

[INFO] Chosen move: D

  64           2       
  32    16             
   8     8     8       
   4     4     4     4 
Score = 496

[INFO] Chosen move: L

  64     2             
  32    16             
  16     8     4       
   8     8             
Score = 528

[INFO] Chosen move: D

  64           2       
  32     2             
  16    16             
   8    16     4       
Score = 544

[INFO] Chosen move: U

  64     2     2       
  32    32     4       
  16           2       
   8                   
Score = 576

[INFO] Chosen move: L

  64     4             
  64     4             
  16     2             
   8     2             
Score = 644

[INFO] Chosen move: D

                       
 128                 2 
  16     8             
   8     4             
Score = 784

[INFO] Chosen move: U

 128     8           2 
  16     4             
   8           2       
                       
Score = 784

[INFO] Chosen move: U

 128     8     2     2 
  16     4           2 
   8                   
                       
Score = 784

[INFO] Chosen move: U

 128     8     2     4 
  16     4             
   8           2       
                       
Score = 788

[INFO] Chosen move: U

 128     8     4     4 
  16     4             
   8           2       
                       
Score = 792

[INFO] Chosen move: L

 128     8     8       
  16     4             
   8     2           2 
                       
Score = 800

[INFO] Chosen move: L

 128    16             
  16     4             
   8     4     4       
                       
Score = 820

[INFO] Chosen move: L

 128    16             
  16     4             
   8     8     2       
                       
Score = 828

[INFO] Chosen move: L

 128    16             
  16     4             
  16     2             
   2                   
Score = 844

[INFO] Chosen move: U

 128    16             
  32     4             
   2     2             
                     2 
Score = 876

[INFO] Chosen move: L

 128    16           2 
  32     4             
   4                   
   2                   
Score = 880

[INFO] Chosen move: L

 128    16     2     2 
  32     4             
   4                   
   2                   
Score = 880

[INFO] Chosen move: L

 128    16     4       
  32     4     2       
   4                   
   2                   
Score = 884

[INFO] Chosen move: D

 128                 2 
  32                   
   4    16     4       
   2     4     2       
Score = 884

[INFO] Chosen move: U

 128    16     4     2 
  32     4     2       
   4     2             
   2                   
Score = 884

[INFO] Chosen move: D

 128                 4 
  32    16             
   4     4     4       
   2     2     2     2 
Score = 884

[INFO] Chosen move: D

 128                 2 
  32    16             
   4     4     4     4 
   2     2     2     2 
Score = 884

[INFO] Chosen move: L

 128     2             
  32    16             
   8     8             
   4     4           4 
Score = 908

[INFO] Chosen move: L

 128     2             
  32    16             
  16     4             
   8     4             
Score = 932

[INFO] Chosen move: D

 128                   
  32     2           2 
  16    16             
   8     8             
Score = 940

[INFO] Chosen move: L

 128                   
  32     4           2 
  32                   
  16                   
Score = 992

[INFO] Chosen move: L

 128     4             
  32     4     2       
  32                   
  16                   
Score = 992

[INFO] Chosen move: U

 128     8     2       
  64                   
  16     2             
                       
Score = 1064

[INFO] Chosen move: U

 128     8     2       
  64     2             
  16     2             
                       
Score = 1064

[INFO] Chosen move: U

 128     8     2       
  64     4             
  16                   
               4       
Score = 1068

[INFO] Chosen move: U

 128     8     2       
  64     4     4     2 
  16                   
                       
Score = 1068

[INFO] Chosen move: L

 128     8     2       
  64     8     2       
  16                   
                     2 
Score = 1076

[INFO] Chosen move: L

 128     8     2     2 
  64     8     2       
  16                   
   2                   
Score = 1076

[INFO] Chosen move: U

 128    16     4     2 
  64                   
  16     4             
   2                   
Score = 1096

[INFO] Chosen move: D

 128                   
  64                 4 
  16    16             
   2     4     4     2 
Score = 1096

[INFO] Chosen move: L

 128                   
  64     4             
  32                   
   2     8     2     4 
Score = 1136

[INFO] Chosen move: U

 128     4     2     4 
  64     8     4       
  32                   
   2                   
Score = 1136

[INFO] Chosen move: D

 128           2       
  64                   
  32     4     2       
   2     8     4     4 
Score = 1136

[INFO] Chosen move: U

 128     4     4     4 
  64     8     4       
  32                   
   2           2       
Score = 1140

[INFO] Chosen move: L

 128     8     4       
  64     8     4       
  32                   
   4     2             
Score = 1152

[INFO] Chosen move: U

 128    16     8     2 
  64     2             
  32                   
   4                   
Score = 1176

[INFO] Chosen move: D

 128                   
  64                   
  32    16           4 
   4     2     8     2 
Score = 1176

[INFO] Chosen move: U

 128    16     8     4 
  64     2           2 
  32                   
   4           4       
Score = 1176

[INFO] Chosen move: L

 128    16     8     4 
  64     4             
  32     2             
   8                   
Score = 1188

[INFO] Chosen move: R

 128    16     8     4 
   2          64     4 
              32     2 
                     8 
Score = 1188

[INFO] Chosen move: U

 128    16     8     8 
   2     2    64     2 
              32     8 
                       
Score = 1196

[INFO] Chosen move: L

 128    16    16     2 
   4    64     2       
  32     8             
                       
Score = 1216

[INFO] Chosen move: L

 128    32     2       
   4    64     2       
  32     8           4 
                       
Score = 1248

[INFO] Chosen move: U

 128    32     4     4 
   4    64             
  32     8           4 
                       
Score = 1252

[INFO] Chosen move: U

 128    32     4     8 
   4    64             
  32     8           2 
                       
Score = 1260

[INFO] Chosen move: R

 128    32     4     8 
               4    64 
        32     8     2 
               4       
Score = 1260

[INFO] Chosen move: U

 128    64     8     8 
               8    64 
         2     4     2 
                       
Score = 1332

[INFO] Chosen move: L

 128    64    16       
   8    64             
   2     4     2       
   2                   
Score = 1348

[INFO] Chosen move: U

 128   128    16       
   8     4     2       
   4     2             
                       
Score = 1480

[INFO] Chosen move: L

 256    16             
   8     4     2       
   4     2             
                     4 
Score = 1736

[INFO] Chosen move: L

 256    16             
   8     4     2       
   4     2           2 
   4                   
Score = 1736

[INFO] Chosen move: L

 256    16     2       
   8     4     2       
   4     4             
   4                   
Score = 1740

[INFO] Chosen move: U

 256    16     4       
   8     8             
   8                   
   4                   
Score = 1760

[INFO] Chosen move: L

 256    16     4       
  16                   
   8                 2 
   4                   
Score = 1776

[INFO] Chosen move: L

 256    16     4       
  16     2             
   8     2             
   4                   
Score = 1776

[INFO] Chosen move: D

 256                 2 
  16                   
   8    16             
   4     4     4       
Score = 1780

[INFO] Chosen move: L

 256     2             
  16                   
   8    16             
   8     4     4       
Score = 1788

[INFO] Chosen move: L

 256     2     2       
  16                   
   8    16             
   8     8             
Score = 1796

[INFO] Chosen move: L

 256     4             
  16                   
   8    16           2 
  16                   
Score = 1816

[INFO] Chosen move: U

 256     4           2 
  16    16     4       
   8                   
  16                   
Score = 1816

[INFO] Chosen move: L

 256     4     2       
  32     4           2 
   8                   
  16                   
Score = 1848

[INFO] Chosen move: L

 256     4     2       
  32     4     2       
   8                   
  16     4             
Score = 1848

[INFO] Chosen move: U

 256     8     4       
  32     4           2 
   8                   
  16                   
Score = 1860

[INFO] Chosen move: D

 256                   
  32     2             
   8     8             
  16     4     4     2 
Score = 1860

[INFO] Chosen move: L

 256                   
  32     2             
  16                   
  16     8     2     4 
Score = 1884

[INFO] Chosen move: U

 256     2     2     4 
  32     8             
  32                   
                     2 
Score = 1916

[INFO] Chosen move: L

 256     4     4       
  32     8             
  32                   
   2                 2 
Score = 1920

[INFO] Chosen move: L

 256     8           2 
  32     8             
  32                   
   4                   
Score = 1932

[INFO] Chosen move: L

 256     8     2       
  32     8     2       
  32                   
   4                   
Score = 1932

[INFO] Chosen move: U

 256    16     4       
  64     2             
   4                   
                       
Score = 2016

[INFO] Chosen move: D

                     4 
 256                   
  64    16             
   4     2     4       
Score = 2016

[INFO] Chosen move: U

 256    16     4     4 
  64     2             
   4                 2 
                       
Score = 2016

[INFO] Chosen move: U

 256    16     4     4 
  64     2           2 
   4           2       
                       
Score = 2016

[INFO] Chosen move: U

 256    16     4     4 
  64     2     2     2 
   4                 2 
                       
Score = 2016

[INFO] Chosen move: U

 256    16     4     4 
  64     2     2     4 
   4                   
         2             
Score = 2020

[INFO] Chosen move: L

 256    16     8       
  64     4     4       
   4                 2 
   2                   
Score = 2032

[INFO] Chosen move: U

 256    16     8     2 
  64     4     4       
   4           2       
   2                   
Score = 2032

[INFO] Chosen move: R

 256    16     8     2 
              64     8 
               4     2 
         2           2 
Score = 2040

[INFO] Chosen move: L

 256    16     8     2 
  64     8             
   4     2           2 
   4                   
Score = 2044

[INFO] Chosen move: L

 256    16     8     2 
  64     8             
   4     4     2       
   4                   
Score = 2048

[INFO] Chosen move: L

 256    16     8     2 
  64     8             
   8     2             
   4     4             
Score = 2056

[INFO] Chosen move: L

 256    16     8     2 
  64     8             
   8     2     4       
   8                   
Score = 2064

[INFO] Chosen move: U

 256    16     8     2 
  64     8     4     2 
  16     2             
                       
Score = 2080

[INFO] Chosen move: U

 256    16     8     4 
  64     8     4     2 
  16     2             
                       
Score = 2084

[INFO] Chosen move: R

 256    16     8     4 
  64     8     4     2 
              16     2 
                     2 
Score = 2084

[INFO] Chosen move: U

 256    16     8     4 
  64     8     4     4 
         2    16     2 
                       
Score = 2088

[INFO] Chosen move: L

 256    16     8     4 
  64     8     8       
   2    16     2       
         4             
Score = 2096

[INFO] Chosen move: L

 256    16     8     4 
  64    16           2 
   2    16     2       
   4                   
Score = 2112

[INFO] Chosen move: U

 256    32     8     4 
  64    16     2     2 
   2     2             
   4                   
Score = 2144

[INFO] Chosen move: L

 256    32     8     4 
  64    16     4       
   4           2       
   4                   
Score = 2152

[INFO] Chosen move: L

 256    32     8     4 
  64    16     4       
   4     2             
   4           2       
Score = 2152

[INFO] Chosen move: L

 256    32     8     4 
  64    16     4       
   4     2             
   4     2           2 
Score = 2152

[INFO] Chosen move: L

 256    32     8     4 
  64    16     4     2 
   4     2             
   4     4             
Score = 2156

[INFO] Chosen move: R

 256    32     8     4 
  64    16     4     2 
   2           4     2 
                     8 
Score = 2164

[INFO] Chosen move: U

 256    32     8     4 
  64    16     8     4 
   2           2     8 
                       
Score = 2176

[INFO] Chosen move: U

 256    32    16     8 
  64    16     2     8 
   2                   
         2             
Score = 2200

[INFO] Chosen move: U

 256    32    16    16 
  64    16     2       
   2     2             
         2             
Score = 2216

[INFO] Chosen move: L

 256    32    32     2 
  64    16     2       
   4                   
   2                   
Score = 2252

[INFO] Chosen move: L

 256    64     2       
  64    16     2       
   4                 2 
   2                   
Score = 2316

[INFO] Chosen move: U

 256    64     4     2 
  64    16             
   4     2             
   2                   
Score = 2320

[INFO] Chosen move: D

 256                 4 
  64    64             
   4    16             
   2     2     4     2 
Score = 2320

[INFO] Chosen move: L

 256     4             
 128     4             
   4    16             
   4     4     2       
Score = 2452

[INFO] Chosen move: U

 256     8     2       
 128    16             
   8     4             
         2             
Score = 2468

[INFO] Chosen move: L

 256     8     2       
 128    16             
   8     4           2 
   2                   
Score = 2468

[INFO] Chosen move: U

 256     8     2     2 
 128    16             
   8     4     2       
   2                   
Score = 2468

[INFO] Chosen move: D

 256                   
 128     8             
   8    16     2       
   2     4     4     2 
Score = 2472

[INFO] Chosen move: L

 256           4       
 128     8             
   8    16     2       
   2     8     2       
Score = 2480

[INFO] Chosen move: U

 256     8     4       
 128    16     4       
   8     8             
   2                 2 
Score = 2484

[INFO] Chosen move: U

 256     8     8     2 
 128    16           4 
   8     8             
   2                   
Score = 2492

[INFO] Chosen move: L

 256    16     2       
 128    16     4       
  16                   
   2           2       
Score = 2524

[INFO] Chosen move: U

 256    32     2       
 128           4       
  16           2       
   2     2             
Score = 2556

[INFO] Chosen move: L

 256    32     2       
 128     4             
  16     2             
   4     2             
Score = 2560

[INFO] Chosen move: U

 256    32     2       
 128     4             
  16     4             
   4                 2 
Score = 2564

[INFO] Chosen move: U

 256    32     2     2 
 128     8     2       
  16                   
   4                   
Score = 2572

[INFO] Chosen move: L

 256    32     4       
 128     8     2       
  16                   
   4     2             
Score = 2576

[INFO] Chosen move: U

 256    32     4       
 128     8     2       
  16     2             
   4     2             
Score = 2576

[INFO] Chosen move: U

 256    32     4       
 128     8     2       
  16     4             
   4                 4 
Score = 2580

[INFO] Chosen move: L

 256    32     4     2 
 128     8     2       
  16     4             
   8                   
Score = 2588

[INFO] Chosen move: D

 256                 4 
 128    32             
  16     8     4       
   8     4     2     2 
Score = 2588

[INFO] Chosen move: U

 256    32     4     4 
 128     8     2     2 
  16     4             
   8           2       
Score = 2588

[INFO] Chosen move: L

 256    32     8       
 128     8     4       
  16     4             
   8     2           2 
Score = 2600

[INFO] Chosen move: L

 256    32     8       
 128     8     4       
  16     4     2       
   8     4             
Score = 2604

[INFO] Chosen move: U

 256    32     8       
 128     8     4     4 
  16     8     2       
   8                   
Score = 2612

[INFO] Chosen move: L

 256    32     8       
 128     8     8       
  16     8     2       
   8     2             
Score = 2620

[INFO] Chosen move: D

 256                   
 128    32     4       
  16    16    16       
   8     2     2       
Score = 2652

[INFO] Chosen move: U

 256    32     4       
 128    16    16       
  16     2     2       
   8           2       
Score = 2652

[INFO] Chosen move: L

 256    32     4       
 128    32             
  16     4           2 
   8     2             
Score = 2688

[INFO] Chosen move: L

 256    32     4       
 128    32             
  16     4     2     2 
   8     2             
Score = 2688

[INFO] Chosen move: L

 256    32     4       
 128    32             
  16     4     4       
   8     2     2       
Score = 2692

[INFO] Chosen move: L

 256    32     4       
 128    32             
  16     8             
   8     4           2 
Score = 2704

[INFO] Chosen move: D

 256     2             
 128    64             
  16     8             
   8     4     4     2 
Score = 2768

[INFO] Chosen move: L

 256     2             
 128    64     2       
  16     8             
   8     8     2       
Score = 2776

[INFO] Chosen move: D

 256     2             
 128     2             
  16    64             
   8    16     4       
Score = 2796

[INFO] Chosen move: U

 256     4     4       
 128    64             
  16    16             
   8                 2 
Score = 2800

[INFO] Chosen move: L

 256     8             
 128    64           2 
  32                   
   8     2             
Score = 2840

[INFO] Chosen move: U

 256     8           2 
 128    64             
  32     2             
   8                 2 
Score = 2840

[INFO] Chosen move: L

 256     8     2       
 128    64             
  32     2     2       
   8     2             
Score = 2840

[INFO] Chosen move: D

 256           2       
 128     8             
  32    64             
   8     4     4       
Score = 2848

[INFO] Chosen move: L

 256     2             
 128     8           2 
  32    64             
   8     8             
Score = 2856

[INFO] Chosen move: L

 256     2             
 128     8     2       
  32    64             
  16           4       
Score = 2872

[INFO] Chosen move: D

 256           2       
 128     2             
  32     8     2       
  16    64     4       
Score = 2872

[INFO] Chosen move: D

 256                   
 128     2           2 
  32     8     4       
  16    64     4       
Score = 2876

[INFO] Chosen move: L

 256           2       
 128     4             
  32     8     4       
  16    64     4       
Score = 2880

[INFO] Chosen move: L

 256     2             
 128     4             
  32     8     4     4 
  16    64     4       
Score = 2880

[INFO] Chosen move: U

 256     2     8     4 
 128     4             
  32     8             
  16    64           2 
Score = 2888

[INFO] Chosen move: U

 256     2     8     4 
 128     4           2 
  32     8     2       
  16    64             
Score = 2888

[INFO] Chosen move: D

 256     2           2 
 128     4             
  32     8     8     4 
  16    64     2     2 
Score = 2888

[INFO] Chosen move: L

 256     4             
 128     4             
  32    16     4       
  16    64     4     2 
Score = 2912

[INFO] Chosen move: U

 256     8     8     2 
 128    16             
  32    64     2       
  16                   
Score = 2928

[INFO] Chosen move: L

 256    16     2       
 128    16             
  32    64     2       
  16     2             
Score = 2944

[INFO] Chosen move: U

 256    32     4       
 128    64     2       
  32     2             
  16                   
Score = 2980

[INFO] Chosen move: D

 256                   
 128    32             
  32    64     4     2 
  16     2     2       
Score = 2980

[INFO] Chosen move: D

 256                   
 128    32             
  32    64     4     4 
  16     2     2     2 
Score = 2980

[INFO] Chosen move: L

 256                   
 128    32             
  32    64     8       
  16     4     2     2 
Score = 2992

[INFO] Chosen move: L

 256                 2 
 128    32             
  32    64     8       
  16     4     4       
Score = 2996

[INFO] Chosen move: L

 256     2     2       
 128    32             
  32    64     8       
  16     8             
Score = 3004

[INFO] Chosen move: L

 256     4           2 
 128    32             
  32    64     8       
  16     8             
Score = 3008

[INFO] Chosen move: D

 256     4             
 128    32             
  32    64           2 
  16     8     8     2 
Score = 3008

[INFO] Chosen move: D

 256     4             
 128    32     2       
  32    64             
  16     8     8     4 
Score = 3012

[INFO] Chosen move: L

 256     4           4 
 128    32     2       
  32    64             
  16    16     4       
Score = 3028

[INFO] Chosen move: L

 256     8           2 
 128    32     2       
  32    64             
  32     4             
Score = 3068

[INFO] Chosen move: U

 256     8     2     2 
 128    32             
  64    64     2       
         4             
Score = 3132

[INFO] Chosen move: L

 256     8     4       
 128    32             
 128     2           2 
   4                   
Score = 3264

[INFO] Chosen move: U

 256     8     4     2 
 256    32           2 
   4     2             
                       
Score = 3520

[INFO] Chosen move: U

 512     8     4     4 
   4    32             
         2             
   2                   
Score = 4036

[INFO] Chosen move: L

 512     8     8       
   4    32             
   2                   
   2     2             
Score = 4044

[INFO] Chosen move: U

 512     8     8       
   4    32             
   4     2             
         2             
Score = 4048

[INFO] Chosen move: U

 512     8     8     2 
   8    32             
         4             
                       
Score = 4060

[INFO] Chosen move: L

 512    16     2       
   8    32           2 
   4                   
                       
Score = 4076

[INFO] Chosen move: U

 512    16     2     2 
   8    32             
   4                   
               4       
Score = 4076

[INFO] Chosen move: L

 512    16     4       
   8    32             
   4     2             
   4                   
Score = 4080

[INFO] Chosen move: U

 512    16     4       
   8    32             
   8     2             
               2       
Score = 4088

[INFO] Chosen move: U

 512    16     4       
  16    32     2       
         2             
   2                   
Score = 4104

[INFO] Chosen move: L

 512    16     4       
  16    32     2       
   2                   
   2                 4 
Score = 4104

[INFO] Chosen move: U

 512    16     4     4 
  16    32     2       
   4                 2 
                       
Score = 4108

[INFO] Chosen move: U

 512    16     4     4 
  16    32     2     2 
   4                   
                     2 
Score = 4108

[INFO] Chosen move: L

 512    16     8       
  16    32     4       
   4                   
   2                 4 
Score = 4120

[INFO] Chosen move: D

 512     2             
  16                   
   4    16     8       
   2    32     4     4 
Score = 4120

[INFO] Chosen move: L

 512     2             
  16                   
   4    16     8     2 
   2    32     8       
Score = 4128

[INFO] Chosen move: D

 512                   
  16     2     4       
   4    16             
   2    32    16     2 
Score = 4144

[INFO] Chosen move: U

 512     2     4     2 
  16    16    16       
   4    32             
   2           2       
Score = 4144

[INFO] Chosen move: L

 512     2     4     2 
  32    16           2 
   4    32             
   4                   
Score = 4180

[INFO] Chosen move: U

 512     2     4     4 
  32    16             
   8    32             
                     4 
Score = 4192

[INFO] Chosen move: L

 512     2     8       
  32    16             
   8    32           2 
   4                   
Score = 4200

[INFO] Chosen move: D

 512           2       
  32     2             
   8    16             
   4    32     8     2 
Score = 4200

[INFO] Chosen move: L

 512     2             
  32     2             
   8    16     2       
   4    32     8     2 
Score = 4200

[INFO] Chosen move: D

 512                   
  32     4           2 
   8    16     2       
   4    32     8     2 
Score = 4204

[INFO] Chosen move: U

 512     4     2     4 
  32    16     8       
   8    32     2       
   4                   
Score = 4208

[INFO] Chosen move: D

 512           2       
  32     4     2       
   8    16     8       
   4    32     2     4 
Score = 4208

[INFO] Chosen move: U

 512     4     4     4 
  32    16     8       
   8    32     2       
   4           2       
Score = 4212

[INFO] Chosen move: D

 512                   
  32     4     4       
   8    16     8     2 
   4    32     4     4 
Score = 4216

[INFO] Chosen move: L

 512                 2 
  32     8             
   8    16     8     2 
   4    32     8       
Score = 4232

[INFO] Chosen move: U

 512     8    16     4 
  32    16             
   8    32           2 
   4                   
Score = 4252

[INFO] Chosen move: U

 512     8    16     4 
  32    16           2 
   8    32           2 
   4                   
Score = 4252

[INFO] Chosen move: U

 512     8    16     4 
  32    16     4     4 
   8    32             
   4                   
Score = 4256

[INFO] Chosen move: D

 512                   
  32     8             
   8    16    16     4 
   4    32     4     8 
Score = 4264

[INFO] Chosen move: L

 512                   
  32     8           2 
   8    32     4       
   4    32     4     8 
Score = 4296

[INFO] Chosen move: D

 512                   
  32           2       
   8     8           2 
   4    64     8     8 
Score = 4368

[INFO] Chosen move: L

 512                   
  32     2           2 
  16     2             
   4    64    16       
Score = 4400

[INFO] Chosen move: D

 512                   
  32                   
  16     4     2       
   4    64    16     2 
Score = 4404

[INFO] Chosen move: U

 512     4     2     2 
  32    64    16       
  16     2             
   4                   
Score = 4404

[INFO] Chosen move: L

 512     4     4       
  32    64    16       
  16     2             
   4                 2 
Score = 4408

[INFO] Chosen move: L

 512     8             
  32    64    16     2 
  16     2             
   4     2             
Score = 4416

[INFO] Chosen move: D

 512                 4 
  32     8             
  16    64             
   4     4    16     2 
Score = 4420

[INFO] Chosen move: L

 512     4             
  32     8             
  16    64     2       
   8    16     2       
Score = 4428

[INFO] Chosen move: U

 512     4     4     4 
  32     8             
  16    64             
   8    16             
Score = 4432

[INFO] Chosen move: L

 512     8     4       
  32     8             
  16    64           2 
   8    16             
Score = 4440

[INFO] Chosen move: U

 512    16     4     2 
  32    64             
  16    16             
   8                 2 
Score = 4456

[INFO] Chosen move: U

 512    16     4     4 
  32    64     2       
  16    16             
   8                   
Score = 4460

[INFO] Chosen move: L

 512    16     8       
  32    64     2     2 
  32                   
   8                   
Score = 4500

[INFO] Chosen move: U

 512    16     8     2 
  64    64     2       
   8                   
                     2 
Score = 4564

[INFO] Chosen move: U

 512    16     8     4 
  64    64     2       
   8                 4 
                       
Score = 4568

[INFO] Chosen move: U

 512    16     8     8 
  64    64     2       
   8                   
               2       
Score = 4576

[INFO] Chosen move: L

 512    16    16       
 128     2     4       
   8                   
   2                   
Score = 4720

[INFO] Chosen move: L

 512    32     2       
 128     2     4       
   8                   
   2                   
Score = 4752

[INFO] Chosen move: D

 512     2             
 128                   
   8    32     2       
   2     2     4       
Score = 4752

[INFO] Chosen move: L

 512     2             
 128                 2 
   8    32     2       
   4     4             
Score = 4756

[INFO] Chosen move: L

 512     2             
 128     2             
   8    32     2       
   8     2             
Score = 4764

[INFO] Chosen move: U

 512     4     2       
 128    32             
  16     2           2 
                       
Score = 4784

[INFO] Chosen move: U

 512     4     2     2 
 128    32             
  16     2             
   2                   
Score = 4784

[INFO] Chosen move: L

 512     4     4       
 128    32             
  16     2             
   2                 2 
Score = 4788

[INFO] Chosen move: L

 512     8     4       
 128    32             
  16     2             
   4                   
Score = 4800

[INFO] Chosen move: D

 512                 4 
 128     8             
  16    32             
   4     2     4       
Score = 4800

[INFO] Chosen move: U

 512     8     4     4 
 128    32             
  16     2           2 
   4                   
Score = 4800

[INFO] Chosen move: L

 512     8     8       
 128    32             
  16     4     2       
   4                   
Score = 4812

[INFO] Chosen move: L

 512    16             
 128    32           4 
  16     4     2       
   4                   
Score = 4828

[INFO] Chosen move: U

 512    16     2     4 
 128    32           2 
  16     4             
   4                   
Score = 4828

[INFO] Chosen move: D

 512                   
 128    16     4       
  16    32           4 
   4     4     2     2 
Score = 4828

[INFO] Chosen move: D

 512                 2 
 128    16             
  16    32     4     4 
   4     4     2     2 
Score = 4828

[INFO] Chosen move: L

 512     2             
 128    16             
  16    32     8       
   8     4     2       
Score = 4848

[INFO] Chosen move: U

 512     2     8       
 128    16     2       
  16    32             
   8     4     2       
Score = 4848

[INFO] Chosen move: D

 512     2           2 
 128    16             
  16    32     8       
   8     4     4       
Score = 4852

[INFO] Chosen move: L

 512     4             
 128    16             
  16    32     8       
   8     8           2 
Score = 4864

[INFO] Chosen move: D

 512     4             
 128    16             
  16    32     4       
   8     8     8     2 
Score = 4864

[INFO] Chosen move: L

 512     4             
 128    16     2       
  16    32     4       
  16     8     2       
Score = 4880

[INFO] Chosen move: U

 512     4     2       
 128    16     4     4 
  32    32     2       
         8             
Score = 4912

[INFO] Chosen move: L

 512     4     2     2 
 128    16     8       
  64     2             
   8                   
Score = 4984

[INFO] Chosen move: L

 512     4     4     2 
 128    16     8       
  64     2             
   8                   
Score = 4988

[INFO] Chosen move: L

 512     8     2     4 
 128    16     8       
  64     2             
   8                   
Score = 4996

[INFO] Chosen move: D

 512     2             
 128     8             
  64    16     2       
   8     2     8     4 
Score = 4996

[INFO] Chosen move: U

 512     2     2     4 
 128     8     8       
  64    16             
   8     2           2 
Score = 4996

[INFO] Chosen move: L

 512     4     4       
 128    16     2       
  64    16             
   8     4             
Score = 5020

[INFO] Chosen move: L

 512     8             
 128    16     2     2 
  64    16             
   8     4             
Score = 5028

[INFO] Chosen move: U

 512     8     2     2 
 128    32             
  64     4     4       
   8                   
Score = 5060

[INFO] Chosen move: L

 512     8     4       
 128    32             
  64     8           4 
   8                   
Score = 5072

[INFO] Chosen move: D

 512                 2 
 128     8             
  64    32             
   8     8     4     4 
Score = 5072

[INFO] Chosen move: L

 512     2             
 128     8           4 
  64    32             
  16     8             
Score = 5096

[INFO] Chosen move: D

 512     2             
 128     8             
  64    32             
  16     8     2     4 
Score = 5096

[INFO] Chosen move: U

 512     2     2     4 
 128     8     2       
  64    32             
  16     8             
Score = 5096

[INFO] Chosen move: L

 512     4     4       
 128     8     2       
  64    32             
  16     8     2       
Score = 5100

[INFO] Chosen move: U

 512     4     4       
 128     8     4       
  64    32           2 
  16     8             
Score = 5104

[INFO] Chosen move: D

 512     4             
 128     8             
  64    32           4 
  16     8     8     2 
Score = 5112

[INFO] Chosen move: L

 512     4             
 128     8     4       
  64    32     4       
  16    16     2       
Score = 5128

[INFO] Chosen move: U

 512     4     8       
 128     8     2     2 
  64    32             
  16    16             
Score = 5136

[INFO] Chosen move: L

 512     4     8       
 128     8     4       
  64    32     2       
  32                   
Score = 5172

[INFO] Chosen move: D

 512                   
 128     4     8       
  64     8     4       
  32    32     2     2 
Score = 5172

[INFO] Chosen move: L

 512                 2 
 128     4     8       
  64     8     4       
  64     4             
Score = 5240

[INFO] Chosen move: U

 512     4     8     2 
 128     8     4       
 128     4             
         2             
Score = 5368

[INFO] Chosen move: U

 512     4     8     2 
 256     8     4       
         4           2 
         2             
Score = 5624

[INFO] Chosen move: U

 512     4     8     4 
 256     8     4     4 
         4             
         2             
Score = 5628

[INFO] Chosen move: U

 512     4     8     8 
 256     8     4       
         4             
         2     2       
Score = 5636

[INFO] Chosen move: L

 512     4    16     4 
 256     8     4       
   4                   
   4                   
Score = 5656

[INFO] Chosen move: U

 512     4    16     4 
 256     8     4       
   8                   
                     2 
Score = 5664

[INFO] Chosen move: L

 512     4    16     4 
 256     8     4       
   8                   
   2                 2 
Score = 5664

[INFO] Chosen move: L

 512     4    16     4 
 256     8     4     2 
   8                   
   4                   
Score = 5668

[INFO] Chosen move: D

 512                 2 
 256                   
   8     4    16     4 
   4     8     4     2 
Score = 5668

[INFO] Chosen move: U

 512     4    16     2 
 256     8     4     4 
   8                 2 
   4                 4 
Score = 5668

[INFO] Chosen move: L

 512     4    16     2 
 256     8     8       
   8     2     2       
   8                   
Score = 5684

[INFO] Chosen move: L

 512     4    16     2 
 256    16     4       
   8     4             
   8                   
Score = 5704

[INFO] Chosen move: U

 512     4    16     2 
 256    16     4       
  16     4             
   4                   
Score = 5720

[INFO] Chosen move: D

 512                   
 256     4           4 
  16    16    16       
   4     4     4     2 
Score = 5720

[INFO] Chosen move: L

 512                   
 256     8           2 
  32    16             
   8     4     2       
Score = 5768

[INFO] Chosen move: U

 512     8     2     2 
 256    16             
  32     4             
   8     2             
Score = 5768

[INFO] Chosen move: D

 512     8             
 256    16             
  32     4           4 
   8     2     2     2 
Score = 5768

[INFO] Chosen move: L

 512     8     2       
 256    16             
  32     8             
   8     4     2       
Score = 5780

[INFO] Chosen move: D

 512     8           2 
 256    16             
  32     8             
   8     4     4       
Score = 5784

[INFO] Chosen move: L

 512     8     2       
 256    16     4       
  32     8             
   8     8             
Score = 5792

[INFO] Chosen move: D

 512           2       
 256     8             
  32    16     2       
   8    16     4       
Score = 5808

[INFO] Chosen move: D

 512                   
 256                   
  32     8     4       
   8    32     4     2 
Score = 5844

[INFO] Chosen move: U

 512     8     8     2 
 256    32             
  32                 2 
   8                   
Score = 5852

[INFO] Chosen move: L

 512    16     2       
 256    32             
  32     2             
   8           2       
Score = 5868

[INFO] Chosen move: L

 512    16     2       
 256    32     2       
  32     2             
   8     2             
Score = 5868

[INFO] Chosen move: D

 512                   
 256    16             
  32    32           2 
   8     4     4       
Score = 5876

[INFO] Chosen move: L

 512                   
 256    16           2 
  64     2             
   8     8             
Score = 5948

[INFO] Chosen move: L

 512                   
 256    16     2       
  64     2     2       
  16                   
Score = 5964

[INFO] Chosen move: L

 512                 2 
 256    16     2       
  64     4             
  16                   
Score = 5968

[INFO] Chosen move: U

 512    16     2     2 
 256     4             
  64                   
  16     2             
Score = 5968

[INFO] Chosen move: U

 512    16     2     2 
 256     4             
  64     2             
  16                 4 
Score = 5968

[INFO] Chosen move: U

 512    16     2     2 
 256     4           4 
  64     2             
  16     2             
Score = 5968

[INFO] Chosen move: L

 512    16     4       
 256     8             
  64     2     2       
  16     2             
Score = 5980

[INFO] Chosen move: L

 512    16     4     2 
 256     8             
  64     4             
  16     2             
Score = 5984

[INFO] Chosen move: D

 512    16     2       
 256     8             
  64     4             
  16     2     4     2 
Score = 5984

[INFO] Chosen move: U

 512    16     2     2 
 256     8     4     4 
  64     4             
  16     2             
Score = 5984

[INFO] Chosen move: L

 512    16     4       
 256     8     8     2 
  64     4             
  16     2             
Score = 5996

[INFO] Chosen move: L

 512    16     4       
 256    16     2       
  64     4             
  16     2     2       
Score = 6012

[INFO] Chosen move: U

 512    32     4       
 256     4     4       
  64     2           2 
  16                   
Score = 6048

[INFO] Chosen move: L

 512    32     4       
 256     8             
  64     4     2       
  16                   
Score = 6060

[INFO] Chosen move: U

 512    32     4       
 256     8     2       
  64     4             
  16     2             
Score = 6060

[INFO] Chosen move: D

 512    32             
 256     8     2       
  64     4     4       
  16     2     2       
Score = 6060

[INFO] Chosen move: L

 512    32             
 256     8     2     2 
  64     8             
  16     4             
Score = 6072

[INFO] Chosen move: U

 512    32     2     2 
 256    16             
  64     4           2 
  16                   
Score = 6088

[INFO] Chosen move: L

 512    32     4       
 256    16     4       
  64     4     2       
  16                   
Score = 6092

[INFO] Chosen move: U

 512    32     8       
 256    16     2       
  64     4             
  16           2       
Score = 6100

[INFO] Chosen move: L

 512    32     8       
 256    16     2       
  64     4           2 
  16     2             
Score = 6100

[INFO] Chosen move: D

 512    32             
 256    16           4 
  64     4     8       
  16     2     2     2 
Score = 6100

[INFO] Chosen move: L

 512    32             
 256    16     4       
  64     4     8     2 
  16     4     2       
Score = 6104

[INFO] Chosen move: D

 512                 2 
 256    32     4       
  64    16     8       
  16     8     2     2 
Score = 6112

[INFO] Chosen move: U

 512    32     4     4 
 256    16     8       
  64     8     2     2 
  16                   
Score = 6116

[INFO] Chosen move: L

 512    32     8       
 256    16     8       
  64     8     4       
  16                 2 
Score = 6128

[INFO] Chosen move: D

 512     2             
 256    32             
  64    16    16       
  16     8     4     2 
Score = 6144

[INFO] Chosen move: L

 512     2             
 256    32           2 
  64    32             
  16     8     4     2 
Score = 6176

[INFO] Chosen move: D

 512           4       
 256     2             
  64    64             
  16     8     4     4 
Score = 6244

[INFO] Chosen move: L

 512     4             
 256     2             
 128                   
  16     8     8     2 
Score = 6380

[INFO] Chosen move: L

 512     4             
 256     2             
 128     2             
  16    16     2       
Score = 6396

[INFO] Chosen move: D

 512                   
 256     4             
 128     4     2       
  16    16     2       
Score = 6400

[INFO] Chosen move: D

 512                   
 256                   
 128     8             
  16    16     4     4 
Score = 6412

[INFO] Chosen move: L

 512                   
 256                   
 128     8             
  32     8     2       
Score = 6452

[INFO] Chosen move: D

 512                   
 256                   
 128     4             
  32    16     2       
Score = 6468

[INFO] Chosen move: U

 512     4     2       
 256    16             
 128           4       
  32                   
Score = 6468

[INFO] Chosen move: D

 512                 2 
 256                   
 128     4     2       
  32    16     4       
Score = 6468

[INFO] Chosen move: L

 512     2     2       
 256                   
 128     4     2       
  32    16     4       
Score = 6468

[INFO] Chosen move: D

 512                 2 
 256     2             
 128     4     4       
  32    16     4       
Score = 6472

[INFO] Chosen move: L

 512     2           4 
 256     2             
 128     8             
  32    16     4       
Score = 6480

[INFO] Chosen move: U

 512     4     4     4 
 256     8             
 128    16     2       
  32                   
Score = 6484

[INFO] Chosen move: L

 512     8     4       
 256     8     2       
 128    16     2       
  32                   
Score = 6492

[INFO] Chosen move: D

 512                   
 256           2       
 128    16     4       
  32    16     4       
Score = 6512

[INFO] Chosen move: D

 512                 4 
 256                   
 128           2       
  32    32     8       
Score = 6552

[INFO] Chosen move: L

 512     4             
 256                   
 128     2             
  64     8     2       
Score = 6616

[INFO] Chosen move: D

 512     4             
 256     4             
 128     2             
  64     8     2       
Score = 6616

[INFO] Chosen move: D

 512                   
 256     8     2       
 128     2             
  64     8     2       
Score = 6624

[INFO] Chosen move: U

 512     8     4       
 256     2             
 128     8             
  64           2       
Score = 6628

[INFO] Chosen move: U

 512     8     4       
 256     2     2       
 128     8             
  64                 2 
Score = 6628

[INFO] Chosen move: L

 512     8     4     4 
 256     4             
 128     8             
  64     2             
Score = 6632

[INFO] Chosen move: L

 512     8     8       
 256     4             
 128     8     2       
  64     2             
Score = 6640

[INFO] Chosen move: L

 512    16           2 
 256     4             
 128     8     2       
  64     2             
Score = 6656

[INFO] Chosen move: U

 512    16     2     2 
 256     4             
 128     8     2       
  64     2             
Score = 6656

[INFO] Chosen move: U

 512    16     4     2 
 256     4     2       
 128     8             
  64     2             
Score = 6660

[INFO] Chosen move: D

 512    16             
 256     4     4       
 128     8     4       
  64     2     2     2 
Score = 6660

[INFO] Chosen move: D

 512    16           2 
 256     4             
 128     8     8       
  64     2     2     2 
Score = 6668

[INFO] Chosen move: D

 512    16     4       
 256     4             
 128     8     8       
  64     2     2     4 
Score = 6672

[INFO] Chosen move: D

 512    16             
 256     4     4       
 128     8     8     2 
  64     2     2     4 
Score = 6672

[INFO] Chosen move: L

 512    16             
 256     8             
 128    16     2     2 
  64     4     4       
Score = 6700

[INFO] Chosen move: L

 512    16     2       
 256     8             
 128    16     4       
  64     8             
Score = 6712

[INFO] Chosen move: U

 512    16     2     4 
 256     8     4       
 128    16             
  64     8             
Score = 6712

[INFO] Chosen move: D

 512    16     2       
 256     8             
 128    16     2       
  64     8     4     4 
Score = 6712

[INFO] Chosen move: U

 512    16     4     4 
 256     8     4       
 128    16             
  64     8           4 
Score = 6716

[INFO] Chosen move: D

 512    16             
 256     8           2 
 128    16             
  64     8     8     8 
Score = 6732

[INFO] Chosen move: D

 512    16             
 256     8             
 128    16     2     2 
  64     8     8     8 
Score = 6732

[INFO] Chosen move: U

 512    16     2     2 
 256     8     8     8 
 128    16     2       
  64     8             
Score = 6732

[INFO] Chosen move: L

 512    16     4     2 
 256    16     8       
 128    16     2       
  64     8             
Score = 6752

[INFO] Chosen move: D

 512           2       
 256    16     4       
 128    32     8       
  64     8     2     2 
Score = 6784

[INFO] Chosen move: U

 512    16     2     2 
 256    32     4     2 
 128     8     8       
  64           2       
Score = 6784

[INFO] Chosen move: L

 512    16     4       
 256    32     4     2 
 128    16             
  64     2     4       
Score = 6804

[INFO] Chosen move: U

 512    16     8     2 
 256    32     4       
 128    16             
  64     2     4       
Score = 6812

[INFO] Chosen move: U

 512    16     8     2 
 256    32     8     4 
 128    16             
  64     2             
Score = 6820

[INFO] Chosen move: U

 512    16    16     2 
 256    32           4 
 128    16           2 
  64     2             
Score = 6836

[INFO] Chosen move: L

 512    32     2       
 256    32     4       
 128    16     2       
  64     2     2       
Score = 6868

[INFO] Chosen move: L

 512    32     2       
 256    32     4       
 128    16     2     4 
  64     4             
Score = 6872

[INFO] Chosen move: U

 512    64     2     4 
 256    16     4       
 128     4     2     2 
  64                   
Score = 6936

[INFO] Chosen move: R

 512    64     2     4 
   2   256    16     4 
       128     4     4 
                    64 
Score = 6940

[INFO] Chosen move: L

 512    64     2     4 
   2   256    16     4 
 128     8             
  64     4             
Score = 6948

[INFO] Chosen move: D

 512    64     4       
   2   256             
 128     8     2       
  64     4    16     8 
Score = 6956

[INFO] Chosen move: D

 512    64             
   2   256     4       
 128     8     2     4 
  64     4    16     8 
Score = 6956

[INFO] Chosen move: U

 512    64     4     4 
   2   256     2     8 
 128     8    16       
  64     4     2       
Score = 6956

[INFO] Chosen move: L

 512    64     8       
   2   256     2     8 
 128     8    16     2 
  64     4     2       
Score = 6964

[INFO] Chosen move: U

 512    64     8     8 
   2   256     2     2 
 128     8    16     2 
  64     4     2       
Score = 6964

[INFO] Chosen move: L

 512    64    16     2 
   2   256     4       
 128     8    16     2 
  64     4     2       
Score = 6984

[INFO] Chosen move: U

 512    64    16     4 
   2   256     4       
 128     8    16     2 
  64     4     2       
Score = 6988

[INFO] Chosen move: D

 512    64    16     2 
   2   256     4       
 128     8    16     4 
  64     4     2     2 
Score = 6988

[INFO] Chosen move: L

 512    64    16     2 
   2   256     4       
 128     8    16     4 
  64     4     4     2 
Score = 6992

[INFO] Chosen move: U

 512    64    16     2 
   2   256     4     4 
 128     8    16     2 
  64     4     4     2 
Score = 6992

[INFO] Chosen move: L

 512    64    16     2 
   2   256     8       
 128     8    16     2 
  64     8     2     2 
Score = 7008

[INFO] Chosen move: U

 512    64    16     4 
   2   256     8     2 
 128    16    16       
  64     4     2       
Score = 7028

[INFO] Chosen move: D

 512    64    16       
   2   256     8     2 
 128    16    16     4 
  64     4     2     2 
Score = 7028

[INFO] Chosen move: L

 512    64    16       
   2   256     8     2 
 128    32     4     2 
  64     4     4       
Score = 7064

[INFO] Chosen move: U

 512    64    16     4 
   2   256     8       
 128    32     8     4 
  64     4             
Score = 7076

[INFO] Chosen move: U

 512    64    16     8 
   2   256    16       
 128    32     4       
  64     4             
Score = 7100

[INFO] Chosen move: D

 512    64     2       
   2   256             
 128    32    32       
  64     4     4     8 
Score = 7132

[INFO] Chosen move: L

 512    64     2       
   2   256             
 128    64             
  64     8     8     2 
Score = 7204

[INFO] Chosen move: L

 512    64     2       
   2   256             
 128    64     2       
  64    16     2       
Score = 7220

[INFO] Chosen move: U

 512    64     4       
   2   256     2       
 128    64             
  64    16     4       
Score = 7224

[INFO] Chosen move: D

 512    64           2 
   2   256     4       
 128    64     2       
  64    16     4       
Score = 7224

[INFO] Chosen move: U

 512    64     4     2 
   2   256     2     2 
 128    64     4       
  64    16             
Score = 7224

[INFO] Chosen move: R

 512    64     4     2 
         2   256     4 
   2   128    64     4 
              64    16 
Score = 7228

[INFO] Chosen move: U

 512    64     4     2 
   2     2   256     8 
       128   128    16 
                     2 
Score = 7364

[INFO] Chosen move: R

 512    64     4     2 
         4   256     8 
             256    16 
         2           2 
Score = 7624

[INFO] Chosen move: R

 512    64     4     2 
         4   256     8 
             256    16 
   2                 4 
Score = 7628

[INFO] Chosen move: U

 512    64     4     2 
   2     4   512     8 
                    16 
         2           4 
Score = 8140

[INFO] Chosen move: R

 512    64     4     2 
   2     4   512     8 
                    16 
   2           2     4 
Score = 8140

[INFO] Chosen move: U

 512    64     4     2 
   4     4   512     8 
               2    16 
   4                 4 
Score = 8144

[INFO] Chosen move: L

 512    64     4     2 
   8   512     8       
   2    16     2       
   8                   
Score = 8160

[INFO] Chosen move: D

 512           2       
   8    64     4       
   2   512     8       
   8    16     2     2 
Score = 8160

[INFO] Chosen move: U

 512    64     2     2 
   8   512     4     2 
   2    16     8       
   8           2       
Score = 8160

[INFO] Chosen move: L

 512    64     4       
   8   512     4     2 
   2    16     8       
   8     2           2 
Score = 8164

[INFO] Chosen move: U

 512    64     8     4 
   8   512     8       
   2    16             
   8     2     4       
Score = 8176

[INFO] Chosen move: D

 512    64             
   8   512           2 
   2    16    16       
   8     2     4     4 
Score = 8192

[INFO] Chosen move: R

             512    64 
         8   512     2 
   2           2    32 
         8     2     8 
Score = 8232

[INFO] Chosen move: L

 512    64             
   8   512     2       
   4    32           2 
   8     2     8       
Score = 8236

[INFO] Chosen move: U

 512    64     2     2 
   8   512     8       
   4    32             
   8     2           2 
Score = 8236

[INFO] Chosen move: L

 512    64     4       
   8   512     8     2 
   4    32             
   8     4             
Score = 8244

[INFO] Chosen move: D

 512    64             
   8   512           2 
   4    32     4       
   8     4     8     2 
Score = 8244

[INFO] Chosen move: U

 512    64     4     4 
   8   512     8       
   4    32     2       
   8     4             
Score = 8248

[INFO] Chosen move: L

 512    64     8     2 
   8   512     8       
   4    32     2       
   8     4             
Score = 8256

[INFO] Chosen move: D

 512    64     2       
   8   512             
   4    32    16       
   8     4     2     2 
Score = 8272

[INFO] Chosen move: L

 512    64     2       
   8   512     2       
   4    32    16       
   8     4     4       
Score = 8276

[INFO] Chosen move: L

 512    64     2       
   8   512     2     2 
   4    32    16       
   8     8             
Score = 8284

[INFO] Chosen move: U

 512    64     4     2 
   8   512    16       
   4    32           2 
   8     8             
Score = 8288

[INFO] Chosen move: D

 512    64             
   8   512           4 
   4    32     4       
   8     8    16     4 
Score = 8292

[INFO] Chosen move: L

 512    64           2 
   8   512     4       
   4    32     4       
  16    16     4       
Score = 8308

[INFO] Chosen move: U

 512    64     8     2 
   8   512     4       
   4    32             
  16    16     2       
Score = 8316

[INFO] Chosen move: L

 512    64     8     2 
   8   512     4       
   4    32             
  32     2     2       
Score = 8348

[INFO] Chosen move: L

 512    64     8     2 
   8   512     4       
   4    32           2 
  32     4             
Score = 8352

[INFO] Chosen move: D

 512    64             
   8   512           2 
   4    32     8       
  32     4     4     4 
Score = 8356

[INFO] Chosen move: U

 512    64     8     2 
   8   512     4     4 
   4    32           2 
  32     4             
Score = 8356

[INFO] Chosen move: L

 512    64     8     2 
   8   512     8     2 
   4    32     2       
  32     4             
Score = 8364

[INFO] Chosen move: R

 512    64     8     2 
   8   512     8     2 
         4    32     2 
         2    32     4 
Score = 8364

[INFO] Chosen move: U

 512    64    16     4 
   8   512    64     2 
         4     2     4 
         2             
Score = 8448

[INFO] Chosen move: L

 512    64    16     4 
   8   512    64     2 
   4     2     4       
   2                 2 
Score = 8448

[INFO] Chosen move: U

 512    64    16     4 
   8   512    64     4 
   4     2     4       
   2                 2 
Score = 8452

[INFO] Chosen move: R

 512    64    16     4 
   8   512    64     4 
         4     2     4 
   2                 4 
Score = 8456

[INFO] Chosen move: U

 512    64    16     8 
   8   512    64     8 
   2     4     2       
                     2 
Score = 8472

[INFO] Chosen move: U

 512    64    16    16 
   8   512    64     2 
   2     4     2       
         2             
Score = 8488

[INFO] Chosen move: R

   2   512    64    32 
   8   512    64     2 
         2     4     2 
                     2 
Score = 8520

[INFO] Chosen move: U

   2  1024   128    32 
   8     2     4     4 
                     2 
         2             
Score = 9676

[INFO] Chosen move: U

   2  1024   128    32 
   8     4     4     4 
         2           2 
                       
Score = 9680

[INFO] Chosen move: L

   2  1024   128    32 
   8     8     4     2 
   4                   
                       
Score = 9692

[INFO] Chosen move: L

   2  1024   128    32 
  16     4     2       
   4     2             
                       
Score = 9708

[INFO] Chosen move: R

   2  1024   128    32 
        16     4     2 
               4     2 
   2                   
Score = 9708

[INFO] Chosen move: R

   2  1024   128    32 
        16     4     2 
         4     4     2 
                     2 
Score = 9708

[INFO] Chosen move: U

   2  1024   128    32 
        16     8     4 
   2     4           2 
                       
Score = 9720

[INFO] Chosen move: U

   4  1024   128    32 
        16     8     4 
   2     4           2 
                       
Score = 9724

[INFO] Chosen move: U

   4  1024   128    32 
   2    16     8     4 
         4           2 
   2                   
Score = 9724

[INFO] Chosen move: R

   4  1024   128    32 
   2    16     8     4 
               4     2 
         2           2 
Score = 9724

[INFO] Chosen move: U

   4  1024   128    32 
   2    16     8     4 
         2     4     4 
               4       
Score = 9728

[INFO] Chosen move: U

   4  1024   128    32 
   2    16     8     8 
         2     8       
         2             
Score = 9744

[INFO] Chosen move: R

   4  1024   128    32 
         2    16    16 
   4           2     8 
                     2 
Score = 9760

[INFO] Chosen move: U

   8  1024   128    32 
         2    16    16 
               2     8 
               4     2 
Score = 9768

[INFO] Chosen move: R

   8  1024   128    32 
               2    32 
         4     2     8 
               4     2 
Score = 9800

[INFO] Chosen move: U

   8  1024   128    64 
         4     4     8 
               4     2 
               2       
Score = 9868

[INFO] Chosen move: U

   8  1024   128    64 
         4     8     8 
         4     2     2 
                       
Score = 9876

[INFO] Chosen move: R

   8  1024   128    64 
   2           4    16 
               4     4 
                       
Score = 9896

[INFO] Chosen move: U

   8  1024   128    64 
   2     2     8    16 
                     4 
                       
Score = 9904

[INFO] Chosen move: L

   8  1024   128    64 
   4     8    16       
   4     2             
                       
Score = 9908

[INFO] Chosen move: U

   8  1024   128    64 
   8     8    16       
   4     2             
                       
Score = 9916

[INFO] Chosen move: L

   8  1024   128    64 
  16    16             
   4     2     2       
                       
Score = 9932

[INFO] Chosen move: R

   8  1024   128    64 
                    32 
               4     4 
               2       
Score = 9968

[INFO] Chosen move: R

   8  1024   128    64 
               2    32 
                     8 
                     2 
Score = 9976

[INFO] Chosen move: D

         2          64 
                    32 
             128     8 
   8  1024     2     2 
Score = 9976

[INFO] Chosen move: R

               2    64 
                    32 
             128     8 
   2     8  1024     4 
Score = 9980

[INFO] Chosen move: L

   2    64     4       
  32                   
 128     8             
   2     8  1024     4 
Score = 9980

[INFO] Chosen move: U

   2    64     4     4 
  32    16  1024       
 128                   
   2           2       
Score = 9996

[INFO] Chosen move: R

         2    64     8 
        32    16  1024 
         4         128 
                     4 
Score = 10008

[INFO] Chosen move: R

         2    64     8 
        32    16  1024 
               4   128 
         2           4 
Score = 10008

[INFO] Chosen move: R

         2    64     8 
        32    16  1024 
         2     4   128 
               2     4 
Score = 10008

[INFO] Chosen move: L

   2    64     8       
  32    16  1024       
   2     4   128       
   2     4     2       
Score = 10008

[INFO] Chosen move: R

         2    64     8 
        32    16  1024 
         2     4   128 
   2     2     4     2 
Score = 10008

[INFO] Chosen move: U

   2     2    64     8 
        32    16  1024 
         4     8   128 
               2     2 
Score = 10020

[INFO] Chosen move: L

   4    64     8       
  32    16  1024       
   4     8   128       
   4           2       
Score = 10028

[INFO] Chosen move: U

   4    64     8       
  32    16  1024     2 
   8     8   128       
               2       
Score = 10036

[INFO] Chosen move: L

   4    64     8       
  32    16  1024     2 
  16   128             
   2                 4 
Score = 10052

[INFO] Chosen move: D

   4                   
  32    64           2 
  16    16     8     2 
   2   128  1024     4 
Score = 10052

[INFO] Chosen move: D

   4                 2 
  32    64             
  16    16     8     4 
   2   128  1024     4 
Score = 10056

[INFO] Chosen move: D

   4                 2 
  32    64             
  16    16     8     2 
   2   128  1024     8 
Score = 10064

[INFO] Chosen move: D

   4           2       
  32    64             
  16    16     8     4 
   2   128  1024     8 
Score = 10068

[INFO] Chosen move: L

   4     2             
  32    64     2       
  32     8     4       
   2   128  1024     8 
Score = 10100

[INFO] Chosen move: U

   4     2     2     8 
  64    64     4       
   2     8  1024       
   2   128             
Score = 10164

[INFO] Chosen move: R

         4     4     8 
             128     4 
   2     2     8  1024 
               2   128 
Score = 10296

[INFO] Chosen move: U

   2     4     4     8 
         2   128     4 
         2     8  1024 
               2   128 
Score = 10296

[INFO] Chosen move: R

         2     8     8 
         2   128     4 
   4     2     8  1024 
               2   128 
Score = 10304

[INFO] Chosen move: U

   4     4     8     8 
   2     2   128     4 
               8  1024 
               2   128 
Score = 10308

[INFO] Chosen move: D

               8     8 
   2         128     4 
   4     4     8  1024 
   2     2     2   128 
Score = 10308

[INFO] Chosen move: L

  16                   
   2   128     4       
   8     8  1024       
   4     2   128     2 
Score = 10336

[INFO] Chosen move: R

                    16 
         2   128     4 
         2    16  1024 
   4     2   128     2 
Score = 10352

[INFO] Chosen move: U

   4     4   128    16 
         2    16     4 
   2         128  1024 
                     2 
Score = 10356

[INFO] Chosen move: U

   4     4   128    16 
   2     2    16     4 
   2         128  1024 
                     2 
Score = 10356

[INFO] Chosen move: U

   4     4   128    16 
   4     2    16     4 
             128  1024 
               2     2 
Score = 10360

[INFO] Chosen move: D

             128    16 
         2    16     4 
         4   128  1024 
   8     2     2     2 
Score = 10368

[INFO] Chosen move: L

 128    16             
   2    16     4       
   4   128  1024       
   8     4     2     2 
Score = 10372

[INFO] Chosen move: L

 128    16     4       
   2    16     4       
   4   128  1024       
   8     4     4       
Score = 10376

[INFO] Chosen move: R

   4   128    16     4 
         2    16     4 
         4   128  1024 
               8     8 
Score = 10384

[INFO] Chosen move: U

   4   128    32     8 
   4     2   128  1024 
         4     8     8 
                       
Score = 10424

[INFO] Chosen move: U

   8   128    32     8 
         2   128  1024 
         4     8     8 
                     2 
Score = 10432

[INFO] Chosen move: L

   8   128    32     8 
   2   128  1024       
   4    16             
   2     2             
Score = 10448

[INFO] Chosen move: D

   8                   
   2   256           4 
   4    16    32       
   2     2  1024     8 
Score = 10704

[INFO] Chosen move: R

                     8 
   2     2   256     4 
         4    16    32 
         4  1024     8 
Score = 10708

[INFO] Chosen move: R

                     8 
   4     4   256     4 
         4    16    32 
         4  1024     8 
Score = 10712

[INFO] Chosen move: R

                     8 
         8   256     4 
         4    16    32 
   2     4  1024     8 
Score = 10720

[INFO] Chosen move: D

   2                 8 
             256     4 
         8    16    32 
   2     8  1024     8 
Score = 10728

[INFO] Chosen move: D

                     8 
             256     4 
         2    16    32 
   4    16  1024     8 
Score = 10748

[INFO] Chosen move: U

   4     2   256     8 
        16    16     4 
            1024    32 
   2                 8 
Score = 10748

[INFO] Chosen move: R

   4     2   256     8 
              32     4 
         2  1024    32 
               2     8 
Score = 10780

[INFO] Chosen move: U

   4     4   256     8 
              32     4 
   2        1024    32 
               2     8 
Score = 10784

[INFO] Chosen move: L

   8   256     8       
  32     4             
   2  1024    32       
   2     8           4 
Score = 10792

[INFO] Chosen move: U

   8   256     8     4 
  32     4    32       
   4  1024             
   4     8             
Score = 10796

[INFO] Chosen move: D

       256             
   8     4     2       
  32  1024     8       
   8     8    32     4 
Score = 10804

[INFO] Chosen move: L

 256                   
   8     4     2     2 
  32  1024     8       
  16    32     4       
Score = 10820

[INFO] Chosen move: L

 256                   
   8     4     4     2 
  32  1024     8       
  16    32     4       
Score = 10824

[INFO] Chosen move: L

 256                   
   8     8     2       
  32  1024     8     2 
  16    32     4       
Score = 10832

[INFO] Chosen move: R

               2   256 
              16     2 
  32  1024     8     2 
        16    32     4 
Score = 10848

[INFO] Chosen move: U

  32  1024     2   256 
        16    16     4 
               8     4 
   2          32       
Score = 10852

[INFO] Chosen move: L

  32  1024     2   256 
  32     4             
   8     4             
   2    32     2       
Score = 10884

[INFO] Chosen move: U

  64  1024     4   256 
   8     8     2       
   2    32             
                       
Score = 10960

[INFO] Chosen move: R

  64  1024     4   256 
         2    16     2 
               2    32 
                       
Score = 10976

[INFO] Chosen move: D

                       
   2           4   256 
      1024    16     2 
  64     2     2    32 
Score = 10976

[INFO] Chosen move: D

                     2 
               4   256 
   2  1024    16     2 
  64     2     2    32 
Score = 10976

[INFO] Chosen move: U

   2  1024     4     2 
  64     2    16   256 
               2     2 
         2          32 
Score = 10976

[INFO] Chosen move: U

   2  1024     4     2 
  64     4    16   256 
   4           2     2 
                    32 
Score = 10980

[INFO] Chosen move: L

   2  1024     4     2 
  64     4    16   256 
   4     4             
  32     4             
Score = 10984

[INFO] Chosen move: D

   2           2       
  64  1024             
   4     4     4     2 
  32     8    16   256 
Score = 10992

[INFO] Chosen move: L

   4                 2 
  64  1024             
   8     4     2       
  32     8    16   256 
Score = 11004

[INFO] Chosen move: U

   4  1024     2     2 
  64     4    16   256 
   8     8             
  32     2             
Score = 11004

[INFO] Chosen move: R

         4  1024     4 
  64     4    16   256 
                    16 
   2          32     2 
Score = 11024

[INFO] Chosen move: D

                     4 
            1024   256 
  64     2    16    16 
   2     8    32     2 
Score = 11032

[INFO] Chosen move: L

   4                   
1024   256     2       
  64     2    32       
   2     8    32     2 
Score = 11064

[INFO] Chosen move: U

   4   256     2     2 
1024     2    64       
  64     8             
   2           4       
Score = 11128

[INFO] Chosen move: L

   4   256     4       
1024     2    64       
  64     8     4       
   2     4             
Score = 11132

[INFO] Chosen move: D

   4   256             
1024     2     4     4 
  64     8    64       
   2     4     4       
Score = 11132

[INFO] Chosen move: R

               4   256 
      1024     2     8 
        64     8    64 
         2     2     8 
Score = 11148

[INFO] Chosen move: R

               4   256 
      1024     2     8 
   2    64     8    64 
               4     8 
Score = 11152

[INFO] Chosen move: D

               4   256 
   2           2     8 
      1024     8    64 
   2    64     4     8 
Score = 11152

[INFO] Chosen move: R

         2     4   256 
               4     8 
      1024     8    64 
   2    64     4     8 
Score = 11156

[INFO] Chosen move: D

                   256 
   2     2     8     8 
      1024     8    64 
   2    64     4     8 
Score = 11164

[INFO] Chosen move: R

   2               256 
               4    16 
      1024     8    64 
   2    64     4     8 
Score = 11184

[INFO] Chosen move: U

   4  1024     4   256 
        64     8    16 
               4    64 
         4           8 
Score = 11188

[INFO] Chosen move: L

   4  1024     4   256 
  64     8    16     2 
   4    64             
   4     8             
Score = 11188

[INFO] Chosen move: D

      1024             
   4     8     2       
  64    64     4   256 
   8     8    16     2 
Score = 11196

[INFO] Chosen move: L

1024                   
   4     8     2       
 128     4   256     4 
  16    16     2       
Score = 11340

[INFO] Chosen move: U

1024     8     2     4 
   4     4   256     4 
 128    16     2       
  16                   
Score = 11340

[INFO] Chosen move: R

1024     8     2     4 
         8   256     4 
       128    16     2 
   2                16 
Score = 11348

[INFO] Chosen move: U

1024    16     2     8 
   2   128   256     2 
              16    16 
               2       
Score = 11372

[INFO] Chosen move: L

1024    16     2     8 
   2   128   256     2 
  32                   
   2     2             
Score = 11404

[INFO] Chosen move: L

1024    16     2     8 
   2   128   256     2 
  32     2             
   4                   
Score = 11408

[INFO] Chosen move: R

1024    16     2     8 
   2   128   256     2 
   2          32     2 
                     4 
Score = 11408

[INFO] Chosen move: U

1024    16     2     8 
   4   128   256     4 
              32     4 
   4                   
Score = 11416

[INFO] Chosen move: U

1024    16     2     8 
   8   128   256     8 
         2    32       
                       
Score = 11432

[INFO] Chosen move: L

1024    16     2     8 
   8   128   256     8 
   2    32           2 
                       
Score = 11432

[INFO] Chosen move: U

1024    16     2    16 
   8   128   256     2 
   2    32             
         2             
Score = 11448

[INFO] Chosen move: R

1024    16     2    16 
   8   128   256     2 
               2    32 
               4     2 
Score = 11448

[INFO] Chosen move: L

1024    16     2    16 
   8   128   256     2 
   2    32             
   4     2     4       
Score = 11448

[INFO] Chosen move: R

1024    16     2    16 
   8   128   256     2 
         2     2    32 
         4     2     4 
Score = 11448

[INFO] Chosen move: L

1024    16     2    16 
   8   128   256     2 
   4    32           2 
   4     2     4       
Score = 11452

[INFO] Chosen move: U

1024    16     2    16 
   8   128   256     4 
   8    32     4       
   2     2             
Score = 11464

[INFO] Chosen move: L

1024    16     2    16 
   8   128   256     4 
   8    32     4       
   4           4       
Score = 11468

[INFO] Chosen move: L

1024    16     2    16 
   8   128   256     4 
   8    32     4     2 
   8                   
Score = 11476

[INFO] Chosen move: U

1024    16     2    16 
  16   128   256     4 
   8    32     4     2 
                     4 
Score = 11492

[INFO] Chosen move: L

1024    16     2    16 
  16   128   256     4 
   8    32     4     2 
   4           2       
Score = 11492

[INFO] Chosen move: D

1024     4     2       
  16    16   256    16 
   8   128     4     4 
   4    32     2     2 
Score = 11492

[INFO] Chosen move: L

1024     4     2     4 
  32   256    16       
   8   128     8       
   4    32     4       
Score = 11536

[INFO] Chosen move: D

1024     4     2       
  32   256    16       
   8   128     8     2 
   4    32     4     4 
Score = 11536

[INFO] Chosen move: L

1024     4     2       
  32   256    16     2 
   8   128     8     2 
   4    32     8       
Score = 11544

[INFO] Chosen move: D

1024     4             
  32   256     2       
   8   128    16     2 
   4    32    16     4 
Score = 11564

[INFO] Chosen move: D

1024     4             
  32   256     2       
   8   128     2     2 
   4    32    32     4 
Score = 11596

[INFO] Chosen move: L

1024     4           2 
  32   256     2       
   8   128     4       
   4    64     4       
Score = 11664

[INFO] Chosen move: L

1024     4     2       
  32   256     2       
   8   128     4       
   4    64     4     2 
Score = 11664

[INFO] Chosen move: D

1024     4             
  32   256     2       
   8   128     4       
   4    64     8     2 
Score = 11676

[INFO] Chosen move: U

1024     4     2     2 
  32   256     4     4 
   8   128     8       
   4    64             
Score = 11676

[INFO] Chosen move: L

1024     4     4       
  32   256     8       
   8   128     8       
   4    64           2 
Score = 11688

[INFO] Chosen move: D

1024     4             
  32   256           4 
   8   128     4       
   4    64    16     2 
Score = 11704

[INFO] Chosen move: D

1024     4             
  32   256           2 
   8   128     4     4 
   4    64    16     2 
Score = 11704

[INFO] Chosen move: L

1024     4     2       
  32   256     2       
   8   128     8       
   4    64    16     2 
Score = 11712

[INFO] Chosen move: D

1024     4     2       
  32   256     4       
   8   128     8       
   4    64    16     2 
Score = 11716

[INFO] Chosen move: U

1024     4     2     2 
  32   256     4       
   8   128     8       
   4    64    16     2 
Score = 11716

[INFO] Chosen move: L

1024     4     4     2 
  32   256     4       
   8   128     8       
   4    64    16     2 
Score = 11720

[INFO] Chosen move: D

1024     4     2       
  32   256     8       
   8   128     8       
   4    64    16     4 
Score = 11732

[INFO] Chosen move: D

1024     4           2 
  32   256     2       
   8   128    16       
   4    64    16     4 
Score = 11748

[INFO] Chosen move: D

1024     4     2       
  32   256             
   8   128     2     2 
   4    64    32     4 
Score = 11780

[INFO] Chosen move: L

1024     4     2       
  32   256             
   8   128     4     2 
   4    64    32     4 
Score = 11784

[INFO] Chosen move: U

1024     4     2     2 
  32   256     4     4 
   8   128    32     4 
   4    64             
Score = 11784

[INFO] Chosen move: D

1024     4           2 
  32   256     2       
   8   128     4     2 
   4    64    32     8 
Score = 11792

[INFO] Chosen move: D

1024     4           4 
  32   256     2       
   8   128     4     4 
   4    64    32     8 
Score = 11796

[INFO] Chosen move: D

1024     4     2       
  32   256     2       
   8   128     4     8 
   4    64    32     8 
Score = 11804

[INFO] Chosen move: D

1024     4           4 
  32   256     4       
   8   128     4       
   4    64    32    16 
Score = 11824

[INFO] Chosen move: L

1024     8           4 
  32   256     4       
   8   128     4       
   4    64    32    16 
Score = 11832

[INFO] Chosen move: L

1024     8     4       
  32   256     4       
   8   128     4     2 
   4    64    32    16 
Score = 11832

[INFO] Chosen move: D

1024     8           2 
  32   256     4       
   8   128     8     2 
   4    64    32    16 
Score = 11840

[INFO] Chosen move: U

1024     8     4     4 
  32   256     8    16 
   8   128    32       
   4    64           2 
Score = 11844

[INFO] Chosen move: L

1024     8     8       
  32   256     8    16 
   8   128    32       
   4    64     2     2 
Score = 11852

[INFO] Chosen move: U

1024     8    16    16 
  32   256    32     2 
   8   128     2       
   4    64           2 
Score = 11868

[INFO] Chosen move: U

1024     8    16    16 
  32   256    32     4 
   8   128     2       
   4    64           2 
Score = 11872

[INFO] Chosen move: L

1024     8    32     2 
  32   256    32     4 
   8   128     2       
   4    64     2       
Score = 11904

[INFO] Chosen move: U

1024     8    64     2 
  32   256     4     4 
   8   128             
   4    64     2       
Score = 11972

[INFO] Chosen move: U

1024     8    64     2 
  32   256     4     4 
   8   128     2     4 
   4    64             
Score = 11972

[INFO] Chosen move: U

1024     8    64     2 
  32   256     4     8 
   8   128     2       
   4    64           2 
Score = 11980

[INFO] Chosen move: U

1024     8    64     2 
  32   256     4     8 
   8   128     2     2 
   4    64     4       
Score = 11980

[INFO] Chosen move: L

1024     8    64     2 
  32   256     4     8 
   8   128     4     2 
   4    64     4       
Score = 11984

[INFO] Chosen move: U

1024     8    64     2 
  32   256     8     8 
   8   128     4     2 
   4    64     2       
Score = 11992

[INFO] Chosen move: L

1024     8    64     2 
  32   256    16       
   8   128     4     2 
   4    64     2     4 
Score = 12008

[INFO] Chosen move: D

1024     8    64       
  32   256    16     4 
   8   128     4     4 
   4    64     2     4 
Score = 12012

[INFO] Chosen move: D

1024     8    64     4 
  32   256    16       
   8   128     4     4 
   4    64     2     8 
Score = 12020

[INFO] Chosen move: D

1024     8    64       
  32   256    16     4 
   8   128     4     8 
   4    64     2     8 
Score = 12028

[INFO] Chosen move: U

1024     8    64     4 
  32   256    16    16 
   8   128     4       
   4    64     2     4 
Score = 12044

[INFO] Chosen move: L

1024     8    64     4 
  32   256    32     4 
   8   128     4       
   4    64     2     4 
Score = 12076

[INFO] Chosen move: D

1024     8    64     2 
  32   256    32       
   8   128     4     4 
   4    64     2     8 
Score = 12084

[INFO] Chosen move: D

1024     8    64     2 
  32   256    32     2 
   8   128     4     4 
   4    64     2     8 
Score = 12084

[INFO] Chosen move: U

1024     8    64     4 
  32   256    32     4 
   8   128     4     8 
   4    64     2     2 
Score = 12088

[INFO] Chosen move: U

1024     8    64     8 
  32   256    32     8 
   8   128     4     2 
   4    64     2     4 
Score = 12096

[INFO] Chosen move: U

1024     8    64    16 
  32   256    32     2 
   8   128     4     4 
   4    64     2     2 
Score = 12112

[INFO] Chosen move: L

1024     8    64    16 
  32   256    32     2 
   8   128     8     2 
   4    64     4       
Score = 12124

[INFO] Chosen move: D

1024     8    64     4 
  32   256    32       
   8   128     8    16 
   4    64     4     4 
Score = 12128

[INFO] Chosen move: L

1024     8    64     4 
  32   256    32       
   8   128     8    16 
   4    64     8     2 
Score = 12136

[INFO] Chosen move: R

1024     8    64     4 
   2    32   256    32 
   8   128     8    16 
   4    64     8     2 
Score = 12136

[INFO] Chosen move: U

1024     8    64     4 
   2    32   256    32 
   8   128    16    16 
   4    64     2     2 
Score = 12152

[INFO] Chosen move: L

1024     8    64     4 
   2    32   256    32 
   8   128    32     2 
   4    64     4       
Score = 12188

[INFO] Chosen move: D

1024     8    64     4 
   2    32   256     4 
   8   128    32    32 
   4    64     4     2 
Score = 12188

[INFO] Chosen move: R

1024     8    64     4 
   2    32   256     4 
   2     8   128    64 
   4    64     4     2 
Score = 12252

[INFO] Chosen move: U

1024     8    64     8 
   4    32   256    64 
   4     8   128     2 
        64     4     2 
Score = 12264

[INFO] Chosen move: U

1024     8    64     8 
   8    32   256    64 
         8   128     4 
   4    64     4       
Score = 12276

[INFO] Chosen move: D

   4     8    64       
1024    32   256     8 
   8     8   128    64 
   4    64     4     4 
Score = 12276

[INFO] Chosen move: R

   4     4     8    64 
1024    32   256     8 
        16   128    64 
         4    64     8 
Score = 12300

[INFO] Chosen move: R

   4     8     8    64 
1024    32   256     8 
        16   128    64 
         4    64     8 
Score = 12308

[INFO] Chosen move: R

   2     4    16    64 
1024    32   256     8 
        16   128    64 
         4    64     8 
Score = 12324

[INFO] Chosen move: D

   2     4    16    64 
        32   256     8 
   2    16   128    64 
1024     4    64     8 
Score = 12324

[INFO] Chosen move: U

   4     4    16    64 
1024    32   256     8 
        16   128    64 
   2     4    64     8 
Score = 12328

[INFO] Chosen move: L

   8    16    64     2 
1024    32   256     8 
  16   128    64       
   2     4    64     8 
Score = 12336

[INFO] Chosen move: D

   8    16     4       
1024    32    64       
  16   128   256     2 
   2     4   128    16 
Score = 12480

[INFO] Chosen move: R

   2     8    16     4 
      1024    32    64 
  16   128   256     2 
   2     4   128    16 
Score = 12480

[INFO] Chosen move: U

   2     8    16     4 
  16  1024    32    64 
   2   128   256     2 
   4     4   128    16 
Score = 12480

[INFO] Chosen move: L

   2     8    16     4 
  16  1024    32    64 
   2   128   256     2 
   8   128    16     2 
Score = 12488

[INFO] Chosen move: U

   2     8    16     4 
  16  1024    32    64 
   2   256   256     4 
   8     4    16       
Score = 12748

[INFO] Chosen move: R

   2     8    16     4 
  16  1024    32    64 
   2     2   512     4 
         8     4    16 
Score = 13260

[INFO] Chosen move: R

   2     8    16     4 
  16  1024    32    64 
         4   512     4 
   2     8     4    16 
Score = 13264

[INFO] Chosen move: L

   2     8    16     4 
  16  1024    32    64 
   4   512     4     4 
   2     8     4    16 
Score = 13264

[INFO] Chosen move: D

   2     8     4     4 
  16  1024    16    64 
   4   512    32     4 
   2     8     8    16 
Score = 13272

[INFO] Chosen move: R

   4     2     8     8 
  16  1024    16    64 
   4   512    32     4 
         2    16    16 
Score = 13296

[INFO] Chosen move: L

   4     2    16     2 
  16  1024    16    64 
   4   512    32     4 
   2    32             
Score = 13344

[INFO] Chosen move: D

   4     2     2       
  16  1024           2 
   4   512    32    64 
   2    32    32     4 
Score = 13376

[INFO] Chosen move: L

   4     4             
  16  1024     2       
   4   512    32    64 
   2    64     4     2 
Score = 13444

[INFO] Chosen move: L

   8                 4 
  16  1024     2       
   4   512    32    64 
   2    64     4     2 
Score = 13452

[INFO] Chosen move: U

   8  1024     2     4 
  16   512    32    64 
   4    64     4     2 
   2           2       
Score = 13452

[INFO] Chosen move: L

   8  1024     2     4 
  16   512    32    64 
   4    64     4     2 
   4     2             
Score = 13456

[INFO] Chosen move: D

   2  1024             
   8   512     2     4 
  16    64    32    64 
   8     2     4     2 
Score = 13464

[INFO] Chosen move: U

   2  1024     2     4 
   8   512    32    64 
  16    64     4     2 
   8     2     2       
Score = 13464

[INFO] Chosen move: D

   2  1024     2     2 
   8   512    32     4 
  16    64     4    64 
   8     2     2     2 
Score = 13464

[INFO] Chosen move: L

   2  1024     4     4 
   8   512    32     4 
  16    64     4    64 
   8     4     2       
Score = 13472

[INFO] Chosen move: R

   2     2  1024     8 
   8   512    32     4 
  16    64     4    64 
         8     4     2 
Score = 13480

[INFO] Chosen move: L

   4  1024     8     2 
   8   512    32     4 
  16    64     4    64 
   8     4     2       
Score = 13484

[INFO] Chosen move: R

   4  1024     8     2 
   8   512    32     4 
  16    64     4    64 
   2     8     4     2 
Score = 13484

[INFO] Chosen move: D

   4  1024     2     2 
   8   512     8     4 
  16    64    32    64 
   2     8     8     2 
Score = 13492

[INFO] Chosen move: L

   4  1024     4     2 
   8   512     8     4 
  16    64    32    64 
   2    16     2       
Score = 13512

[INFO] Chosen move: D

   4  1024     4     4 
   8   512     8     2 
  16    64    32     4 
   2    16     2    64 
Score = 13512

[INFO] Chosen move: L

   4  1024     8     2 
   8   512     8     2 
  16    64    32     4 
   2    16     2    64 
Score = 13520

[INFO] Chosen move: U

   4  1024    16     4 
   8   512    32     4 
  16    64     2    64 
   2    16     2       
Score = 13540

[INFO] Chosen move: R

   4  1024    16     4 
   8   512    32     4 
  16    64     2    64 
   4     2    16     2 
Score = 13540

[INFO] Chosen move: U

   4  1024    16     8 
   8   512    32    64 
  16    64     2     2 
   4     2    16     2 
Score = 13548

[INFO] Chosen move: L

   4  1024    16     8 
   8   512    32    64 
  16    64     4     2 
   4     2    16     2 
Score = 13552

[INFO] Chosen move: U

   4  1024    16     8 
   8   512    32    64 
  16    64     4     4 
   4     2    16     2 
Score = 13556

[INFO] Chosen move: L

   4  1024    16     8 
   8   512    32    64 
  16    64     8     4 
   4     2    16     2 
Score = 13564
